GNU 13.2.0 is now loaded
Loading module for CUDA 11.8
CUDA 11.8 is now loaded
Loading module for Machine Learning 2024.01
Machine Learning 2024.01 is now loaded

Loading machine_learning/2024.01
  Loading requirement: gcc/13.2.0 cuda/11.8
Loading module for pytorch 2.0
pytorch 2.0 is now loaded
Epoch 0/119, Loss: 1.5022, Acc: 0.4843
Validation Acc: 0.4520
Epoch 1/119, Loss: 1.0324, Acc: 0.6236
Validation Acc: 0.5726
Epoch 2/119, Loss: 0.8932, Acc: 0.6693
Validation Acc: 0.5884
Epoch 3/119, Loss: 0.8020, Acc: 0.6984
Validation Acc: 0.5987
Epoch 4/119, Loss: 0.7370, Acc: 0.7231
Validation Acc: 0.6787
Epoch 5/119, Loss: 0.6819, Acc: 0.7413
Validation Acc: 0.6935
Epoch 6/119, Loss: 0.6352, Acc: 0.7601
Validation Acc: 0.6915
Epoch 7/119, Loss: 0.5988, Acc: 0.7742
Validation Acc: 0.6620
Epoch 8/119, Loss: 0.5653, Acc: 0.7854
Validation Acc: 0.6861
Epoch 9/119, Loss: 0.5189, Acc: 0.8020
Validation Acc: 0.6499
Epoch 10/119, Loss: 0.4892, Acc: 0.8143
Validation Acc: 0.4657
Epoch 11/119, Loss: 0.4496, Acc: 0.8278
Validation Acc: 0.6647
Epoch 12/119, Loss: 0.4182, Acc: 0.8394
Validation Acc: 0.5317
Epoch 13/119, Loss: 0.3844, Acc: 0.8535
Validation Acc: 0.7247
Epoch 14/119, Loss: 0.3548, Acc: 0.8663
Validation Acc: 0.6915
Epoch 15/119, Loss: 0.3202, Acc: 0.8809
Validation Acc: 0.7473
Epoch 16/119, Loss: 0.3016, Acc: 0.8890
Validation Acc: 0.7104
Epoch 17/119, Loss: 0.2734, Acc: 0.8983
Validation Acc: 0.6489
Epoch 18/119, Loss: 0.2569, Acc: 0.9062
Validation Acc: 0.6432
Epoch 19/119, Loss: 0.2351, Acc: 0.9139
Validation Acc: 0.5432
Epoch 20/119, Loss: 0.2213, Acc: 0.9200
Validation Acc: 0.5416
Epoch 21/119, Loss: 0.2039, Acc: 0.9270
Validation Acc: 0.6139
Epoch 22/119, Loss: 0.1925, Acc: 0.9316
Validation Acc: 0.7005
Epoch 23/119, Loss: 0.1830, Acc: 0.9344
Validation Acc: 0.6989
Epoch 24/119, Loss: 0.1748, Acc: 0.9387
Validation Acc: 0.6668
Epoch 25/119, Loss: 0.1635, Acc: 0.9437
Validation Acc: 0.5795
Epoch 26/119, Loss: 0.1559, Acc: 0.9464
Validation Acc: 0.6288
Epoch 27/119, Loss: 0.1602, Acc: 0.9453
Validation Acc: 0.6065
Epoch 28/119, Loss: 0.1446, Acc: 0.9500
Validation Acc: 0.6228
Epoch 29/119, Loss: 0.1472, Acc: 0.9500
Validation Acc: 0.6609
Epoch 30/119, Loss: 0.1388, Acc: 0.9527
Validation Acc: 0.7136
Epoch 31/119, Loss: 0.1359, Acc: 0.9535
Validation Acc: 0.7107
Epoch 32/119, Loss: 0.1364, Acc: 0.9546
Validation Acc: 0.6835
Epoch 33/119, Loss: 0.1257, Acc: 0.9571
Validation Acc: 0.7163
Epoch 34/119, Loss: 0.1235, Acc: 0.9586
Validation Acc: 0.6629
Epoch 35/119, Loss: 0.1208, Acc: 0.9598
Validation Acc: 0.6040
Epoch 36/119, Loss: 0.1157, Acc: 0.9613
Validation Acc: 0.6704
Epoch 37/119, Loss: 0.1165, Acc: 0.9618
Validation Acc: 0.6974
Epoch 38/119, Loss: 0.1248, Acc: 0.9598
Validation Acc: 0.7305
Epoch 39/119, Loss: 0.1153, Acc: 0.9611
Validation Acc: 0.6671
Epoch 40/119, Loss: 0.1107, Acc: 0.9636
Validation Acc: 0.6734
Epoch 41/119, Loss: 0.1043, Acc: 0.9643
Validation Acc: 0.7081
Epoch 42/119, Loss: 0.1054, Acc: 0.9657
Validation Acc: 0.7092
Epoch 43/119, Loss: 0.1052, Acc: 0.9651
Validation Acc: 0.6284
Epoch 44/119, Loss: 0.1062, Acc: 0.9656
Validation Acc: 0.6364
Epoch 45/119, Loss: 0.0955, Acc: 0.9684
Validation Acc: 0.6859
Epoch 46/119, Loss: 0.1031, Acc: 0.9664
Validation Acc: 0.6915
Epoch 47/119, Loss: 0.0971, Acc: 0.9686
Validation Acc: 0.6576
Epoch 48/119, Loss: 0.1070, Acc: 0.9662
Validation Acc: 0.7138
Epoch 49/119, Loss: 0.0885, Acc: 0.9713
Validation Acc: 0.7096
Epoch 50/119, Loss: 0.1001, Acc: 0.9673
Validation Acc: 0.7145
Epoch 51/119, Loss: 0.0845, Acc: 0.9729
Validation Acc: 0.6714
Epoch 52/119, Loss: 0.0941, Acc: 0.9692
Validation Acc: 0.6586
Epoch 53/119, Loss: 0.0888, Acc: 0.9719
Validation Acc: 0.7046
Epoch 54/119, Loss: 0.0876, Acc: 0.9724
Validation Acc: 0.7027
Epoch 55/119, Loss: 0.0882, Acc: 0.9722
Validation Acc: 0.6901
Epoch 56/119, Loss: 0.0927, Acc: 0.9707
Validation Acc: 0.6686
Epoch 57/119, Loss: 0.0870, Acc: 0.9726
Validation Acc: 0.6982
Epoch 58/119, Loss: 0.0905, Acc: 0.9724
Validation Acc: 0.6907
Epoch 59/119, Loss: 0.0837, Acc: 0.9725
Validation Acc: 0.6918
Epoch 60/119, Loss: 0.0805, Acc: 0.9742
Validation Acc: 0.7007
Epoch 61/119, Loss: 0.0751, Acc: 0.9758
Validation Acc: 0.7270
Epoch 62/119, Loss: 0.0829, Acc: 0.9737
Validation Acc: 0.6372
Epoch 63/119, Loss: 0.0875, Acc: 0.9722
Validation Acc: 0.7015
Epoch 64/119, Loss: 0.0785, Acc: 0.9753
Validation Acc: 0.5519
Epoch 65/119, Loss: 0.0772, Acc: 0.9750
Validation Acc: 0.6937
Epoch 66/119, Loss: 0.0784, Acc: 0.9755
Validation Acc: 0.6619
Epoch 67/119, Loss: 0.0777, Acc: 0.9749
Validation Acc: 0.7135
Epoch 68/119, Loss: 0.0796, Acc: 0.9763
Validation Acc: 0.6363
Epoch 69/119, Loss: 0.0767, Acc: 0.9764
Validation Acc: 0.6549
Epoch 70/119, Loss: 0.0752, Acc: 0.9768
Validation Acc: 0.6985
Epoch 71/119, Loss: 0.0743, Acc: 0.9765
Validation Acc: 0.7116
Epoch 72/119, Loss: 0.0775, Acc: 0.9761
Validation Acc: 0.6992
Epoch 73/119, Loss: 0.0736, Acc: 0.9768
Validation Acc: 0.7025
Epoch 74/119, Loss: 0.0732, Acc: 0.9775
Validation Acc: 0.6797
Epoch 75/119, Loss: 0.0762, Acc: 0.9766
Validation Acc: 0.7155
Epoch 76/119, Loss: 0.0687, Acc: 0.9785
Validation Acc: 0.6136
Epoch 77/119, Loss: 0.0754, Acc: 0.9767
Validation Acc: 0.7008
Epoch 78/119, Loss: 0.0723, Acc: 0.9780
Validation Acc: 0.7096
Epoch 79/119, Loss: 0.0645, Acc: 0.9808
Validation Acc: 0.6918
Epoch 80/119, Loss: 0.0708, Acc: 0.9778
Validation Acc: 0.7075
Epoch 81/119, Loss: 0.0652, Acc: 0.9802
Validation Acc: 0.6502
Epoch 82/119, Loss: 0.0695, Acc: 0.9795
Validation Acc: 0.6067
Epoch 83/119, Loss: 0.0654, Acc: 0.9795
Validation Acc: 0.6982
Epoch 84/119, Loss: 0.0668, Acc: 0.9800
Validation Acc: 0.6892
Epoch 85/119, Loss: 0.0736, Acc: 0.9790
Validation Acc: 0.6826
Epoch 86/119, Loss: 0.0664, Acc: 0.9799
Validation Acc: 0.6449
Epoch 87/119, Loss: 0.0679, Acc: 0.9794
Validation Acc: 0.6819
Epoch 88/119, Loss: 0.0664, Acc: 0.9805
Validation Acc: 0.6550
Epoch 89/119, Loss: 0.0638, Acc: 0.9812
Validation Acc: 0.7097
Epoch 90/119, Loss: 0.0695, Acc: 0.9798
Validation Acc: 0.7170
Epoch 91/119, Loss: 0.0639, Acc: 0.9811
Validation Acc: 0.6704
Epoch 92/119, Loss: 0.0593, Acc: 0.9824
Validation Acc: 0.7100
Epoch 93/119, Loss: 0.0640, Acc: 0.9811
Validation Acc: 0.6647
Epoch 94/119, Loss: 0.0667, Acc: 0.9807
Validation Acc: 0.6801
Epoch 95/119, Loss: 0.0627, Acc: 0.9809
Validation Acc: 0.6491
Epoch 96/119, Loss: 0.0651, Acc: 0.9810
Validation Acc: 0.7166
Epoch 97/119, Loss: 0.0577, Acc: 0.9821
Validation Acc: 0.6861
Epoch 98/119, Loss: 0.0701, Acc: 0.9801
Validation Acc: 0.7169
Epoch 99/119, Loss: 0.0625, Acc: 0.9824
Validation Acc: 0.6921
Epoch 100/119, Loss: 0.0584, Acc: 0.9830
Validation Acc: 0.7098
Epoch 101/119, Loss: 0.0664, Acc: 0.9807
Validation Acc: 0.7044
Epoch 102/119, Loss: 0.0513, Acc: 0.9842
Validation Acc: 0.6653
Epoch 103/119, Loss: 0.0629, Acc: 0.9828
Validation Acc: 0.7105
Epoch 104/119, Loss: 0.0647, Acc: 0.9817
Validation Acc: 0.7156
Epoch 105/119, Loss: 0.0591, Acc: 0.9828
Validation Acc: 0.6237
Epoch 106/119, Loss: 0.0591, Acc: 0.9826
Validation Acc: 0.7148
Epoch 107/119, Loss: 0.0649, Acc: 0.9807
Validation Acc: 0.6503
Epoch 108/119, Loss: 0.0591, Acc: 0.9831
Validation Acc: 0.6686
Epoch 109/119, Loss: 0.0563, Acc: 0.9842
Validation Acc: 0.6788
Epoch 110/119, Loss: 0.0592, Acc: 0.9828
Validation Acc: 0.6846
Epoch 111/119, Loss: 0.0641, Acc: 0.9814
Validation Acc: 0.7160
Epoch 112/119, Loss: 0.0568, Acc: 0.9841
Validation Acc: 0.7228
Epoch 113/119, Loss: 0.0561, Acc: 0.9837
Validation Acc: 0.7282
Epoch 114/119, Loss: 0.0600, Acc: 0.9829
Validation Acc: 0.7213
Epoch 115/119, Loss: 0.0536, Acc: 0.9848
Validation Acc: 0.6851
Epoch 116/119, Loss: 0.0562, Acc: 0.9845
Validation Acc: 0.7141
Epoch 117/119, Loss: 0.0592, Acc: 0.9830
Validation Acc: 0.6714
Epoch 118/119, Loss: 0.0587, Acc: 0.9834
Validation Acc: 0.7283
Epoch 119/119, Loss: 0.0506, Acc: 0.9853
Validation Acc: 0.7040
Best Validation Accuracy: 0.7473
Accuracy: 0.7378
Precision: 0.7419
Recall: 0.7378
F1-Score: 0.7375
Confusion Matrix:
[[326   0   2 ...   0   0   0]
 [  0 305   0 ...   0   0   0]
 [  1   0 661 ...   0   1   0]
 ...
 [  0   0   2 ... 486   0  24]
 [  0   0   0 ...   0 444   1]
 [  0   1   0 ...  10   0 217]]
/sw/rl9g/pytorch-2.0/conda3env/env/lib/python3.8/site-packages/torch/distributed/launch.py:181: FutureWarning: The module torch.distributed.launch is deprecated
and will be removed in future. Use torchrun.
Note that --use-env is set by default in torchrun.
If your script expects `--local-rank` argument to be set, please
change it to read from `os.environ['LOCAL_RANK']` instead. See 
https://pytorch.org/docs/stable/distributed.html#launch-utility for 
further instructions

  warnings.warn(
