GNU 13.2.0 is now loaded
Loading module for CUDA 11.8
CUDA 11.8 is now loaded
Loading module for Machine Learning 2024.01
Machine Learning 2024.01 is now loaded

Loading machine_learning/2024.01
  Loading requirement: gcc/13.2.0 cuda/11.8
Loading module for pytorch 2.0
pytorch 2.0 is now loaded
Epoch 0/119, Loss: 1.5081, Acc: 0.4835
Validation Acc: 0.4061
Epoch 1/119, Loss: 1.0160, Acc: 0.6260
Validation Acc: 0.5275
Epoch 2/119, Loss: 0.8676, Acc: 0.6766
Validation Acc: 0.4719
Epoch 3/119, Loss: 0.7727, Acc: 0.7078
Validation Acc: 0.4965
Epoch 4/119, Loss: 0.7189, Acc: 0.7298
Validation Acc: 0.6954
Epoch 5/119, Loss: 0.6726, Acc: 0.7466
Validation Acc: 0.7042
Epoch 6/119, Loss: 0.6274, Acc: 0.7626
Validation Acc: 0.7033
Epoch 7/119, Loss: 0.5894, Acc: 0.7752
Validation Acc: 0.5133
Epoch 8/119, Loss: 0.5493, Acc: 0.7903
Validation Acc: 0.6372
Epoch 9/119, Loss: 0.5137, Acc: 0.8040
Validation Acc: 0.5295
Epoch 10/119, Loss: 0.4801, Acc: 0.8162
Validation Acc: 0.6889
Epoch 11/119, Loss: 0.4427, Acc: 0.8312
Validation Acc: 0.6443
Epoch 12/119, Loss: 0.4072, Acc: 0.8443
Validation Acc: 0.6903
Epoch 13/119, Loss: 0.3724, Acc: 0.8594
Validation Acc: 0.5998
Epoch 14/119, Loss: 0.3389, Acc: 0.8712
Validation Acc: 0.7095
Epoch 15/119, Loss: 0.3181, Acc: 0.8805
Validation Acc: 0.6965
Epoch 16/119, Loss: 0.2849, Acc: 0.8941
Validation Acc: 0.5962
Epoch 17/119, Loss: 0.2683, Acc: 0.9009
Validation Acc: 0.6391
Epoch 18/119, Loss: 0.2467, Acc: 0.9107
Validation Acc: 0.7359
Epoch 19/119, Loss: 0.2257, Acc: 0.9182
Validation Acc: 0.5967
Epoch 20/119, Loss: 0.2171, Acc: 0.9213
Validation Acc: 0.6606
Epoch 21/119, Loss: 0.2000, Acc: 0.9276
Validation Acc: 0.6834
Epoch 22/119, Loss: 0.1892, Acc: 0.9333
Validation Acc: 0.6672
Epoch 23/119, Loss: 0.1854, Acc: 0.9348
Validation Acc: 0.6479
Epoch 24/119, Loss: 0.1702, Acc: 0.9400
Validation Acc: 0.6139
Epoch 25/119, Loss: 0.1639, Acc: 0.9432
Validation Acc: 0.6880
Epoch 26/119, Loss: 0.1585, Acc: 0.9453
Validation Acc: 0.7208
Epoch 27/119, Loss: 0.1580, Acc: 0.9455
Validation Acc: 0.6198
Epoch 28/119, Loss: 0.1489, Acc: 0.9497
Validation Acc: 0.6508
Epoch 29/119, Loss: 0.1415, Acc: 0.9518
Validation Acc: 0.6766
Epoch 30/119, Loss: 0.1403, Acc: 0.9529
Validation Acc: 0.7101
Epoch 31/119, Loss: 0.1335, Acc: 0.9541
Validation Acc: 0.6159
Epoch 32/119, Loss: 0.1305, Acc: 0.9555
Validation Acc: 0.5263
Epoch 33/119, Loss: 0.1305, Acc: 0.9556
Validation Acc: 0.6786
Epoch 34/119, Loss: 0.1216, Acc: 0.9581
Validation Acc: 0.6294
Epoch 35/119, Loss: 0.1268, Acc: 0.9571
Validation Acc: 0.6711
Epoch 36/119, Loss: 0.1105, Acc: 0.9633
Validation Acc: 0.6667
Epoch 37/119, Loss: 0.1232, Acc: 0.9591
Validation Acc: 0.6557
Epoch 38/119, Loss: 0.1154, Acc: 0.9615
Validation Acc: 0.6756
Epoch 39/119, Loss: 0.1110, Acc: 0.9631
Validation Acc: 0.6069
Epoch 40/119, Loss: 0.1107, Acc: 0.9634
Validation Acc: 0.6257
Epoch 41/119, Loss: 0.1073, Acc: 0.9643
Validation Acc: 0.6272
Epoch 42/119, Loss: 0.1093, Acc: 0.9633
Validation Acc: 0.7167
Epoch 43/119, Loss: 0.1033, Acc: 0.9663
Validation Acc: 0.6142
Epoch 44/119, Loss: 0.1020, Acc: 0.9666
Validation Acc: 0.6973
Epoch 45/119, Loss: 0.0990, Acc: 0.9666
Validation Acc: 0.6687
Epoch 46/119, Loss: 0.1033, Acc: 0.9672
Validation Acc: 0.6779
Epoch 47/119, Loss: 0.0971, Acc: 0.9680
Validation Acc: 0.7084
Epoch 48/119, Loss: 0.1471, Acc: 0.9521
Validation Acc: 0.7234
Epoch 49/119, Loss: 0.0977, Acc: 0.9668
Validation Acc: 0.7192
Epoch 50/119, Loss: 0.0594, Acc: 0.9804
Validation Acc: 0.7425
Epoch 51/119, Loss: 0.0736, Acc: 0.9759
Validation Acc: 0.6990
Epoch 52/119, Loss: 0.0836, Acc: 0.9732
Validation Acc: 0.6684
Epoch 53/119, Loss: 0.0921, Acc: 0.9706
Validation Acc: 0.7077
Epoch 54/119, Loss: 0.0991, Acc: 0.9682
Validation Acc: 0.5986
Epoch 55/119, Loss: 0.0945, Acc: 0.9697
Validation Acc: 0.7136
Epoch 56/119, Loss: 0.0907, Acc: 0.9723
Validation Acc: 0.6167
Epoch 57/119, Loss: 0.0850, Acc: 0.9721
Validation Acc: 0.6037
Epoch 58/119, Loss: 0.0902, Acc: 0.9712
Validation Acc: 0.6208
Epoch 59/119, Loss: 0.0810, Acc: 0.9733
Validation Acc: 0.6979
Epoch 60/119, Loss: 0.0887, Acc: 0.9720
Validation Acc: 0.6109
Epoch 61/119, Loss: 0.0906, Acc: 0.9722
Validation Acc: 0.7109
Epoch 62/119, Loss: 0.0724, Acc: 0.9767
Validation Acc: 0.7088
Epoch 63/119, Loss: 0.0830, Acc: 0.9735
Validation Acc: 0.7144
Epoch 64/119, Loss: 0.0775, Acc: 0.9752
Validation Acc: 0.7250
Epoch 65/119, Loss: 0.0798, Acc: 0.9753
Validation Acc: 0.7181
Epoch 66/119, Loss: 0.0794, Acc: 0.9746
Validation Acc: 0.6691
Epoch 67/119, Loss: 0.0749, Acc: 0.9768
Validation Acc: 0.6549
Epoch 68/119, Loss: 0.0826, Acc: 0.9747
Validation Acc: 0.6794
Epoch 69/119, Loss: 0.0728, Acc: 0.9769
Validation Acc: 0.5879
Epoch 70/119, Loss: 0.0776, Acc: 0.9764
Validation Acc: 0.7323
Epoch 71/119, Loss: 0.0769, Acc: 0.9768
Validation Acc: 0.6912
Epoch 72/119, Loss: 0.0769, Acc: 0.9757
Validation Acc: 0.6620
Epoch 73/119, Loss: 0.0769, Acc: 0.9761
Validation Acc: 0.6422
Epoch 74/119, Loss: 0.0714, Acc: 0.9774
Validation Acc: 0.7162
Epoch 75/119, Loss: 0.0726, Acc: 0.9773
Validation Acc: 0.5904
Epoch 76/119, Loss: 0.0700, Acc: 0.9782
Validation Acc: 0.6813
Epoch 77/119, Loss: 0.0744, Acc: 0.9783
Validation Acc: 0.6673
Epoch 78/119, Loss: 0.0689, Acc: 0.9793
Validation Acc: 0.7100
Epoch 79/119, Loss: 0.0732, Acc: 0.9773
Validation Acc: 0.6796
Epoch 80/119, Loss: 0.0687, Acc: 0.9790
Validation Acc: 0.6939
Epoch 81/119, Loss: 0.0735, Acc: 0.9777
Validation Acc: 0.6863
Epoch 82/119, Loss: 0.0677, Acc: 0.9796
Validation Acc: 0.6937
Epoch 83/119, Loss: 0.0688, Acc: 0.9791
Validation Acc: 0.7334
Epoch 84/119, Loss: 0.0686, Acc: 0.9789
Validation Acc: 0.7111
Epoch 85/119, Loss: 0.0683, Acc: 0.9796
Validation Acc: 0.7219
Epoch 86/119, Loss: 0.0648, Acc: 0.9798
Validation Acc: 0.7051
Epoch 87/119, Loss: 0.0672, Acc: 0.9796
Validation Acc: 0.6857
Epoch 88/119, Loss: 0.0655, Acc: 0.9810
Validation Acc: 0.6990
Epoch 89/119, Loss: 0.0701, Acc: 0.9793
Validation Acc: 0.6857
Epoch 90/119, Loss: 0.0653, Acc: 0.9808
Validation Acc: 0.6851
Epoch 91/119, Loss: 0.0659, Acc: 0.9807
Validation Acc: 0.7201
Epoch 92/119, Loss: 0.0639, Acc: 0.9803
Validation Acc: 0.7112
Epoch 93/119, Loss: 0.0639, Acc: 0.9812
Validation Acc: 0.7023
Epoch 94/119, Loss: 0.0637, Acc: 0.9815
Validation Acc: 0.7113
Epoch 95/119, Loss: 0.0605, Acc: 0.9816
Validation Acc: 0.6397
Epoch 96/119, Loss: 0.0612, Acc: 0.9814
Validation Acc: 0.6701
Epoch 97/119, Loss: 0.0604, Acc: 0.9821
Validation Acc: 0.6678
Epoch 98/119, Loss: 0.0684, Acc: 0.9801
Validation Acc: 0.5717
Epoch 99/119, Loss: 0.0647, Acc: 0.9814
Validation Acc: 0.6961
Epoch 100/119, Loss: 0.0526, Acc: 0.9837
Validation Acc: 0.6578
Epoch 101/119, Loss: 0.0655, Acc: 0.9809
Validation Acc: 0.7202
Epoch 102/119, Loss: 0.0610, Acc: 0.9824
Validation Acc: 0.7217
Epoch 103/119, Loss: 0.0618, Acc: 0.9820
Validation Acc: 0.7106
Epoch 104/119, Loss: 0.0571, Acc: 0.9830
Validation Acc: 0.7058
Epoch 105/119, Loss: 0.0659, Acc: 0.9814
Validation Acc: 0.7225
Epoch 106/119, Loss: 0.0522, Acc: 0.9839
Validation Acc: 0.6852
Epoch 107/119, Loss: 0.0606, Acc: 0.9824
Validation Acc: 0.6976
Epoch 108/119, Loss: 0.0620, Acc: 0.9822
Validation Acc: 0.7072
Epoch 109/119, Loss: 0.0555, Acc: 0.9843
Validation Acc: 0.6742
Epoch 110/119, Loss: 0.0620, Acc: 0.9817
Validation Acc: 0.6332
Epoch 111/119, Loss: 0.0570, Acc: 0.9832
Validation Acc: 0.7327
Epoch 112/119, Loss: 0.0563, Acc: 0.9837
Validation Acc: 0.7172
Epoch 113/119, Loss: 0.0578, Acc: 0.9839
Validation Acc: 0.7005
Epoch 114/119, Loss: 0.0589, Acc: 0.9828
Validation Acc: 0.6920
Epoch 115/119, Loss: 0.0508, Acc: 0.9851
Validation Acc: 0.7076
Epoch 116/119, Loss: 0.0570, Acc: 0.9837
Validation Acc: 0.7281
Epoch 117/119, Loss: 0.0596, Acc: 0.9832
Validation Acc: 0.7006
Epoch 118/119, Loss: 0.0530, Acc: 0.9846
Validation Acc: 0.6707
Epoch 119/119, Loss: 0.0553, Acc: 0.9848
Validation Acc: 0.7318
Best Validation Accuracy: 0.7425
Accuracy: 0.7385
Precision: 0.7358
Recall: 0.7385
F1-Score: 0.7344
Confusion Matrix:
[[334   0   0 ...   0   0   0]
 [  0 294   0 ...   0   0   0]
 [  3   0 681 ...   0   1   0]
 ...
 [  0   0   3 ... 574   0   9]
 [  0   0   0 ...   0 488   1]
 [  0   1   1 ...  24   0 147]]
/sw/rl9g/pytorch-2.0/conda3env/env/lib/python3.8/site-packages/torch/distributed/launch.py:181: FutureWarning: The module torch.distributed.launch is deprecated
and will be removed in future. Use torchrun.
Note that --use-env is set by default in torchrun.
If your script expects `--local-rank` argument to be set, please
change it to read from `os.environ['LOCAL_RANK']` instead. See 
https://pytorch.org/docs/stable/distributed.html#launch-utility for 
further instructions

  warnings.warn(
