GNU 13.2.0 is now loaded
Loading module for CUDA 11.8
CUDA 11.8 is now loaded
Loading module for Machine Learning 2024.01
Machine Learning 2024.01 is now loaded

Loading machine_learning/2024.01
  Loading requirement: gcc/13.2.0 cuda/11.8
Loading module for pytorch 2.0
pytorch 2.0 is now loaded
Epoch 0/119, Loss: 1.5065, Acc: 0.4826
Validation Acc: 0.4198
Epoch 1/119, Loss: 1.0264, Acc: 0.6227
Validation Acc: 0.4959
Epoch 2/119, Loss: 0.8699, Acc: 0.6758
Validation Acc: 0.5766
Epoch 3/119, Loss: 0.7861, Acc: 0.7068
Validation Acc: 0.4246
Epoch 4/119, Loss: 0.7223, Acc: 0.7265
Validation Acc: 0.6347
Epoch 5/119, Loss: 0.6672, Acc: 0.7496
Validation Acc: 0.6436
Epoch 6/119, Loss: 0.6270, Acc: 0.7631
Validation Acc: 0.6886
Epoch 7/119, Loss: 0.5883, Acc: 0.7762
Validation Acc: 0.5794
Epoch 8/119, Loss: 0.5481, Acc: 0.7919
Validation Acc: 0.5326
Epoch 9/119, Loss: 0.5091, Acc: 0.8058
Validation Acc: 0.5345
Epoch 10/119, Loss: 0.4744, Acc: 0.8192
Validation Acc: 0.5886
Epoch 11/119, Loss: 0.4351, Acc: 0.8336
Validation Acc: 0.6960
Epoch 12/119, Loss: 0.4000, Acc: 0.8495
Validation Acc: 0.5733
Epoch 13/119, Loss: 0.3718, Acc: 0.8589
Validation Acc: 0.7252
Epoch 14/119, Loss: 0.3416, Acc: 0.8715
Validation Acc: 0.6400
Epoch 15/119, Loss: 0.3075, Acc: 0.8852
Validation Acc: 0.6863
Epoch 16/119, Loss: 0.2885, Acc: 0.8939
Validation Acc: 0.7166
Epoch 17/119, Loss: 0.2630, Acc: 0.9034
Validation Acc: 0.6023
Epoch 18/119, Loss: 0.2471, Acc: 0.9096
Validation Acc: 0.6929
Epoch 19/119, Loss: 0.2235, Acc: 0.9186
Validation Acc: 0.7175
Epoch 20/119, Loss: 0.2154, Acc: 0.9220
Validation Acc: 0.6810
Epoch 21/119, Loss: 0.1920, Acc: 0.9304
Validation Acc: 0.6495
Epoch 22/119, Loss: 0.1870, Acc: 0.9330
Validation Acc: 0.6999
Epoch 23/119, Loss: 0.1790, Acc: 0.9368
Validation Acc: 0.6412
Epoch 24/119, Loss: 0.1675, Acc: 0.9418
Validation Acc: 0.6952
Epoch 25/119, Loss: 0.1669, Acc: 0.9422
Validation Acc: 0.5858
Epoch 26/119, Loss: 0.1569, Acc: 0.9462
Validation Acc: 0.6888
Epoch 27/119, Loss: 0.1513, Acc: 0.9487
Validation Acc: 0.6980
Epoch 28/119, Loss: 0.1462, Acc: 0.9495
Validation Acc: 0.7071
Epoch 29/119, Loss: 0.1395, Acc: 0.9520
Validation Acc: 0.7126
Epoch 30/119, Loss: 0.1433, Acc: 0.9505
Validation Acc: 0.7030
Epoch 31/119, Loss: 0.1368, Acc: 0.9531
Validation Acc: 0.7047
Epoch 32/119, Loss: 0.1260, Acc: 0.9573
Validation Acc: 0.6318
Epoch 33/119, Loss: 0.1301, Acc: 0.9569
Validation Acc: 0.6533
Epoch 34/119, Loss: 0.1258, Acc: 0.9577
Validation Acc: 0.5557
Epoch 35/119, Loss: 0.1195, Acc: 0.9599
Validation Acc: 0.6614
Epoch 36/119, Loss: 0.1155, Acc: 0.9611
Validation Acc: 0.7248
Epoch 37/119, Loss: 0.1182, Acc: 0.9613
Validation Acc: 0.6918
Epoch 38/119, Loss: 0.1164, Acc: 0.9615
Validation Acc: 0.7094
Epoch 39/119, Loss: 0.1144, Acc: 0.9621
Validation Acc: 0.6779
Epoch 40/119, Loss: 0.1060, Acc: 0.9643
Validation Acc: 0.5841
Epoch 41/119, Loss: 0.1028, Acc: 0.9661
Validation Acc: 0.6723
Epoch 42/119, Loss: 0.1071, Acc: 0.9649
Validation Acc: 0.6995
Epoch 43/119, Loss: 0.1010, Acc: 0.9667
Validation Acc: 0.6520
Epoch 44/119, Loss: 0.1029, Acc: 0.9670
Validation Acc: 0.6803
Epoch 45/119, Loss: 0.1022, Acc: 0.9655
Validation Acc: 0.6899
Epoch 46/119, Loss: 0.0984, Acc: 0.9684
Validation Acc: 0.6839
Epoch 47/119, Loss: 0.0924, Acc: 0.9701
Validation Acc: 0.6215
Epoch 48/119, Loss: 0.1027, Acc: 0.9654
Validation Acc: 0.6669
Epoch 49/119, Loss: 0.0954, Acc: 0.9687
Validation Acc: 0.6429
Epoch 50/119, Loss: 0.0912, Acc: 0.9719
Validation Acc: 0.6731
Epoch 51/119, Loss: 0.0945, Acc: 0.9706
Validation Acc: 0.6413
Epoch 52/119, Loss: 0.0957, Acc: 0.9693
Validation Acc: 0.6791
Epoch 53/119, Loss: 0.0868, Acc: 0.9722
Validation Acc: 0.6808
Epoch 54/119, Loss: 0.0908, Acc: 0.9702
Validation Acc: 0.6600
Epoch 55/119, Loss: 0.0867, Acc: 0.9724
Validation Acc: 0.7154
Epoch 56/119, Loss: 0.0873, Acc: 0.9724
Validation Acc: 0.7128
Epoch 57/119, Loss: 0.0861, Acc: 0.9730
Validation Acc: 0.7174
Epoch 58/119, Loss: 0.0886, Acc: 0.9720
Validation Acc: 0.6893
Epoch 59/119, Loss: 0.0769, Acc: 0.9752
Validation Acc: 0.6530
Epoch 60/119, Loss: 0.0811, Acc: 0.9742
Validation Acc: 0.7171
Epoch 61/119, Loss: 0.0757, Acc: 0.9757
Validation Acc: 0.6176
Epoch 62/119, Loss: 0.0841, Acc: 0.9735
Validation Acc: 0.7141
Epoch 63/119, Loss: 0.0801, Acc: 0.9748
Validation Acc: 0.7209
Epoch 64/119, Loss: 0.0783, Acc: 0.9750
Validation Acc: 0.7226
Epoch 65/119, Loss: 0.0752, Acc: 0.9762
Validation Acc: 0.6623
Epoch 66/119, Loss: 0.0810, Acc: 0.9744
Validation Acc: 0.6903
Epoch 67/119, Loss: 0.0745, Acc: 0.9760
Validation Acc: 0.7194
Epoch 68/119, Loss: 0.0736, Acc: 0.9769
Validation Acc: 0.6796
Epoch 69/119, Loss: 0.0749, Acc: 0.9763
Validation Acc: 0.6683
Epoch 70/119, Loss: 0.0751, Acc: 0.9768
Validation Acc: 0.7100
Epoch 71/119, Loss: 0.0714, Acc: 0.9778
Validation Acc: 0.6946
Epoch 72/119, Loss: 0.0786, Acc: 0.9756
Validation Acc: 0.6386
Epoch 73/119, Loss: 0.0684, Acc: 0.9789
Validation Acc: 0.7143
Epoch 74/119, Loss: 0.0765, Acc: 0.9773
Validation Acc: 0.6996
Epoch 75/119, Loss: 0.0758, Acc: 0.9772
Validation Acc: 0.6195
Epoch 76/119, Loss: 0.0751, Acc: 0.9769
Validation Acc: 0.7138
Epoch 77/119, Loss: 0.0652, Acc: 0.9799
Validation Acc: 0.5639
Epoch 78/119, Loss: 0.0737, Acc: 0.9774
Validation Acc: 0.7070
Epoch 79/119, Loss: 0.0643, Acc: 0.9807
Validation Acc: 0.6516
Epoch 80/119, Loss: 0.0722, Acc: 0.9790
Validation Acc: 0.6249
Epoch 81/119, Loss: 0.0702, Acc: 0.9787
Validation Acc: 0.5998
Epoch 82/119, Loss: 0.0697, Acc: 0.9792
Validation Acc: 0.6982
Epoch 83/119, Loss: 0.0688, Acc: 0.9791
Validation Acc: 0.6767
Epoch 84/119, Loss: 0.0705, Acc: 0.9791
Validation Acc: 0.6005
Epoch 85/119, Loss: 0.0651, Acc: 0.9805
Validation Acc: 0.7096
Epoch 86/119, Loss: 0.0698, Acc: 0.9790
Validation Acc: 0.7303
Epoch 87/119, Loss: 0.0694, Acc: 0.9792
Validation Acc: 0.7290
Epoch 88/119, Loss: 0.0594, Acc: 0.9820
Validation Acc: 0.6126
Epoch 89/119, Loss: 0.0639, Acc: 0.9812
Validation Acc: 0.6900
Epoch 90/119, Loss: 0.0628, Acc: 0.9808
Validation Acc: 0.6797
Epoch 91/119, Loss: 0.0684, Acc: 0.9802
Validation Acc: 0.5143
Epoch 92/119, Loss: 0.0613, Acc: 0.9814
Validation Acc: 0.7295
Epoch 93/119, Loss: 0.0637, Acc: 0.9810
Validation Acc: 0.7201
Epoch 94/119, Loss: 0.0643, Acc: 0.9812
Validation Acc: 0.6866
Epoch 95/119, Loss: 0.0589, Acc: 0.9826
Validation Acc: 0.6626
Epoch 96/119, Loss: 0.0657, Acc: 0.9806
Validation Acc: 0.4591
Epoch 97/119, Loss: 0.0604, Acc: 0.9823
Validation Acc: 0.6795
Epoch 98/119, Loss: 0.0588, Acc: 0.9829
Validation Acc: 0.6688
Epoch 99/119, Loss: 0.0648, Acc: 0.9812
Validation Acc: 0.7100
Epoch 100/119, Loss: 0.0629, Acc: 0.9820
Validation Acc: 0.6031
Epoch 101/119, Loss: 0.0651, Acc: 0.9810
Validation Acc: 0.6445
Epoch 102/119, Loss: 0.0574, Acc: 0.9835
Validation Acc: 0.7166
Epoch 103/119, Loss: 0.0612, Acc: 0.9822
Validation Acc: 0.6416
Epoch 104/119, Loss: 0.0558, Acc: 0.9835
Validation Acc: 0.6565
Epoch 105/119, Loss: 0.0622, Acc: 0.9822
Validation Acc: 0.6542
Epoch 106/119, Loss: 0.0612, Acc: 0.9822
Validation Acc: 0.6754
Epoch 107/119, Loss: 0.0565, Acc: 0.9834
Validation Acc: 0.7218
Epoch 108/119, Loss: 0.0597, Acc: 0.9829
Validation Acc: 0.7188
Epoch 109/119, Loss: 0.0602, Acc: 0.9828
Validation Acc: 0.7156
Epoch 110/119, Loss: 0.0571, Acc: 0.9838
Validation Acc: 0.6910
Epoch 111/119, Loss: 0.0588, Acc: 0.9837
Validation Acc: 0.7116
Epoch 112/119, Loss: 0.0578, Acc: 0.9830
Validation Acc: 0.7054
Epoch 113/119, Loss: 0.0582, Acc: 0.9839
Validation Acc: 0.7203
Epoch 114/119, Loss: 0.0569, Acc: 0.9839
Validation Acc: 0.6814
Epoch 115/119, Loss: 0.0591, Acc: 0.9824
Validation Acc: 0.7239
Epoch 116/119, Loss: 0.0589, Acc: 0.9833
Validation Acc: 0.6935
Epoch 117/119, Loss: 0.0597, Acc: 0.9832
Validation Acc: 0.7126
Epoch 118/119, Loss: 0.0539, Acc: 0.9848
Validation Acc: 0.7212
Epoch 119/119, Loss: 0.0584, Acc: 0.9837
Validation Acc: 0.7317
Best Validation Accuracy: 0.7317
Accuracy: 0.7365
Precision: 0.7433
Recall: 0.7365
F1-Score: 0.7336
Confusion Matrix:
[[320   0   0 ...   0   0   0]
 [  0 292   0 ...   2   0   1]
 [  0   0 657 ...   0   0   0]
 ...
 [  0   0   1 ... 522   1  36]
 [  0   0   0 ...   0 460   0]
 [  0   1   0 ...  12   1 295]]
/sw/rl9g/pytorch-2.0/conda3env/env/lib/python3.8/site-packages/torch/distributed/launch.py:181: FutureWarning: The module torch.distributed.launch is deprecated
and will be removed in future. Use torchrun.
Note that --use-env is set by default in torchrun.
If your script expects `--local-rank` argument to be set, please
change it to read from `os.environ['LOCAL_RANK']` instead. See 
https://pytorch.org/docs/stable/distributed.html#launch-utility for 
further instructions

  warnings.warn(
