GNU 13.2.0 is now loaded
Loading module for CUDA 11.8
CUDA 11.8 is now loaded
Loading module for Machine Learning 2024.01
Machine Learning 2024.01 is now loaded

Loading machine_learning/2024.01
  Loading requirement: gcc/13.2.0 cuda/11.8
Loading module for pytorch 2.0
pytorch 2.0 is now loaded
Epoch 0/119, Loss: 1.5225, Acc: 0.4770
Validation Acc: 0.4071
Epoch 1/119, Loss: 1.0328, Acc: 0.6208
Validation Acc: 0.4315
Epoch 2/119, Loss: 0.8904, Acc: 0.6696
Validation Acc: 0.5484
Epoch 3/119, Loss: 0.8003, Acc: 0.6983
Validation Acc: 0.6283
Epoch 4/119, Loss: 0.7374, Acc: 0.7217
Validation Acc: 0.6416
Epoch 5/119, Loss: 0.6854, Acc: 0.7413
Validation Acc: 0.5849
Epoch 6/119, Loss: 0.6542, Acc: 0.7515
Validation Acc: 0.6055
Epoch 7/119, Loss: 0.6130, Acc: 0.7655
Validation Acc: 0.6121
Epoch 8/119, Loss: 0.5712, Acc: 0.7810
Validation Acc: 0.5680
Epoch 9/119, Loss: 0.5373, Acc: 0.7951
Validation Acc: 0.6218
Epoch 10/119, Loss: 0.5046, Acc: 0.8074
Validation Acc: 0.6545
Epoch 11/119, Loss: 0.4677, Acc: 0.8223
Validation Acc: 0.6578
Epoch 12/119, Loss: 0.4323, Acc: 0.8348
Validation Acc: 0.5175
Epoch 13/119, Loss: 0.4073, Acc: 0.8457
Validation Acc: 0.7197
Epoch 14/119, Loss: 0.3739, Acc: 0.8577
Validation Acc: 0.6891
Epoch 15/119, Loss: 0.3446, Acc: 0.8701
Validation Acc: 0.5989
Epoch 16/119, Loss: 0.3158, Acc: 0.8834
Validation Acc: 0.7178
Epoch 17/119, Loss: 0.2918, Acc: 0.8914
Validation Acc: 0.7268
Epoch 18/119, Loss: 0.2697, Acc: 0.9010
Validation Acc: 0.7161
Epoch 19/119, Loss: 0.2507, Acc: 0.9085
Validation Acc: 0.6170
Epoch 20/119, Loss: 0.2285, Acc: 0.9167
Validation Acc: 0.6735
Epoch 21/119, Loss: 0.2178, Acc: 0.9213
Validation Acc: 0.6838
Epoch 22/119, Loss: 0.1952, Acc: 0.9304
Validation Acc: 0.6739
Epoch 23/119, Loss: 0.1946, Acc: 0.9304
Validation Acc: 0.6595
Epoch 24/119, Loss: 0.1774, Acc: 0.9376
Validation Acc: 0.6456
Epoch 25/119, Loss: 0.1743, Acc: 0.9383
Validation Acc: 0.6520
Epoch 26/119, Loss: 0.1598, Acc: 0.9434
Validation Acc: 0.6679
Epoch 27/119, Loss: 0.1627, Acc: 0.9429
Validation Acc: 0.7172
Epoch 28/119, Loss: 0.1584, Acc: 0.9453
Validation Acc: 0.7142
Epoch 29/119, Loss: 0.1497, Acc: 0.9485
Validation Acc: 0.6087
Epoch 30/119, Loss: 0.1455, Acc: 0.9504
Validation Acc: 0.6919
Epoch 31/119, Loss: 0.1411, Acc: 0.9517
Validation Acc: 0.6997
Epoch 32/119, Loss: 0.1411, Acc: 0.9523
Validation Acc: 0.6800
Epoch 33/119, Loss: 0.1288, Acc: 0.9556
Validation Acc: 0.7184
Epoch 34/119, Loss: 0.1315, Acc: 0.9556
Validation Acc: 0.7192
Epoch 35/119, Loss: 0.1256, Acc: 0.9572
Validation Acc: 0.6753
Epoch 36/119, Loss: 0.1226, Acc: 0.9589
Validation Acc: 0.6530
Epoch 37/119, Loss: 0.1208, Acc: 0.9602
Validation Acc: 0.7004
Epoch 38/119, Loss: 0.1198, Acc: 0.9598
Validation Acc: 0.7099
Epoch 39/119, Loss: 0.1184, Acc: 0.9602
Validation Acc: 0.6086
Epoch 40/119, Loss: 0.1099, Acc: 0.9631
Validation Acc: 0.6946
Epoch 41/119, Loss: 0.1136, Acc: 0.9622
Validation Acc: 0.6079
Epoch 42/119, Loss: 0.1142, Acc: 0.9618
Validation Acc: 0.7269
Epoch 43/119, Loss: 0.1176, Acc: 0.9609
Validation Acc: 0.6524
Epoch 44/119, Loss: 0.0991, Acc: 0.9667
Validation Acc: 0.7036
Epoch 45/119, Loss: 0.1123, Acc: 0.9633
Validation Acc: 0.6977
Epoch 46/119, Loss: 0.1019, Acc: 0.9667
Validation Acc: 0.6163
Epoch 47/119, Loss: 0.1036, Acc: 0.9659
Validation Acc: 0.6789
Epoch 48/119, Loss: 0.0944, Acc: 0.9688
Validation Acc: 0.7002
Epoch 49/119, Loss: 0.0948, Acc: 0.9686
Validation Acc: 0.6669
Epoch 50/119, Loss: 0.1025, Acc: 0.9668
Validation Acc: 0.6497
Epoch 51/119, Loss: 0.0949, Acc: 0.9683
Validation Acc: 0.6944
Epoch 52/119, Loss: 0.0914, Acc: 0.9701
Validation Acc: 0.6933
Epoch 53/119, Loss: 0.0903, Acc: 0.9704
Validation Acc: 0.6952
Epoch 54/119, Loss: 0.0957, Acc: 0.9692
Validation Acc: 0.7049
Epoch 55/119, Loss: 0.0892, Acc: 0.9717
Validation Acc: 0.6793
Epoch 56/119, Loss: 0.0885, Acc: 0.9701
Validation Acc: 0.7067
Epoch 57/119, Loss: 0.0794, Acc: 0.9744
Validation Acc: 0.7078
Epoch 58/119, Loss: 0.0886, Acc: 0.9719
Validation Acc: 0.6808
Epoch 59/119, Loss: 0.0868, Acc: 0.9726
Validation Acc: 0.7091
Epoch 60/119, Loss: 0.0825, Acc: 0.9746
Validation Acc: 0.6954
Epoch 61/119, Loss: 0.0845, Acc: 0.9725
Validation Acc: 0.6571
Epoch 62/119, Loss: 0.0820, Acc: 0.9738
Validation Acc: 0.6757
Epoch 63/119, Loss: 0.0852, Acc: 0.9734
Validation Acc: 0.7193
Epoch 64/119, Loss: 0.0796, Acc: 0.9739
Validation Acc: 0.6415
Epoch 65/119, Loss: 0.0830, Acc: 0.9737
Validation Acc: 0.6832
Epoch 66/119, Loss: 0.0776, Acc: 0.9751
Validation Acc: 0.6371
Epoch 67/119, Loss: 0.0780, Acc: 0.9752
Validation Acc: 0.7303
Epoch 68/119, Loss: 0.0769, Acc: 0.9753
Validation Acc: 0.6988
Epoch 69/119, Loss: 0.0785, Acc: 0.9750
Validation Acc: 0.7168
Epoch 70/119, Loss: 0.0778, Acc: 0.9758
Validation Acc: 0.6130
Epoch 71/119, Loss: 0.0769, Acc: 0.9758
Validation Acc: 0.6910
Epoch 72/119, Loss: 0.0775, Acc: 0.9760
Validation Acc: 0.7089
Epoch 73/119, Loss: 0.0747, Acc: 0.9768
Validation Acc: 0.6152
Epoch 74/119, Loss: 0.0737, Acc: 0.9772
Validation Acc: 0.6782
Epoch 75/119, Loss: 0.0717, Acc: 0.9777
Validation Acc: 0.6506
Epoch 76/119, Loss: 0.0737, Acc: 0.9765
Validation Acc: 0.6880
Epoch 77/119, Loss: 0.0690, Acc: 0.9791
Validation Acc: 0.6813
Epoch 78/119, Loss: 0.0738, Acc: 0.9779
Validation Acc: 0.7060
Epoch 79/119, Loss: 0.0750, Acc: 0.9772
Validation Acc: 0.7202
Epoch 80/119, Loss: 0.0673, Acc: 0.9790
Validation Acc: 0.7034
Epoch 81/119, Loss: 0.0770, Acc: 0.9770
Validation Acc: 0.7306
Epoch 82/119, Loss: 0.0697, Acc: 0.9780
Validation Acc: 0.6429
Epoch 83/119, Loss: 0.0728, Acc: 0.9776
Validation Acc: 0.6847
Epoch 84/119, Loss: 0.0665, Acc: 0.9804
Validation Acc: 0.7292
Epoch 85/119, Loss: 0.0612, Acc: 0.9808
Validation Acc: 0.6681
Epoch 86/119, Loss: 0.0721, Acc: 0.9782
Validation Acc: 0.6337
Epoch 87/119, Loss: 0.0696, Acc: 0.9789
Validation Acc: 0.6883
Epoch 88/119, Loss: 0.0664, Acc: 0.9802
Validation Acc: 0.7121
Epoch 89/119, Loss: 0.0644, Acc: 0.9803
Validation Acc: 0.6839
Epoch 90/119, Loss: 0.0657, Acc: 0.9807
Validation Acc: 0.7197
Epoch 91/119, Loss: 0.0680, Acc: 0.9795
Validation Acc: 0.6957
Epoch 92/119, Loss: 0.0633, Acc: 0.9809
Validation Acc: 0.6040
Epoch 93/119, Loss: 0.0643, Acc: 0.9805
Validation Acc: 0.7229
Epoch 94/119, Loss: 0.0634, Acc: 0.9810
Validation Acc: 0.6958
Epoch 95/119, Loss: 0.0707, Acc: 0.9793
Validation Acc: 0.6802
Epoch 96/119, Loss: 0.0580, Acc: 0.9830
Validation Acc: 0.6903
Epoch 97/119, Loss: 0.0630, Acc: 0.9808
Validation Acc: 0.6748
Epoch 98/119, Loss: 0.0641, Acc: 0.9815
Validation Acc: 0.7158
Epoch 99/119, Loss: 0.0623, Acc: 0.9808
Validation Acc: 0.6861
Epoch 100/119, Loss: 0.0582, Acc: 0.9821
Validation Acc: 0.6889
Epoch 101/119, Loss: 0.0651, Acc: 0.9811
Validation Acc: 0.6990
Epoch 102/119, Loss: 0.0639, Acc: 0.9819
Validation Acc: 0.6530
Epoch 103/119, Loss: 0.0591, Acc: 0.9823
Validation Acc: 0.6032
Epoch 104/119, Loss: 0.0527, Acc: 0.9841
Validation Acc: 0.7098
Epoch 105/119, Loss: 0.0642, Acc: 0.9805
Validation Acc: 0.7278
Epoch 106/119, Loss: 0.0571, Acc: 0.9833
Validation Acc: 0.6813
Epoch 107/119, Loss: 0.0613, Acc: 0.9821
Validation Acc: 0.5051
Epoch 108/119, Loss: 0.0601, Acc: 0.9817
Validation Acc: 0.7255
Epoch 109/119, Loss: 0.0593, Acc: 0.9830
Validation Acc: 0.7078
Epoch 110/119, Loss: 0.0607, Acc: 0.9825
Validation Acc: 0.6801
Epoch 111/119, Loss: 0.0628, Acc: 0.9822
Validation Acc: 0.6643
Epoch 112/119, Loss: 0.0535, Acc: 0.9845
Validation Acc: 0.6798
Epoch 113/119, Loss: 0.0590, Acc: 0.9823
Validation Acc: 0.6543
Epoch 114/119, Loss: 0.0573, Acc: 0.9834
Validation Acc: 0.7065
Epoch 115/119, Loss: 0.0614, Acc: 0.9819
Validation Acc: 0.7125
Epoch 116/119, Loss: 0.0518, Acc: 0.9846
Validation Acc: 0.7021
Epoch 117/119, Loss: 0.0564, Acc: 0.9840
Validation Acc: 0.6899
Epoch 118/119, Loss: 0.0575, Acc: 0.9833
Validation Acc: 0.7064
Epoch 119/119, Loss: 0.0573, Acc: 0.9841
Validation Acc: 0.6865
Best Validation Accuracy: 0.7306
Accuracy: 0.7378
Precision: 0.7419
Recall: 0.7378
F1-Score: 0.7375
Confusion Matrix:
[[326   0   2 ...   0   0   0]
 [  0 305   0 ...   0   0   0]
 [  1   0 661 ...   0   1   0]
 ...
 [  0   0   2 ... 486   0  24]
 [  0   0   0 ...   0 444   1]
 [  0   1   0 ...  10   0 217]]
/sw/rl9g/pytorch-2.0/conda3env/env/lib/python3.8/site-packages/torch/distributed/launch.py:181: FutureWarning: The module torch.distributed.launch is deprecated
and will be removed in future. Use torchrun.
Note that --use-env is set by default in torchrun.
If your script expects `--local-rank` argument to be set, please
change it to read from `os.environ['LOCAL_RANK']` instead. See 
https://pytorch.org/docs/stable/distributed.html#launch-utility for 
further instructions

  warnings.warn(
