GNU 13.2.0 is now loaded
Loading module for CUDA 11.8
CUDA 11.8 is now loaded
Loading module for Machine Learning 2024.01
Machine Learning 2024.01 is now loaded

Loading machine_learning/2024.01
  Loading requirement: gcc/13.2.0 cuda/11.8
Loading module for pytorch 2.0
pytorch 2.0 is now loaded
Epoch 0/119, Loss: 1.5289, Acc: 0.4766
Validation Acc: 0.5739
Epoch 1/119, Loss: 1.0216, Acc: 0.6252
Validation Acc: 0.4708
Epoch 2/119, Loss: 0.8768, Acc: 0.6759
Validation Acc: 0.5034
Epoch 3/119, Loss: 0.7932, Acc: 0.7028
Validation Acc: 0.5656
Epoch 4/119, Loss: 0.7354, Acc: 0.7250
Validation Acc: 0.5099
Epoch 5/119, Loss: 0.6818, Acc: 0.7416
Validation Acc: 0.6555
Epoch 6/119, Loss: 0.6418, Acc: 0.7574
Validation Acc: 0.6614
Epoch 7/119, Loss: 0.6018, Acc: 0.7705
Validation Acc: 0.5890
Epoch 8/119, Loss: 0.5624, Acc: 0.7869
Validation Acc: 0.6293
Epoch 9/119, Loss: 0.5261, Acc: 0.8000
Validation Acc: 0.6893
Epoch 10/119, Loss: 0.4970, Acc: 0.8099
Validation Acc: 0.7071
Epoch 11/119, Loss: 0.4598, Acc: 0.8253
Validation Acc: 0.6252
Epoch 12/119, Loss: 0.4281, Acc: 0.8382
Validation Acc: 0.4840
Epoch 13/119, Loss: 0.3932, Acc: 0.8510
Validation Acc: 0.6874
Epoch 14/119, Loss: 0.3673, Acc: 0.8634
Validation Acc: 0.6672
Epoch 15/119, Loss: 0.3346, Acc: 0.8738
Validation Acc: 0.7108
Epoch 16/119, Loss: 0.3129, Acc: 0.8826
Validation Acc: 0.6564
Epoch 17/119, Loss: 0.2880, Acc: 0.8929
Validation Acc: 0.5732
Epoch 18/119, Loss: 0.2634, Acc: 0.9026
Validation Acc: 0.6309
Epoch 19/119, Loss: 0.2487, Acc: 0.9080
Validation Acc: 0.6933
Epoch 20/119, Loss: 0.2339, Acc: 0.9145
Validation Acc: 0.5811
Epoch 21/119, Loss: 0.2171, Acc: 0.9230
Validation Acc: 0.6892
Epoch 22/119, Loss: 0.2031, Acc: 0.9270
Validation Acc: 0.6667
Epoch 23/119, Loss: 0.1926, Acc: 0.9316
Validation Acc: 0.6965
Epoch 24/119, Loss: 0.1808, Acc: 0.9362
Validation Acc: 0.6873
Epoch 25/119, Loss: 0.1757, Acc: 0.9381
Validation Acc: 0.6366
Epoch 26/119, Loss: 0.1649, Acc: 0.9427
Validation Acc: 0.6569
Epoch 27/119, Loss: 0.1636, Acc: 0.9438
Validation Acc: 0.7047
Epoch 28/119, Loss: 0.1512, Acc: 0.9481
Validation Acc: 0.6942
Epoch 29/119, Loss: 0.1489, Acc: 0.9474
Validation Acc: 0.6716
Epoch 30/119, Loss: 0.1413, Acc: 0.9509
Validation Acc: 0.5951
Epoch 31/119, Loss: 0.1400, Acc: 0.9513
Validation Acc: 0.7067
Epoch 32/119, Loss: 0.1383, Acc: 0.9527
Validation Acc: 0.6209
Epoch 33/119, Loss: 0.1313, Acc: 0.9546
Validation Acc: 0.6027
Epoch 34/119, Loss: 0.1337, Acc: 0.9546
Validation Acc: 0.7031
Epoch 35/119, Loss: 0.1244, Acc: 0.9578
Validation Acc: 0.6954
Epoch 36/119, Loss: 0.1229, Acc: 0.9581
Validation Acc: 0.6489
Epoch 37/119, Loss: 0.1148, Acc: 0.9614
Validation Acc: 0.6506
Epoch 38/119, Loss: 0.1241, Acc: 0.9586
Validation Acc: 0.6875
Epoch 39/119, Loss: 0.1133, Acc: 0.9616
Validation Acc: 0.7059
Epoch 40/119, Loss: 0.1140, Acc: 0.9615
Validation Acc: 0.6706
Epoch 41/119, Loss: 0.1101, Acc: 0.9628
Validation Acc: 0.7261
Epoch 42/119, Loss: 0.1088, Acc: 0.9635
Validation Acc: 0.7067
Epoch 43/119, Loss: 0.1047, Acc: 0.9658
Validation Acc: 0.6935
Epoch 44/119, Loss: 0.1046, Acc: 0.9651
Validation Acc: 0.5287
Epoch 45/119, Loss: 0.1040, Acc: 0.9661
Validation Acc: 0.7090
Epoch 46/119, Loss: 0.1019, Acc: 0.9663
Validation Acc: 0.6985
Epoch 47/119, Loss: 0.0968, Acc: 0.9672
Validation Acc: 0.7035
Epoch 48/119, Loss: 0.0968, Acc: 0.9682
Validation Acc: 0.7054
Epoch 49/119, Loss: 0.0981, Acc: 0.9679
Validation Acc: 0.7137
Epoch 50/119, Loss: 0.1026, Acc: 0.9676
Validation Acc: 0.5918
Epoch 51/119, Loss: 0.0927, Acc: 0.9699
Validation Acc: 0.6707
Epoch 52/119, Loss: 0.0958, Acc: 0.9691
Validation Acc: 0.6814
Epoch 53/119, Loss: 0.0937, Acc: 0.9706
Validation Acc: 0.6332
Epoch 54/119, Loss: 0.0909, Acc: 0.9706
Validation Acc: 0.6375
Epoch 55/119, Loss: 0.0928, Acc: 0.9701
Validation Acc: 0.7180
Epoch 56/119, Loss: 0.0919, Acc: 0.9704
Validation Acc: 0.6480
Epoch 57/119, Loss: 0.0913, Acc: 0.9708
Validation Acc: 0.6955
Epoch 58/119, Loss: 0.0862, Acc: 0.9724
Validation Acc: 0.6917
Epoch 59/119, Loss: 0.0857, Acc: 0.9727
Validation Acc: 0.7157
Epoch 60/119, Loss: 0.0807, Acc: 0.9740
Validation Acc: 0.7221
Epoch 61/119, Loss: 0.0885, Acc: 0.9716
Validation Acc: 0.7166
Epoch 62/119, Loss: 0.0769, Acc: 0.9751
Validation Acc: 0.7014
Epoch 63/119, Loss: 0.0842, Acc: 0.9735
Validation Acc: 0.6869
Epoch 64/119, Loss: 0.0770, Acc: 0.9752
Validation Acc: 0.6899
Epoch 65/119, Loss: 0.0859, Acc: 0.9728
Validation Acc: 0.7126
Epoch 66/119, Loss: 0.0747, Acc: 0.9755
Validation Acc: 0.6984
Epoch 67/119, Loss: 0.0809, Acc: 0.9744
Validation Acc: 0.6959
Epoch 68/119, Loss: 0.0814, Acc: 0.9746
Validation Acc: 0.6329
Epoch 69/119, Loss: 0.0777, Acc: 0.9758
Validation Acc: 0.6763
Epoch 70/119, Loss: 0.0787, Acc: 0.9757
Validation Acc: 0.7282
Epoch 71/119, Loss: 0.0730, Acc: 0.9780
Validation Acc: 0.6186
Epoch 72/119, Loss: 0.0793, Acc: 0.9757
Validation Acc: 0.7136
Epoch 73/119, Loss: 0.0772, Acc: 0.9758
Validation Acc: 0.7150
Epoch 74/119, Loss: 0.0767, Acc: 0.9761
Validation Acc: 0.7211
Epoch 75/119, Loss: 0.0750, Acc: 0.9770
Validation Acc: 0.6733
Epoch 76/119, Loss: 0.0764, Acc: 0.9758
Validation Acc: 0.6675
Epoch 77/119, Loss: 0.0679, Acc: 0.9786
Validation Acc: 0.6577
Epoch 78/119, Loss: 0.0723, Acc: 0.9770
Validation Acc: 0.7051
Epoch 79/119, Loss: 0.0734, Acc: 0.9781
Validation Acc: 0.7007
Epoch 80/119, Loss: 0.0716, Acc: 0.9781
Validation Acc: 0.7035
Epoch 81/119, Loss: 0.0715, Acc: 0.9779
Validation Acc: 0.7121
Epoch 82/119, Loss: 0.0676, Acc: 0.9796
Validation Acc: 0.5982
Epoch 83/119, Loss: 0.0676, Acc: 0.9790
Validation Acc: 0.7181
Epoch 84/119, Loss: 0.0690, Acc: 0.9790
Validation Acc: 0.6622
Epoch 85/119, Loss: 0.0670, Acc: 0.9796
Validation Acc: 0.6126
Epoch 86/119, Loss: 0.0670, Acc: 0.9794
Validation Acc: 0.6379
Epoch 87/119, Loss: 0.0665, Acc: 0.9795
Validation Acc: 0.7154
Epoch 88/119, Loss: 0.0732, Acc: 0.9792
Validation Acc: 0.7232
Epoch 89/119, Loss: 0.0659, Acc: 0.9798
Validation Acc: 0.6868
Epoch 90/119, Loss: 0.0660, Acc: 0.9799
Validation Acc: 0.6946
Epoch 91/119, Loss: 0.0665, Acc: 0.9793
Validation Acc: 0.6638
Epoch 92/119, Loss: 0.0664, Acc: 0.9804
Validation Acc: 0.6826
Epoch 93/119, Loss: 0.0613, Acc: 0.9813
Validation Acc: 0.6735
Epoch 94/119, Loss: 0.0688, Acc: 0.9792
Validation Acc: 0.6638
Epoch 95/119, Loss: 0.0582, Acc: 0.9828
Validation Acc: 0.6504
Epoch 96/119, Loss: 0.0645, Acc: 0.9812
Validation Acc: 0.7171
Epoch 97/119, Loss: 0.0581, Acc: 0.9822
Validation Acc: 0.5755
Epoch 98/119, Loss: 0.0642, Acc: 0.9815
Validation Acc: 0.7131
Epoch 99/119, Loss: 0.0667, Acc: 0.9806
Validation Acc: 0.6963
Epoch 100/119, Loss: 0.0570, Acc: 0.9827
Validation Acc: 0.7174
Epoch 101/119, Loss: 0.0646, Acc: 0.9809
Validation Acc: 0.7030
Epoch 102/119, Loss: 0.0637, Acc: 0.9813
Validation Acc: 0.7100
Epoch 103/119, Loss: 0.0590, Acc: 0.9822
Validation Acc: 0.7092
Epoch 104/119, Loss: 0.0563, Acc: 0.9832
Validation Acc: 0.6118
Epoch 105/119, Loss: 0.0605, Acc: 0.9820
Validation Acc: 0.6711
Epoch 106/119, Loss: 0.0593, Acc: 0.9816
Validation Acc: 0.6987
Epoch 107/119, Loss: 0.0604, Acc: 0.9824
Validation Acc: 0.7001
Epoch 108/119, Loss: 0.0608, Acc: 0.9822
Validation Acc: 0.7057
Epoch 109/119, Loss: 0.0550, Acc: 0.9833
Validation Acc: 0.6824
Epoch 110/119, Loss: 0.0620, Acc: 0.9823
Validation Acc: 0.7264
Epoch 111/119, Loss: 0.0574, Acc: 0.9827
Validation Acc: 0.7051
Epoch 112/119, Loss: 0.0572, Acc: 0.9834
Validation Acc: 0.6831
Epoch 113/119, Loss: 0.0565, Acc: 0.9835
Validation Acc: 0.7216
Epoch 114/119, Loss: 0.0604, Acc: 0.9823
Validation Acc: 0.6922
Epoch 115/119, Loss: 0.0542, Acc: 0.9838
Validation Acc: 0.7204
Epoch 116/119, Loss: 0.0586, Acc: 0.9828
Validation Acc: 0.7013
Epoch 117/119, Loss: 0.0574, Acc: 0.9835
Validation Acc: 0.6925
Epoch 118/119, Loss: 0.0541, Acc: 0.9839
Validation Acc: 0.6945
Epoch 119/119, Loss: 0.0549, Acc: 0.9839
Validation Acc: 0.6667
Best Validation Accuracy: 0.7282
Accuracy: 0.7365
Precision: 0.7433
Recall: 0.7365
F1-Score: 0.7336
Confusion Matrix:
[[320   0   0 ...   0   0   0]
 [  0 292   0 ...   2   0   1]
 [  0   0 657 ...   0   0   0]
 ...
 [  0   0   1 ... 522   1  36]
 [  0   0   0 ...   0 460   0]
 [  0   1   0 ...  12   1 295]]
/sw/rl9g/pytorch-2.0/conda3env/env/lib/python3.8/site-packages/torch/distributed/launch.py:181: FutureWarning: The module torch.distributed.launch is deprecated
and will be removed in future. Use torchrun.
Note that --use-env is set by default in torchrun.
If your script expects `--local-rank` argument to be set, please
change it to read from `os.environ['LOCAL_RANK']` instead. See 
https://pytorch.org/docs/stable/distributed.html#launch-utility for 
further instructions

  warnings.warn(
