GNU 13.2.0 is now loaded
Loading module for CUDA 11.8
CUDA 11.8 is now loaded
Loading module for Machine Learning 2024.01
Machine Learning 2024.01 is now loaded

Loading machine_learning/2024.01
  Loading requirement: gcc/13.2.0 cuda/11.8
Loading module for pytorch 2.0
pytorch 2.0 is now loaded
Epoch 0/119, Loss: 1.5086, Acc: 0.4819
Validation Acc: 0.2986
Epoch 1/119, Loss: 1.0093, Acc: 0.6296
Validation Acc: 0.6316
Epoch 2/119, Loss: 0.8712, Acc: 0.6767
Validation Acc: 0.6738
Epoch 3/119, Loss: 0.7830, Acc: 0.7062
Validation Acc: 0.6663
Epoch 4/119, Loss: 0.7303, Acc: 0.7236
Validation Acc: 0.6213
Epoch 5/119, Loss: 0.6723, Acc: 0.7450
Validation Acc: 0.5893
Epoch 6/119, Loss: 0.6330, Acc: 0.7601
Validation Acc: 0.6675
Epoch 7/119, Loss: 0.5990, Acc: 0.7729
Validation Acc: 0.5768
Epoch 8/119, Loss: 0.5603, Acc: 0.7874
Validation Acc: 0.5936
Epoch 9/119, Loss: 0.5196, Acc: 0.8025
Validation Acc: 0.6028
Epoch 10/119, Loss: 0.4884, Acc: 0.8140
Validation Acc: 0.5771
Epoch 11/119, Loss: 0.4541, Acc: 0.8261
Validation Acc: 0.6416
Epoch 12/119, Loss: 0.4112, Acc: 0.8443
Validation Acc: 0.4870
Epoch 13/119, Loss: 0.3881, Acc: 0.8540
Validation Acc: 0.6573
Epoch 14/119, Loss: 0.3536, Acc: 0.8675
Validation Acc: 0.7087
Epoch 15/119, Loss: 0.3247, Acc: 0.8774
Validation Acc: 0.6745
Epoch 16/119, Loss: 0.2957, Acc: 0.8902
Validation Acc: 0.6476
Epoch 17/119, Loss: 0.2676, Acc: 0.9011
Validation Acc: 0.6894
Epoch 18/119, Loss: 0.2519, Acc: 0.9067
Validation Acc: 0.7233
Epoch 19/119, Loss: 0.2300, Acc: 0.9150
Validation Acc: 0.7132
Epoch 20/119, Loss: 0.2134, Acc: 0.9239
Validation Acc: 0.7181
Epoch 21/119, Loss: 0.2143, Acc: 0.9227
Validation Acc: 0.6983
Epoch 22/119, Loss: 0.1903, Acc: 0.9319
Validation Acc: 0.5544
Epoch 23/119, Loss: 0.1860, Acc: 0.9337
Validation Acc: 0.7252
Epoch 24/119, Loss: 0.1728, Acc: 0.9391
Validation Acc: 0.6874
Epoch 25/119, Loss: 0.1664, Acc: 0.9413
Validation Acc: 0.6626
Epoch 26/119, Loss: 0.1546, Acc: 0.9454
Validation Acc: 0.6199
Epoch 27/119, Loss: 0.1563, Acc: 0.9452
Validation Acc: 0.6773
Epoch 28/119, Loss: 0.1522, Acc: 0.9468
Validation Acc: 0.6999
Epoch 29/119, Loss: 0.1376, Acc: 0.9526
Validation Acc: 0.6961
Epoch 30/119, Loss: 0.1532, Acc: 0.9482
Validation Acc: 0.7286
Epoch 31/119, Loss: 0.1253, Acc: 0.9570
Validation Acc: 0.6697
Epoch 32/119, Loss: 0.1351, Acc: 0.9537
Validation Acc: 0.6691
Epoch 33/119, Loss: 0.1242, Acc: 0.9579
Validation Acc: 0.6667
Epoch 34/119, Loss: 0.1250, Acc: 0.9577
Validation Acc: 0.6401
Epoch 35/119, Loss: 0.1220, Acc: 0.9589
Validation Acc: 0.6680
Epoch 36/119, Loss: 0.1206, Acc: 0.9594
Validation Acc: 0.6346
Epoch 37/119, Loss: 0.1274, Acc: 0.9572
Validation Acc: 0.7137
Epoch 38/119, Loss: 0.1081, Acc: 0.9645
Validation Acc: 0.6760
Epoch 39/119, Loss: 0.1157, Acc: 0.9607
Validation Acc: 0.7026
Epoch 40/119, Loss: 0.1024, Acc: 0.9659
Validation Acc: 0.6641
Epoch 41/119, Loss: 0.1029, Acc: 0.9652
Validation Acc: 0.6984
Epoch 42/119, Loss: 0.1159, Acc: 0.9618
Validation Acc: 0.6667
Epoch 43/119, Loss: 0.0982, Acc: 0.9681
Validation Acc: 0.7064
Epoch 44/119, Loss: 0.1048, Acc: 0.9660
Validation Acc: 0.7018
Epoch 45/119, Loss: 0.1032, Acc: 0.9670
Validation Acc: 0.7184
Epoch 46/119, Loss: 0.1017, Acc: 0.9669
Validation Acc: 0.6822
Epoch 47/119, Loss: 0.0958, Acc: 0.9686
Validation Acc: 0.6558
Epoch 48/119, Loss: 0.0929, Acc: 0.9689
Validation Acc: 0.7074
Epoch 49/119, Loss: 0.1018, Acc: 0.9675
Validation Acc: 0.7191
Epoch 50/119, Loss: 0.0880, Acc: 0.9708
Validation Acc: 0.6704
Epoch 51/119, Loss: 0.0935, Acc: 0.9697
Validation Acc: 0.7211
Epoch 52/119, Loss: 0.0932, Acc: 0.9691
Validation Acc: 0.7061
Epoch 53/119, Loss: 0.0918, Acc: 0.9703
Validation Acc: 0.7208
Epoch 54/119, Loss: 0.0925, Acc: 0.9703
Validation Acc: 0.6660
Epoch 55/119, Loss: 0.0828, Acc: 0.9730
Validation Acc: 0.7137
Epoch 56/119, Loss: 0.0895, Acc: 0.9716
Validation Acc: 0.7216
Epoch 57/119, Loss: 0.0829, Acc: 0.9736
Validation Acc: 0.5743
Epoch 58/119, Loss: 0.0833, Acc: 0.9739
Validation Acc: 0.6547
Epoch 59/119, Loss: 0.0876, Acc: 0.9723
Validation Acc: 0.7175
Epoch 60/119, Loss: 0.0794, Acc: 0.9744
Validation Acc: 0.7159
Epoch 61/119, Loss: 0.0796, Acc: 0.9750
Validation Acc: 0.6469
Epoch 62/119, Loss: 0.0865, Acc: 0.9731
Validation Acc: 0.7114
Epoch 63/119, Loss: 0.0771, Acc: 0.9753
Validation Acc: 0.6737
Epoch 64/119, Loss: 0.0805, Acc: 0.9739
Validation Acc: 0.5832
Epoch 65/119, Loss: 0.0735, Acc: 0.9769
Validation Acc: 0.6505
Epoch 66/119, Loss: 0.0813, Acc: 0.9745
Validation Acc: 0.6750
Epoch 67/119, Loss: 0.0784, Acc: 0.9758
Validation Acc: 0.5175
Epoch 68/119, Loss: 0.0754, Acc: 0.9769
Validation Acc: 0.7211
Epoch 69/119, Loss: 0.0745, Acc: 0.9771
Validation Acc: 0.7087
Epoch 70/119, Loss: 0.0738, Acc: 0.9764
Validation Acc: 0.7183
Epoch 71/119, Loss: 0.0744, Acc: 0.9776
Validation Acc: 0.7150
Epoch 72/119, Loss: 0.0782, Acc: 0.9754
Validation Acc: 0.7024
Epoch 73/119, Loss: 0.0706, Acc: 0.9780
Validation Acc: 0.7192
Epoch 74/119, Loss: 0.0729, Acc: 0.9774
Validation Acc: 0.7172
Epoch 75/119, Loss: 0.0748, Acc: 0.9767
Validation Acc: 0.6960
Epoch 76/119, Loss: 0.0708, Acc: 0.9785
Validation Acc: 0.6962
Epoch 77/119, Loss: 0.0692, Acc: 0.9789
Validation Acc: 0.6657
Epoch 78/119, Loss: 0.0696, Acc: 0.9783
Validation Acc: 0.7143
Epoch 79/119, Loss: 0.0689, Acc: 0.9786
Validation Acc: 0.6343
Epoch 80/119, Loss: 0.0703, Acc: 0.9784
Validation Acc: 0.6978
Epoch 81/119, Loss: 0.0672, Acc: 0.9803
Validation Acc: 0.7122
Epoch 82/119, Loss: 0.0721, Acc: 0.9782
Validation Acc: 0.6934
Epoch 83/119, Loss: 0.0643, Acc: 0.9803
Validation Acc: 0.6711
Epoch 84/119, Loss: 0.0664, Acc: 0.9801
Validation Acc: 0.6992
Epoch 85/119, Loss: 0.0672, Acc: 0.9792
Validation Acc: 0.7191
Epoch 86/119, Loss: 0.0680, Acc: 0.9790
Validation Acc: 0.6995
Epoch 87/119, Loss: 0.0665, Acc: 0.9802
Validation Acc: 0.6981
Epoch 88/119, Loss: 0.0626, Acc: 0.9812
Validation Acc: 0.7082
Epoch 89/119, Loss: 0.0712, Acc: 0.9790
Validation Acc: 0.7026
Epoch 90/119, Loss: 0.0654, Acc: 0.9800
Validation Acc: 0.6831
Epoch 91/119, Loss: 0.0638, Acc: 0.9811
Validation Acc: 0.7210
Epoch 92/119, Loss: 0.0649, Acc: 0.9805
Validation Acc: 0.6778
Epoch 93/119, Loss: 0.0636, Acc: 0.9810
Validation Acc: 0.7121
Epoch 94/119, Loss: 0.0576, Acc: 0.9826
Validation Acc: 0.6869
Epoch 95/119, Loss: 0.0658, Acc: 0.9809
Validation Acc: 0.7247
Epoch 96/119, Loss: 0.0618, Acc: 0.9813
Validation Acc: 0.7216
Epoch 97/119, Loss: 0.0571, Acc: 0.9827
Validation Acc: 0.6463
Epoch 98/119, Loss: 0.0625, Acc: 0.9810
Validation Acc: 0.7279
Epoch 99/119, Loss: 0.0613, Acc: 0.9814
Validation Acc: 0.6974
Epoch 100/119, Loss: 0.0613, Acc: 0.9820
Validation Acc: 0.6173
Epoch 101/119, Loss: 0.0615, Acc: 0.9823
Validation Acc: 0.6904
Epoch 102/119, Loss: 0.0606, Acc: 0.9823
Validation Acc: 0.7188
Epoch 103/119, Loss: 0.0616, Acc: 0.9823
Validation Acc: 0.6753
Epoch 104/119, Loss: 0.0542, Acc: 0.9837
Validation Acc: 0.7143
Epoch 105/119, Loss: 0.0551, Acc: 0.9837
Validation Acc: 0.6639
Epoch 106/119, Loss: 0.0585, Acc: 0.9828
Validation Acc: 0.6694
Epoch 107/119, Loss: 0.0571, Acc: 0.9836
Validation Acc: 0.7178
Epoch 108/119, Loss: 0.0616, Acc: 0.9819
Validation Acc: 0.6943
Epoch 109/119, Loss: 0.0549, Acc: 0.9839
Validation Acc: 0.7194
Epoch 110/119, Loss: 0.0578, Acc: 0.9823
Validation Acc: 0.6975
Epoch 111/119, Loss: 0.0576, Acc: 0.9839
Validation Acc: 0.7062
Epoch 112/119, Loss: 0.0560, Acc: 0.9840
Validation Acc: 0.6737
Epoch 113/119, Loss: 0.0548, Acc: 0.9841
Validation Acc: 0.6705
Epoch 114/119, Loss: 0.0609, Acc: 0.9830
Validation Acc: 0.6567
Epoch 115/119, Loss: 0.0528, Acc: 0.9854
Validation Acc: 0.7044
Epoch 116/119, Loss: 0.0596, Acc: 0.9827
Validation Acc: 0.6946
Epoch 117/119, Loss: 0.0516, Acc: 0.9848
Validation Acc: 0.6788
Epoch 118/119, Loss: 0.0784, Acc: 0.9790
Validation Acc: 0.7073
Epoch 119/119, Loss: 0.0495, Acc: 0.9859
Validation Acc: 0.7086
Best Validation Accuracy: 0.7286
Accuracy: 0.7378
Precision: 0.7419
Recall: 0.7378
F1-Score: 0.7375
Confusion Matrix:
[[326   0   2 ...   0   0   0]
 [  0 305   0 ...   0   0   0]
 [  1   0 661 ...   0   1   0]
 ...
 [  0   0   2 ... 486   0  24]
 [  0   0   0 ...   0 444   1]
 [  0   1   0 ...  10   0 217]]
/sw/rl9g/pytorch-2.0/conda3env/env/lib/python3.8/site-packages/torch/distributed/launch.py:181: FutureWarning: The module torch.distributed.launch is deprecated
and will be removed in future. Use torchrun.
Note that --use-env is set by default in torchrun.
If your script expects `--local-rank` argument to be set, please
change it to read from `os.environ['LOCAL_RANK']` instead. See 
https://pytorch.org/docs/stable/distributed.html#launch-utility for 
further instructions

  warnings.warn(
