GNU 13.2.0 is now loaded
Loading module for CUDA 11.8
CUDA 11.8 is now loaded
Loading module for Machine Learning 2024.01
Machine Learning 2024.01 is now loaded

Loading machine_learning/2024.01
  Loading requirement: gcc/13.2.0 cuda/11.8
Loading module for pytorch 2.0
pytorch 2.0 is now loaded
Target: X4
Imposters: ['X11', 'X13', 'X14', 'X15', 'X17', 'X2', 'X20', 'X21', 'X23', 'X25', 'X26', 'X27', 'X30', 'X31', 'X33', 'X34', 'X35', 'X36', 'X38', 'X39', 'X40', 'X41', 'X42', 'X43', 'X44', 'X45', 'X46', 'X47', 'X48', 'X49', 'X5', 'X50', 'X51', 'X6', 'X7', 'X8']
Dataset mean: 0.1799, std: 0.7614
Epoch [1/30] - SupCon Loss: 4.1420
Epoch [2/30] - SupCon Loss: 4.1416
Epoch [3/30] - SupCon Loss: 4.1414
Epoch [4/30] - SupCon Loss: 4.1413
Epoch [5/30] - SupCon Loss: 4.1414
Epoch [6/30] - SupCon Loss: 4.1417
Epoch [7/30] - SupCon Loss: 4.1382
Epoch [8/30] - SupCon Loss: 4.1381
Epoch [9/30] - SupCon Loss: 4.1367
Epoch [10/30] - SupCon Loss: 4.1351
Epoch [11/30] - SupCon Loss: 4.1282
Epoch [12/30] - SupCon Loss: 4.1198
Epoch [13/30] - SupCon Loss: 4.1167
Epoch [14/30] - SupCon Loss: 4.1150
Epoch [15/30] - SupCon Loss: 4.1138
Epoch [16/30] - SupCon Loss: 4.1104
Epoch [17/30] - SupCon Loss: 4.1104
Epoch [18/30] - SupCon Loss: 4.1072
Epoch [19/30] - SupCon Loss: 4.1083
Epoch [20/30] - SupCon Loss: 4.1076
Epoch [21/30] - SupCon Loss: 4.1044
Epoch [22/30] - SupCon Loss: 4.1045
Epoch [23/30] - SupCon Loss: 4.1031
Epoch [24/30] - SupCon Loss: 4.1044
Epoch [25/30] - SupCon Loss: 4.1020
Epoch [26/30] - SupCon Loss: 4.1022
Epoch [27/30] - SupCon Loss: 4.1007
Epoch [28/30] - SupCon Loss: 4.1021
Epoch [29/30] - SupCon Loss: 4.1014
Epoch [30/30] - SupCon Loss: 4.1003
Class counts: [609, 54951]
Epoch 1/15, Loss: 0.0354
F1 Score: 0.9980
Epoch 2/15, Loss: 0.0277
F1 Score: 0.9980
Epoch 3/15, Loss: 0.0289
F1 Score: 0.9982
Epoch 4/15, Loss: 0.0265
F1 Score: 0.9950
Epoch 5/15, Loss: 0.0248
F1 Score: 0.9982
Epoch 6/15, Loss: 0.0259
F1 Score: 0.9982
Epoch 7/15, Loss: 0.0292
F1 Score: 0.9973
Epoch 8/15, Loss: 0.0254
F1 Score: 0.9985
Epoch 9/15, Loss: 0.0302
F1 Score: 0.9975
Epoch 10/15, Loss: 0.0235
F1 Score: 0.9987
Epoch 11/15, Loss: 0.0261
F1 Score: 0.9919
Epoch 12/15, Loss: 0.0264
F1 Score: 0.9984
Epoch 13/15, Loss: 0.0259
F1 Score: 0.9983
Epoch 14/15, Loss: 0.0247
F1 Score: 0.9962
Epoch 15/15, Loss: 0.0224
F1 Score: 0.9973
Validation Performance:
F1 Score: 0.9973
Test Performance:
F1 Score: 0.9976
/sw/rl9g/pytorch-2.0/conda3env/env/lib/python3.8/site-packages/torch/distributed/launch.py:181: FutureWarning: The module torch.distributed.launch is deprecated
and will be removed in future. Use torchrun.
Note that --use-env is set by default in torchrun.
If your script expects `--local-rank` argument to be set, please
change it to read from `os.environ['LOCAL_RANK']` instead. See 
https://pytorch.org/docs/stable/distributed.html#launch-utility for 
further instructions

  warnings.warn(
