GNU 13.2.0 is now loaded
Loading module for CUDA 11.8
CUDA 11.8 is now loaded
Loading module for Machine Learning 2024.01
Machine Learning 2024.01 is now loaded

Loading machine_learning/2024.01
  Loading requirement: gcc/13.2.0 cuda/11.8
Loading module for pytorch 2.0
pytorch 2.0 is now loaded
Target: X4
Imposters: ['X11', 'X13', 'X14', 'X15', 'X17', 'X2', 'X20', 'X21', 'X23', 'X25', 'X26', 'X27', 'X30', 'X31', 'X33', 'X34', 'X35', 'X36', 'X38', 'X39', 'X40', 'X41', 'X42', 'X43', 'X44', 'X45', 'X46', 'X47', 'X48', 'X49', 'X5', 'X50', 'X51', 'X6', 'X7', 'X8']
Dataset mean: 0.1799, std: 0.7614
Epoch [1/30] - SupCon Loss: 4.1414
Epoch [2/30] - SupCon Loss: 4.1409
Epoch [3/30] - SupCon Loss: 4.1392
Epoch [4/30] - SupCon Loss: 4.1402
Epoch [5/30] - SupCon Loss: 4.1380
Epoch [6/30] - SupCon Loss: 4.1368
Epoch [7/30] - SupCon Loss: 4.1348
Epoch [8/30] - SupCon Loss: 4.1300
Epoch [9/30] - SupCon Loss: 4.1221
Epoch [10/30] - SupCon Loss: 4.1194
Epoch [11/30] - SupCon Loss: 4.1172
Epoch [12/30] - SupCon Loss: 4.1148
Epoch [13/30] - SupCon Loss: 4.1142
Epoch [14/30] - SupCon Loss: 4.1127
Epoch [15/30] - SupCon Loss: 4.1134
Epoch [16/30] - SupCon Loss: 4.1108
Epoch [17/30] - SupCon Loss: 4.1091
Epoch [18/30] - SupCon Loss: 4.1080
Epoch [19/30] - SupCon Loss: 4.1067
Epoch [20/30] - SupCon Loss: 4.1064
Epoch [21/30] - SupCon Loss: 4.1064
Epoch [22/30] - SupCon Loss: 4.1054
Epoch [23/30] - SupCon Loss: 4.1026
Epoch [24/30] - SupCon Loss: 4.1038
Epoch [25/30] - SupCon Loss: 4.1020
Epoch [26/30] - SupCon Loss: 4.1025
Epoch [27/30] - SupCon Loss: 4.1015
Epoch [28/30] - SupCon Loss: 4.1017
Epoch [29/30] - SupCon Loss: 4.1019
Epoch [30/30] - SupCon Loss: 4.1007
Class counts: [609, 54951]
Epoch 1/15, Loss: 0.0280
F1 Score: 0.9921
Epoch 2/15, Loss: 0.0139
F1 Score: 0.9971
Epoch 3/15, Loss: 0.0160
F1 Score: 0.9977
Epoch 4/15, Loss: 0.0173
F1 Score: 0.9981
Epoch 5/15, Loss: 0.0152
F1 Score: 0.9969
Epoch 6/15, Loss: 0.0138
F1 Score: 0.9933
Epoch 7/15, Loss: 0.0141
F1 Score: 0.9970
Epoch 8/15, Loss: 0.0142
F1 Score: 0.9947
Epoch 9/15, Loss: 0.0112
F1 Score: 0.9983
Epoch 10/15, Loss: 0.0134
F1 Score: 0.9973
Epoch 11/15, Loss: 0.0134
F1 Score: 0.9968
Epoch 12/15, Loss: 0.0135
F1 Score: 0.9967
Epoch 13/15, Loss: 0.0102
F1 Score: 0.9973
Epoch 14/15, Loss: 0.0127
F1 Score: 0.9985
Epoch 15/15, Loss: 0.0137
F1 Score: 0.9963
Validation Performance:
F1 Score: 0.9963
Test Performance:
F1 Score: 0.9956
/sw/rl9g/pytorch-2.0/conda3env/env/lib/python3.8/site-packages/torch/distributed/launch.py:181: FutureWarning: The module torch.distributed.launch is deprecated
and will be removed in future. Use torchrun.
Note that --use-env is set by default in torchrun.
If your script expects `--local-rank` argument to be set, please
change it to read from `os.environ['LOCAL_RANK']` instead. See 
https://pytorch.org/docs/stable/distributed.html#launch-utility for 
further instructions

  warnings.warn(
