GNU 13.2.0 is now loaded
Loading module for CUDA 11.8
CUDA 11.8 is now loaded
Loading module for Machine Learning 2024.01
Machine Learning 2024.01 is now loaded

Loading machine_learning/2024.01
  Loading requirement: gcc/13.2.0 cuda/11.8
Loading module for pytorch 2.0
pytorch 2.0 is now loaded
Target: X4
Imposters: ['X11', 'X13', 'X14', 'X15', 'X17', 'X2', 'X20', 'X21', 'X23', 'X25', 'X26', 'X27', 'X30', 'X31', 'X33', 'X34', 'X35', 'X36', 'X38', 'X39', 'X40', 'X41', 'X42', 'X43', 'X44', 'X45', 'X46', 'X47', 'X48', 'X49', 'X5', 'X50', 'X51', 'X6', 'X7', 'X8']
Dataset mean: 0.1799, std: 0.7614
Epoch [1/30] - SupCon Loss: 4.1415
Epoch [2/30] - SupCon Loss: 4.1418
Epoch [3/30] - SupCon Loss: 4.1420
Epoch [4/30] - SupCon Loss: 4.1419
Epoch [5/30] - SupCon Loss: 4.1418
Epoch [6/30] - SupCon Loss: 4.1402
Epoch [7/30] - SupCon Loss: 4.1394
Epoch [8/30] - SupCon Loss: 4.1379
Epoch [9/30] - SupCon Loss: 4.1370
Epoch [10/30] - SupCon Loss: 4.1350
Epoch [11/30] - SupCon Loss: 4.1339
Epoch [12/30] - SupCon Loss: 4.1293
Epoch [13/30] - SupCon Loss: 4.1208
Epoch [14/30] - SupCon Loss: 4.1166
Epoch [15/30] - SupCon Loss: 4.1140
Epoch [16/30] - SupCon Loss: 4.1102
Epoch [17/30] - SupCon Loss: 4.1105
Epoch [18/30] - SupCon Loss: 4.1072
Epoch [19/30] - SupCon Loss: 4.1063
Epoch [20/30] - SupCon Loss: 4.1054
Epoch [21/30] - SupCon Loss: 4.1044
Epoch [22/30] - SupCon Loss: 4.1044
Epoch [23/30] - SupCon Loss: 4.1030
Epoch [24/30] - SupCon Loss: 4.1031
Epoch [25/30] - SupCon Loss: 4.1014
Epoch [26/30] - SupCon Loss: 4.1027
Epoch [27/30] - SupCon Loss: 4.1019
Epoch [28/30] - SupCon Loss: 4.1013
Epoch [29/30] - SupCon Loss: 4.1007
Epoch [30/30] - SupCon Loss: 4.0999
Class counts: [609, 54951]
Epoch 1/15, Loss: 0.0429
F1 Score: 0.9980
Epoch 2/15, Loss: 0.0289
F1 Score: 0.9973
Epoch 3/15, Loss: 0.0280
F1 Score: 0.9967
Epoch 4/15, Loss: 0.0315
F1 Score: 0.9973
Epoch 5/15, Loss: 0.0278
F1 Score: 0.9970
Epoch 6/15, Loss: 0.0257
F1 Score: 0.9958
Epoch 7/15, Loss: 0.0271
F1 Score: 0.9977
Epoch 8/15, Loss: 0.0274
F1 Score: 0.9962
Epoch 9/15, Loss: 0.0310
F1 Score: 0.9962
Epoch 10/15, Loss: 0.0289
F1 Score: 0.9961
Epoch 11/15, Loss: 0.0297
F1 Score: 0.9971
Epoch 12/15, Loss: 0.0265
F1 Score: 0.9936
Epoch 13/15, Loss: 0.0249
F1 Score: 0.9971
Epoch 14/15, Loss: 0.0270
F1 Score: 0.9935
Epoch 15/15, Loss: 0.0272
F1 Score: 0.9979
Validation Performance:
F1 Score: 0.9979
Test Performance:
F1 Score: 0.9973
/sw/rl9g/pytorch-2.0/conda3env/env/lib/python3.8/site-packages/torch/distributed/launch.py:181: FutureWarning: The module torch.distributed.launch is deprecated
and will be removed in future. Use torchrun.
Note that --use-env is set by default in torchrun.
If your script expects `--local-rank` argument to be set, please
change it to read from `os.environ['LOCAL_RANK']` instead. See 
https://pytorch.org/docs/stable/distributed.html#launch-utility for 
further instructions

  warnings.warn(
