GNU 13.2.0 is now loaded
Loading module for CUDA 11.8
CUDA 11.8 is now loaded
Loading module for Machine Learning 2024.01
Machine Learning 2024.01 is now loaded

Loading machine_learning/2024.01
  Loading requirement: gcc/13.2.0 cuda/11.8
Loading module for pytorch 2.0
pytorch 2.0 is now loaded
Target: X4
Imposters: ['X11', 'X13', 'X14', 'X15', 'X17', 'X2', 'X20', 'X21', 'X23', 'X25', 'X26', 'X27', 'X30', 'X31', 'X33', 'X34', 'X35', 'X36', 'X38', 'X39', 'X40', 'X41', 'X42', 'X43', 'X44', 'X45', 'X46', 'X47', 'X48', 'X49', 'X5', 'X50', 'X51', 'X6', 'X7', 'X8']
Dataset mean: 0.1799, std: 0.7614
Epoch [1/30] - SupCon Loss: 4.1419
Epoch [2/30] - SupCon Loss: 4.1417
Epoch [3/30] - SupCon Loss: 4.1412
Epoch [4/30] - SupCon Loss: 4.1421
Epoch [5/30] - SupCon Loss: 4.1395
Epoch [6/30] - SupCon Loss: 4.1373
Epoch [7/30] - SupCon Loss: 4.1372
Epoch [8/30] - SupCon Loss: 4.1376
Epoch [9/30] - SupCon Loss: 4.1352
Epoch [10/30] - SupCon Loss: 4.1362
Epoch [11/30] - SupCon Loss: 4.1295
Epoch [12/30] - SupCon Loss: 4.1220
Epoch [13/30] - SupCon Loss: 4.1170
Epoch [14/30] - SupCon Loss: 4.1173
Epoch [15/30] - SupCon Loss: 4.1147
Epoch [16/30] - SupCon Loss: 4.1134
Epoch [17/30] - SupCon Loss: 4.1138
Epoch [18/30] - SupCon Loss: 4.1105
Epoch [19/30] - SupCon Loss: 4.1094
Epoch [20/30] - SupCon Loss: 4.1090
Epoch [21/30] - SupCon Loss: 4.1049
Epoch [22/30] - SupCon Loss: 4.1090
Epoch [23/30] - SupCon Loss: 4.1056
Epoch [24/30] - SupCon Loss: 4.1029
Epoch [25/30] - SupCon Loss: 4.1036
Epoch [26/30] - SupCon Loss: 4.1021
Epoch [27/30] - SupCon Loss: 4.1035
Epoch [28/30] - SupCon Loss: 4.1032
Epoch [29/30] - SupCon Loss: 4.1012
Epoch [30/30] - SupCon Loss: 4.1023
Class counts: [609, 54951]
Epoch 1/15, Loss: 0.0829
F1 Score: 0.9959
Epoch 2/15, Loss: 0.0612
F1 Score: 0.9948
Epoch 3/15, Loss: 0.0559
F1 Score: 0.9953
Epoch 4/15, Loss: 0.0529
F1 Score: 0.9941
Epoch 5/15, Loss: 0.0496
F1 Score: 0.9957
Epoch 6/15, Loss: 0.0546
F1 Score: 0.9898
Epoch 7/15, Loss: 0.0445
F1 Score: 0.9802
Epoch 8/15, Loss: 0.0465
F1 Score: 0.9875
Epoch 9/15, Loss: 0.0386
F1 Score: 0.9948
Epoch 10/15, Loss: 0.0487
F1 Score: 0.9891
Epoch 11/15, Loss: 0.0451
F1 Score: 0.9942
Epoch 12/15, Loss: 0.0485
F1 Score: 0.9956
Epoch 13/15, Loss: 0.0415
F1 Score: 0.9915
Epoch 14/15, Loss: 0.0399
F1 Score: 0.9960
Epoch 15/15, Loss: 0.0384
F1 Score: 0.9650
Validation Performance:
F1 Score: 0.9650
Test Performance:
F1 Score: 0.9644
/sw/rl9g/pytorch-2.0/conda3env/env/lib/python3.8/site-packages/torch/distributed/launch.py:181: FutureWarning: The module torch.distributed.launch is deprecated
and will be removed in future. Use torchrun.
Note that --use-env is set by default in torchrun.
If your script expects `--local-rank` argument to be set, please
change it to read from `os.environ['LOCAL_RANK']` instead. See 
https://pytorch.org/docs/stable/distributed.html#launch-utility for 
further instructions

  warnings.warn(
