GNU 13.2.0 is now loaded
Loading module for CUDA 11.8
CUDA 11.8 is now loaded
Loading module for Machine Learning 2024.01
Machine Learning 2024.01 is now loaded

Loading machine_learning/2024.01
  Loading requirement: gcc/13.2.0 cuda/11.8
Loading module for pytorch 2.0
pytorch 2.0 is now loaded
Target: X4
Imposters: ['X11', 'X13', 'X14', 'X15', 'X17', 'X2', 'X20', 'X21', 'X23', 'X25', 'X26', 'X27', 'X30', 'X31', 'X33', 'X34', 'X35', 'X36', 'X38', 'X39', 'X40', 'X41', 'X42', 'X43', 'X44', 'X45', 'X46', 'X47', 'X48', 'X49', 'X5', 'X50', 'X51', 'X6', 'X7', 'X8']
Dataset mean: 0.1799, std: 0.7614
Epoch [1/30] - SupCon Loss: 4.1414
Epoch [2/30] - SupCon Loss: 4.1419
Epoch [3/30] - SupCon Loss: 4.1415
Epoch [4/30] - SupCon Loss: 4.1418
Epoch [5/30] - SupCon Loss: 4.1399
Epoch [6/30] - SupCon Loss: 4.1386
Epoch [7/30] - SupCon Loss: 4.1374
Epoch [8/30] - SupCon Loss: 4.1362
Epoch [9/30] - SupCon Loss: 4.1395
Epoch [10/30] - SupCon Loss: 4.1370
Epoch [11/30] - SupCon Loss: 4.1360
Epoch [12/30] - SupCon Loss: 4.1364
Epoch [13/30] - SupCon Loss: 4.1351
Epoch [14/30] - SupCon Loss: 4.1357
Epoch [15/30] - SupCon Loss: 4.1356
Epoch [16/30] - SupCon Loss: 4.1338
Epoch [17/30] - SupCon Loss: 4.1271
Epoch [18/30] - SupCon Loss: 4.1213
Epoch [19/30] - SupCon Loss: 4.1156
Epoch [20/30] - SupCon Loss: 4.1145
Epoch [21/30] - SupCon Loss: 4.1129
Epoch [22/30] - SupCon Loss: 4.1098
Epoch [23/30] - SupCon Loss: 4.1094
Epoch [24/30] - SupCon Loss: 4.1075
Epoch [25/30] - SupCon Loss: 4.1058
Epoch [26/30] - SupCon Loss: 4.1054
Epoch [27/30] - SupCon Loss: 4.1057
Epoch [28/30] - SupCon Loss: 4.1036
Epoch [29/30] - SupCon Loss: 4.1039
Epoch [30/30] - SupCon Loss: 4.1023
Class counts: [609, 54951]
Epoch 1/15, Loss: 0.0689
F1 Score: 0.9938
Epoch 2/15, Loss: 0.0626
F1 Score: 0.9969
Epoch 3/15, Loss: 0.0517
F1 Score: 0.9956
Epoch 4/15, Loss: 0.0478
F1 Score: 0.9940
Epoch 5/15, Loss: 0.0519
F1 Score: 0.9908
Epoch 6/15, Loss: 0.0429
F1 Score: 0.9973
Epoch 7/15, Loss: 0.0473
F1 Score: 0.9969
Epoch 8/15, Loss: 0.0461
F1 Score: 0.9960
Epoch 9/15, Loss: 0.0497
F1 Score: 0.9943
Epoch 10/15, Loss: 0.0451
F1 Score: 0.9935
Epoch 11/15, Loss: 0.0347
F1 Score: 0.9974
Epoch 12/15, Loss: 0.0441
F1 Score: 0.9961
Epoch 13/15, Loss: 0.0473
F1 Score: 0.9967
Epoch 14/15, Loss: 0.0393
F1 Score: 0.9940
Epoch 15/15, Loss: 0.0464
F1 Score: 0.9979
Validation Performance:
F1 Score: 0.9979
Test Performance:
F1 Score: 0.9970
/sw/rl9g/pytorch-2.0/conda3env/env/lib/python3.8/site-packages/torch/distributed/launch.py:181: FutureWarning: The module torch.distributed.launch is deprecated
and will be removed in future. Use torchrun.
Note that --use-env is set by default in torchrun.
If your script expects `--local-rank` argument to be set, please
change it to read from `os.environ['LOCAL_RANK']` instead. See 
https://pytorch.org/docs/stable/distributed.html#launch-utility for 
further instructions

  warnings.warn(
