GNU 13.2.0 is now loaded
Loading module for CUDA 11.8
CUDA 11.8 is now loaded
Loading module for Machine Learning 2024.01
Machine Learning 2024.01 is now loaded

Loading machine_learning/2024.01
  Loading requirement: gcc/13.2.0 cuda/11.8
Loading module for pytorch 2.0
pytorch 2.0 is now loaded
Target: X4
Imposters: ['X11', 'X13', 'X14', 'X15', 'X17', 'X2', 'X20', 'X21', 'X23', 'X25', 'X26', 'X27', 'X30', 'X31', 'X33', 'X34', 'X35', 'X36', 'X38', 'X39', 'X40', 'X41', 'X42', 'X43', 'X44', 'X45', 'X46', 'X47', 'X48', 'X49', 'X5', 'X50', 'X51', 'X6', 'X7', 'X8']
Dataset mean: 0.1799, std: 0.7614
Epoch [1/30] - SupCon Loss: 4.1419
Epoch [2/30] - SupCon Loss: 4.1411
Epoch [3/30] - SupCon Loss: 4.1416
Epoch [4/30] - SupCon Loss: 4.1422
Epoch [5/30] - SupCon Loss: 4.1418
Epoch [6/30] - SupCon Loss: 4.1407
Epoch [7/30] - SupCon Loss: 4.1378
Epoch [8/30] - SupCon Loss: 4.1374
Epoch [9/30] - SupCon Loss: 4.1352
Epoch [10/30] - SupCon Loss: 4.1325
Epoch [11/30] - SupCon Loss: 4.1231
Epoch [12/30] - SupCon Loss: 4.1199
Epoch [13/30] - SupCon Loss: 4.1171
Epoch [14/30] - SupCon Loss: 4.1152
Epoch [15/30] - SupCon Loss: 4.1143
Epoch [16/30] - SupCon Loss: 4.1140
Epoch [17/30] - SupCon Loss: 4.1122
Epoch [18/30] - SupCon Loss: 4.1117
Epoch [19/30] - SupCon Loss: 4.1090
Epoch [20/30] - SupCon Loss: 4.1096
Epoch [21/30] - SupCon Loss: 4.1085
Epoch [22/30] - SupCon Loss: 4.1063
Epoch [23/30] - SupCon Loss: 4.1059
Epoch [24/30] - SupCon Loss: 4.1063
Epoch [25/30] - SupCon Loss: 4.1041
Epoch [26/30] - SupCon Loss: 4.1042
Epoch [27/30] - SupCon Loss: 4.1053
Epoch [28/30] - SupCon Loss: 4.1038
Epoch [29/30] - SupCon Loss: 4.1024
Epoch [30/30] - SupCon Loss: 4.1015
Class counts: [609, 54951]
Epoch 1/15, Loss: 0.0452
F1 Score: 0.9890
Epoch 2/15, Loss: 0.0351
F1 Score: 0.9789
Epoch 3/15, Loss: 0.0297
F1 Score: 0.9943
Epoch 4/15, Loss: 0.0323
F1 Score: 0.9967
Epoch 5/15, Loss: 0.0326
F1 Score: 0.9903
Epoch 6/15, Loss: 0.0306
F1 Score: 0.9961
Epoch 7/15, Loss: 0.0358
F1 Score: 0.9969
Epoch 8/15, Loss: 0.0340
F1 Score: 0.9859
Epoch 9/15, Loss: 0.0295
F1 Score: 0.9971
Epoch 10/15, Loss: 0.0362
F1 Score: 0.9964
Epoch 11/15, Loss: 0.0309
F1 Score: 0.9967
Epoch 12/15, Loss: 0.0292
F1 Score: 0.9948
Epoch 13/15, Loss: 0.0352
F1 Score: 0.9893
Epoch 14/15, Loss: 0.0315
F1 Score: 0.9923
Epoch 15/15, Loss: 0.0346
F1 Score: 0.9942
Validation Performance:
F1 Score: 0.9942
Test Performance:
F1 Score: 0.9948
/sw/rl9g/pytorch-2.0/conda3env/env/lib/python3.8/site-packages/torch/distributed/launch.py:181: FutureWarning: The module torch.distributed.launch is deprecated
and will be removed in future. Use torchrun.
Note that --use-env is set by default in torchrun.
If your script expects `--local-rank` argument to be set, please
change it to read from `os.environ['LOCAL_RANK']` instead. See 
https://pytorch.org/docs/stable/distributed.html#launch-utility for 
further instructions

  warnings.warn(
