GNU 13.2.0 is now loaded
Loading module for CUDA 11.8
CUDA 11.8 is now loaded
Loading module for Machine Learning 2024.01
Machine Learning 2024.01 is now loaded

Loading machine_learning/2024.01
  Loading requirement: gcc/13.2.0 cuda/11.8
Loading module for pytorch 2.0
pytorch 2.0 is now loaded
Target: X4
Imposters: ['X11', 'X13', 'X14', 'X15', 'X17', 'X2', 'X20', 'X21', 'X23', 'X25', 'X26', 'X27', 'X30', 'X31', 'X33', 'X34', 'X35', 'X36', 'X38', 'X39', 'X40', 'X41', 'X42', 'X43', 'X44', 'X45', 'X46', 'X47', 'X48', 'X49', 'X5', 'X50', 'X51', 'X6', 'X7', 'X8']
Dataset mean: 0.1799, std: 0.7614
Epoch [1/30] - SupCon Loss: 4.1422
Epoch [2/30] - SupCon Loss: 4.1412
Epoch [3/30] - SupCon Loss: 4.1416
Epoch [4/30] - SupCon Loss: 4.1419
Epoch [5/30] - SupCon Loss: 4.1415
Epoch [6/30] - SupCon Loss: 4.1414
Epoch [7/30] - SupCon Loss: 4.1392
Epoch [8/30] - SupCon Loss: 4.1369
Epoch [9/30] - SupCon Loss: 4.1374
Epoch [10/30] - SupCon Loss: 4.1361
Epoch [11/30] - SupCon Loss: 4.1362
Epoch [12/30] - SupCon Loss: 4.1347
Epoch [13/30] - SupCon Loss: 4.1333
Epoch [14/30] - SupCon Loss: 4.1250
Epoch [15/30] - SupCon Loss: 4.1198
Epoch [16/30] - SupCon Loss: 4.1171
Epoch [17/30] - SupCon Loss: 4.1131
Epoch [18/30] - SupCon Loss: 4.1120
Epoch [19/30] - SupCon Loss: 4.1102
Epoch [20/30] - SupCon Loss: 4.1092
Epoch [21/30] - SupCon Loss: 4.1058
Epoch [22/30] - SupCon Loss: 4.1084
Epoch [23/30] - SupCon Loss: 4.1056
Epoch [24/30] - SupCon Loss: 4.1051
Epoch [25/30] - SupCon Loss: 4.1049
Epoch [26/30] - SupCon Loss: 4.1040
Epoch [27/30] - SupCon Loss: 4.1038
Epoch [28/30] - SupCon Loss: 4.1027
Epoch [29/30] - SupCon Loss: 4.1019
Epoch [30/30] - SupCon Loss: 4.1015
Class counts: [609, 54951]
Epoch 1/15, Loss: 0.0463
F1 Score: 0.9961
Epoch 2/15, Loss: 0.0260
F1 Score: 0.9960
Epoch 3/15, Loss: 0.0263
F1 Score: 0.9958
Epoch 4/15, Loss: 0.0253
F1 Score: 0.9962
Epoch 5/15, Loss: 0.0262
F1 Score: 0.9921
Epoch 6/15, Loss: 0.0264
F1 Score: 0.9966
Epoch 7/15, Loss: 0.0277
F1 Score: 0.9962
Epoch 8/15, Loss: 0.0248
F1 Score: 0.9975
Epoch 9/15, Loss: 0.0300
F1 Score: 0.9972
Epoch 10/15, Loss: 0.0245
F1 Score: 0.9958
Epoch 11/15, Loss: 0.0236
F1 Score: 0.9952
Epoch 12/15, Loss: 0.0222
F1 Score: 0.9958
Epoch 13/15, Loss: 0.0269
F1 Score: 0.9900
Epoch 14/15, Loss: 0.0247
F1 Score: 0.9977
Epoch 15/15, Loss: 0.0245
F1 Score: 0.9974
Validation Performance:
F1 Score: 0.9974
Test Performance:
F1 Score: 0.9974
/sw/rl9g/pytorch-2.0/conda3env/env/lib/python3.8/site-packages/torch/distributed/launch.py:181: FutureWarning: The module torch.distributed.launch is deprecated
and will be removed in future. Use torchrun.
Note that --use-env is set by default in torchrun.
If your script expects `--local-rank` argument to be set, please
change it to read from `os.environ['LOCAL_RANK']` instead. See 
https://pytorch.org/docs/stable/distributed.html#launch-utility for 
further instructions

  warnings.warn(
