GNU 13.2.0 is now loaded
Loading module for CUDA 11.8
CUDA 11.8 is now loaded
Loading module for Machine Learning 2024.01
Machine Learning 2024.01 is now loaded

Loading machine_learning/2024.01
  Loading requirement: gcc/13.2.0 cuda/11.8
Loading module for pytorch 2.0
pytorch 2.0 is now loaded
Target: X4
Imposters: ['X11', 'X13', 'X14', 'X15', 'X17', 'X2', 'X20', 'X21', 'X23', 'X25', 'X26', 'X27', 'X30', 'X31', 'X33', 'X34', 'X35', 'X36', 'X38', 'X39', 'X40', 'X41', 'X42', 'X43', 'X44', 'X45', 'X46', 'X47', 'X48', 'X49', 'X5', 'X50', 'X51', 'X6', 'X7', 'X8']
Dataset mean: 0.1799, std: 0.7614
Epoch [1/30] - SupCon Loss: 4.1416
Epoch [2/30] - SupCon Loss: 4.1420
Epoch [3/30] - SupCon Loss: 4.1403
Epoch [4/30] - SupCon Loss: 4.1393
Epoch [5/30] - SupCon Loss: 4.1375
Epoch [6/30] - SupCon Loss: 4.1375
Epoch [7/30] - SupCon Loss: 4.1359
Epoch [8/30] - SupCon Loss: 4.1356
Epoch [9/30] - SupCon Loss: 4.1325
Epoch [10/30] - SupCon Loss: 4.1304
Epoch [11/30] - SupCon Loss: 4.1179
Epoch [12/30] - SupCon Loss: 4.1159
Epoch [13/30] - SupCon Loss: 4.1143
Epoch [14/30] - SupCon Loss: 4.1120
Epoch [15/30] - SupCon Loss: 4.1096
Epoch [16/30] - SupCon Loss: 4.1082
Epoch [17/30] - SupCon Loss: 4.1069
Epoch [18/30] - SupCon Loss: 4.1071
Epoch [19/30] - SupCon Loss: 4.1059
Epoch [20/30] - SupCon Loss: 4.1048
Epoch [21/30] - SupCon Loss: 4.1042
Epoch [22/30] - SupCon Loss: 4.1034
Epoch [23/30] - SupCon Loss: 4.1032
Epoch [24/30] - SupCon Loss: 4.1022
Epoch [25/30] - SupCon Loss: 4.1005
Epoch [26/30] - SupCon Loss: 4.1023
Epoch [27/30] - SupCon Loss: 4.1019
Epoch [28/30] - SupCon Loss: 4.1015
Epoch [29/30] - SupCon Loss: 4.1014
Epoch [30/30] - SupCon Loss: 4.1010
Class counts: [609, 54951]
Epoch 1/15, Loss: 0.0819
F1 Score: 0.9951
Epoch 2/15, Loss: 0.0466
F1 Score: 0.9948
Epoch 3/15, Loss: 0.0439
F1 Score: 0.9941
Epoch 4/15, Loss: 0.0388
F1 Score: 0.9949
Epoch 5/15, Loss: 0.0343
F1 Score: 0.9966
Epoch 6/15, Loss: 0.0360
F1 Score: 0.9945
Epoch 7/15, Loss: 0.0327
F1 Score: 0.9947
Epoch 8/15, Loss: 0.0331
F1 Score: 0.9968
Epoch 9/15, Loss: 0.0293
F1 Score: 0.9959
Epoch 10/15, Loss: 0.0334
F1 Score: 0.9966
Epoch 11/15, Loss: 0.0355
F1 Score: 0.9953
Epoch 12/15, Loss: 0.0287
F1 Score: 0.9971
Epoch 13/15, Loss: 0.0280
F1 Score: 0.9969
Epoch 14/15, Loss: 0.0309
F1 Score: 0.9970
Epoch 15/15, Loss: 0.0312
F1 Score: 0.9974
Validation Performance:
F1 Score: 0.9974
Test Performance:
F1 Score: 0.9975
/sw/rl9g/pytorch-2.0/conda3env/env/lib/python3.8/site-packages/torch/distributed/launch.py:181: FutureWarning: The module torch.distributed.launch is deprecated
and will be removed in future. Use torchrun.
Note that --use-env is set by default in torchrun.
If your script expects `--local-rank` argument to be set, please
change it to read from `os.environ['LOCAL_RANK']` instead. See 
https://pytorch.org/docs/stable/distributed.html#launch-utility for 
further instructions

  warnings.warn(
