GNU 13.2.0 is now loaded
Loading module for CUDA 11.8
CUDA 11.8 is now loaded
Loading module for Machine Learning 2024.01
Machine Learning 2024.01 is now loaded

Loading machine_learning/2024.01
  Loading requirement: gcc/13.2.0 cuda/11.8
Loading module for pytorch 2.0
pytorch 2.0 is now loaded
Dataset mean: 0.1799, std: 0.7484
Epoch [1/50] - SupCon Loss: 2.2019
Epoch [2/50] - SupCon Loss: 1.7943
Epoch [3/50] - SupCon Loss: 1.6881
Epoch [4/50] - SupCon Loss: 1.6368
Epoch [5/50] - SupCon Loss: 1.5958
Epoch [6/50] - SupCon Loss: 1.5622
Epoch [7/50] - SupCon Loss: 1.5268
Epoch [8/50] - SupCon Loss: 1.5085
Epoch [9/50] - SupCon Loss: 1.4883
Epoch [10/50] - SupCon Loss: 1.4642
Epoch [11/50] - SupCon Loss: 1.4581
Epoch [12/50] - SupCon Loss: 1.4381
Epoch [13/50] - SupCon Loss: 1.4308
Epoch [14/50] - SupCon Loss: 1.4279
Epoch [15/50] - SupCon Loss: 1.4214
Epoch [16/50] - SupCon Loss: 1.3962
Epoch [17/50] - SupCon Loss: 1.3925
Epoch [18/50] - SupCon Loss: 1.3966
Epoch [19/50] - SupCon Loss: 1.3808
Epoch [20/50] - SupCon Loss: 1.3683
Epoch [21/50] - SupCon Loss: 1.3793
Epoch [22/50] - SupCon Loss: 1.3594
Epoch [23/50] - SupCon Loss: 1.3519
Epoch [24/50] - SupCon Loss: 1.3482
Epoch [25/50] - SupCon Loss: 1.3498
Epoch [26/50] - SupCon Loss: 1.3355
Epoch [27/50] - SupCon Loss: 1.3272
Epoch [28/50] - SupCon Loss: 1.3235
Epoch [29/50] - SupCon Loss: 1.3178
Epoch [30/50] - SupCon Loss: 1.3190
Epoch [31/50] - SupCon Loss: 1.3069
Epoch [32/50] - SupCon Loss: 1.3121
Epoch [33/50] - SupCon Loss: 1.3025
Epoch [34/50] - SupCon Loss: 1.2958
Epoch [35/50] - SupCon Loss: 1.2926
Epoch [36/50] - SupCon Loss: 1.2780
Epoch [37/50] - SupCon Loss: 1.2858
Epoch [38/50] - SupCon Loss: 1.2706
Epoch [39/50] - SupCon Loss: 1.2716
Epoch [40/50] - SupCon Loss: 1.2600
Epoch [41/50] - SupCon Loss: 1.2622
Epoch [42/50] - SupCon Loss: 1.2484
Epoch [43/50] - SupCon Loss: 1.2455
Epoch [44/50] - SupCon Loss: 1.2485
Epoch [45/50] - SupCon Loss: 1.2439
Epoch [46/50] - SupCon Loss: 1.2415
Epoch [47/50] - SupCon Loss: 1.2339
Epoch [48/50] - SupCon Loss: 1.2260
Epoch [49/50] - SupCon Loss: 1.2143
Epoch [50/50] - SupCon Loss: 1.2168
Class counts: [1276, 1357, 2157, 975, 991, 1773, 1521, 1513, 2038, 1149, 1083, 1912, 1365, 1623, 1104, 1152, 1505, 1490, 1632, 1882, 609, 913, 2518, 1807, 2209, 2121, 1331, 1171, 1593, 1850, 673, 1600, 896, 1551, 2275, 1705, 1240]
Epoch 1/50, Loss: 0.5134
F1 Score: 0.7679
Epoch 2/50, Loss: 0.3415
F1 Score: 0.7669
Epoch 3/50, Loss: 0.3201
F1 Score: 0.7734
Epoch 4/50, Loss: 0.3074
F1 Score: 0.7714
Epoch 5/50, Loss: 0.2975
F1 Score: 0.7682
Epoch 6/50, Loss: 0.2876
F1 Score: 0.7693
Epoch 7/50, Loss: 0.2841
F1 Score: 0.7616
Epoch 8/50, Loss: 0.2767
F1 Score: 0.7687
Epoch 9/50, Loss: 0.2715
F1 Score: 0.7646
Epoch 10/50, Loss: 0.2674
F1 Score: 0.7704
Epoch 11/50, Loss: 0.2633
F1 Score: 0.7713
Epoch 12/50, Loss: 0.2586
F1 Score: 0.7701
Epoch 13/50, Loss: 0.2529
F1 Score: 0.7668
Epoch 14/50, Loss: 0.2495
F1 Score: 0.7660
Epoch 15/50, Loss: 0.2484
F1 Score: 0.7656
Epoch 16/50, Loss: 0.2452
F1 Score: 0.7677
Epoch 17/50, Loss: 0.2413
F1 Score: 0.7678
Epoch 18/50, Loss: 0.2397
F1 Score: 0.7682
Epoch 19/50, Loss: 0.2367
F1 Score: 0.7671
Epoch 20/50, Loss: 0.2348
F1 Score: 0.7692
Epoch 21/50, Loss: 0.2335
F1 Score: 0.7668
Epoch 22/50, Loss: 0.2314
F1 Score: 0.7648
Epoch 23/50, Loss: 0.2278
F1 Score: 0.7692
Epoch 24/50, Loss: 0.2268
F1 Score: 0.7675
Epoch 25/50, Loss: 0.2242
F1 Score: 0.7677
Epoch 26/50, Loss: 0.2223
F1 Score: 0.7682
Epoch 27/50, Loss: 0.2209
F1 Score: 0.7695
Epoch 28/50, Loss: 0.2188
F1 Score: 0.7631
Epoch 29/50, Loss: 0.2183
F1 Score: 0.7691
Epoch 30/50, Loss: 0.2161
F1 Score: 0.7672
Epoch 31/50, Loss: 0.2147
F1 Score: 0.7683
Epoch 32/50, Loss: 0.2127
F1 Score: 0.7706
Epoch 33/50, Loss: 0.2115
F1 Score: 0.7657
Epoch 34/50, Loss: 0.2097
F1 Score: 0.7656
Epoch 35/50, Loss: 0.2087
F1 Score: 0.7663
Epoch 36/50, Loss: 0.2077
F1 Score: 0.7661
Epoch 37/50, Loss: 0.2055
F1 Score: 0.7661
Epoch 38/50, Loss: 0.2051
F1 Score: 0.7680
Epoch 39/50, Loss: 0.2053
F1 Score: 0.7657
Epoch 40/50, Loss: 0.2028
F1 Score: 0.7624
Epoch 41/50, Loss: 0.2015
F1 Score: 0.7628
Epoch 42/50, Loss: 0.2003
F1 Score: 0.7583
Epoch 43/50, Loss: 0.1986
F1 Score: 0.7681
Epoch 44/50, Loss: 0.1991
F1 Score: 0.7678
Epoch 45/50, Loss: 0.1972
F1 Score: 0.7659
Epoch 46/50, Loss: 0.1971
F1 Score: 0.7674
Epoch 47/50, Loss: 0.1949
F1 Score: 0.7644
Epoch 48/50, Loss: 0.1944
F1 Score: 0.7634
Epoch 49/50, Loss: 0.1933
F1 Score: 0.7617
Epoch 50/50, Loss: 0.1920
F1 Score: 0.7656
Validation Performance:
F1 Score: 0.7656
Test Performance:
F1 Score: 0.7649
/sw/rl9g/pytorch-2.0/conda3env/env/lib/python3.8/site-packages/torch/distributed/launch.py:181: FutureWarning: The module torch.distributed.launch is deprecated
and will be removed in future. Use torchrun.
Note that --use-env is set by default in torchrun.
If your script expects `--local-rank` argument to be set, please
change it to read from `os.environ['LOCAL_RANK']` instead. See 
https://pytorch.org/docs/stable/distributed.html#launch-utility for 
further instructions

  warnings.warn(
