GNU 13.2.0 is now loaded
Loading module for CUDA 11.8
CUDA 11.8 is now loaded
Loading module for Machine Learning 2024.01
Machine Learning 2024.01 is now loaded

Loading machine_learning/2024.01
  Loading requirement: gcc/13.2.0 cuda/11.8
Loading module for pytorch 2.0
pytorch 2.0 is now loaded
Dataset mean: 0.1799, std: 0.7484
Epoch [1/50] - SupCon Loss: 2.1943
Epoch [2/50] - SupCon Loss: 1.8104
Epoch [3/50] - SupCon Loss: 1.7007
Epoch [4/50] - SupCon Loss: 1.6465
Epoch [5/50] - SupCon Loss: 1.6006
Epoch [6/50] - SupCon Loss: 1.5518
Epoch [7/50] - SupCon Loss: 1.5291
Epoch [8/50] - SupCon Loss: 1.5124
Epoch [9/50] - SupCon Loss: 1.4910
Epoch [10/50] - SupCon Loss: 1.4721
Epoch [11/50] - SupCon Loss: 1.4696
Epoch [12/50] - SupCon Loss: 1.4433
Epoch [13/50] - SupCon Loss: 1.4254
Epoch [14/50] - SupCon Loss: 1.4246
Epoch [15/50] - SupCon Loss: 1.4164
Epoch [16/50] - SupCon Loss: 1.4046
Epoch [17/50] - SupCon Loss: 1.4026
Epoch [18/50] - SupCon Loss: 1.3879
Epoch [19/50] - SupCon Loss: 1.3798
Epoch [20/50] - SupCon Loss: 1.3681
Epoch [21/50] - SupCon Loss: 1.3641
Epoch [22/50] - SupCon Loss: 1.3545
Epoch [23/50] - SupCon Loss: 1.3499
Epoch [24/50] - SupCon Loss: 1.3495
Epoch [25/50] - SupCon Loss: 1.3338
Epoch [26/50] - SupCon Loss: 1.3324
Epoch [27/50] - SupCon Loss: 1.3253
Epoch [28/50] - SupCon Loss: 1.3214
Epoch [29/50] - SupCon Loss: 1.3280
Epoch [30/50] - SupCon Loss: 1.3029
Epoch [31/50] - SupCon Loss: 1.3131
Epoch [32/50] - SupCon Loss: 1.3116
Epoch [33/50] - SupCon Loss: 1.3023
Epoch [34/50] - SupCon Loss: 1.2902
Epoch [35/50] - SupCon Loss: 1.2834
Epoch [36/50] - SupCon Loss: 1.2822
Epoch [37/50] - SupCon Loss: 1.2720
Epoch [38/50] - SupCon Loss: 1.2656
Epoch [39/50] - SupCon Loss: 1.2748
Epoch [40/50] - SupCon Loss: 1.2566
Epoch [41/50] - SupCon Loss: 1.2557
Epoch [42/50] - SupCon Loss: 1.2466
Epoch [43/50] - SupCon Loss: 1.2469
Epoch [44/50] - SupCon Loss: 1.2387
Epoch [45/50] - SupCon Loss: 1.2351
Epoch [46/50] - SupCon Loss: 1.2336
Epoch [47/50] - SupCon Loss: 1.2353
Epoch [48/50] - SupCon Loss: 1.2239
Epoch [49/50] - SupCon Loss: 1.2219
Epoch [50/50] - SupCon Loss: 1.2145
Class counts: [1276, 1357, 2157, 975, 991, 1773, 1521, 1513, 2038, 1149, 1083, 1912, 1365, 1623, 1104, 1152, 1505, 1490, 1632, 1882, 609, 913, 2518, 1807, 2209, 2121, 1331, 1171, 1593, 1850, 673, 1600, 896, 1551, 2275, 1705, 1240]
Epoch 1/20, Loss: 0.5109
F1 Score: 0.7697
Epoch 2/20, Loss: 0.3325
F1 Score: 0.7753
Epoch 3/20, Loss: 0.3143
F1 Score: 0.7751
Epoch 4/20, Loss: 0.3010
F1 Score: 0.7735
Epoch 5/20, Loss: 0.2926
F1 Score: 0.7753
Epoch 6/20, Loss: 0.2848
F1 Score: 0.7721
Epoch 7/20, Loss: 0.2789
F1 Score: 0.7801
Epoch 8/20, Loss: 0.2722
F1 Score: 0.7751
Epoch 9/20, Loss: 0.2688
F1 Score: 0.7771
Epoch 10/20, Loss: 0.2634
F1 Score: 0.7691
Epoch 11/20, Loss: 0.2597
F1 Score: 0.7712
Epoch 12/20, Loss: 0.2553
F1 Score: 0.7729
Epoch 13/20, Loss: 0.2525
F1 Score: 0.7773
Epoch 14/20, Loss: 0.2491
F1 Score: 0.7717
Epoch 15/20, Loss: 0.2458
F1 Score: 0.7759
Epoch 16/20, Loss: 0.2426
F1 Score: 0.7786
Epoch 17/20, Loss: 0.2390
F1 Score: 0.7758
Epoch 18/20, Loss: 0.2371
F1 Score: 0.7688
Epoch 19/20, Loss: 0.2355
F1 Score: 0.7727
Epoch 20/20, Loss: 0.2343
F1 Score: 0.7747
Validation Performance:
F1 Score: 0.7747
Test Performance:
F1 Score: 0.7712
/sw/rl9g/pytorch-2.0/conda3env/env/lib/python3.8/site-packages/torch/distributed/launch.py:181: FutureWarning: The module torch.distributed.launch is deprecated
and will be removed in future. Use torchrun.
Note that --use-env is set by default in torchrun.
If your script expects `--local-rank` argument to be set, please
change it to read from `os.environ['LOCAL_RANK']` instead. See 
https://pytorch.org/docs/stable/distributed.html#launch-utility for 
further instructions

  warnings.warn(
