GNU 13.2.0 is now loaded
Loading module for CUDA 11.8
CUDA 11.8 is now loaded
Loading module for Machine Learning 2024.01
Machine Learning 2024.01 is now loaded

Loading machine_learning/2024.01
  Loading requirement: gcc/13.2.0 cuda/11.8
Loading module for pytorch 2.0
pytorch 2.0 is now loaded
Dataset mean: 0.1799, std: 0.7484
Epoch [1/50] - SupCon Loss: 2.1769
Epoch [2/50] - SupCon Loss: 1.8013
Epoch [3/50] - SupCon Loss: 1.6880
Epoch [4/50] - SupCon Loss: 1.6328
Epoch [5/50] - SupCon Loss: 1.5892
Epoch [6/50] - SupCon Loss: 1.5595
Epoch [7/50] - SupCon Loss: 1.5316
Epoch [8/50] - SupCon Loss: 1.5221
Epoch [9/50] - SupCon Loss: 1.4990
Epoch [10/50] - SupCon Loss: 1.4690
Epoch [11/50] - SupCon Loss: 1.4574
Epoch [12/50] - SupCon Loss: 1.4487
Epoch [13/50] - SupCon Loss: 1.4301
Epoch [14/50] - SupCon Loss: 1.4179
Epoch [15/50] - SupCon Loss: 1.4157
Epoch [16/50] - SupCon Loss: 1.3983
Epoch [17/50] - SupCon Loss: 1.3944
Epoch [18/50] - SupCon Loss: 1.3805
Epoch [19/50] - SupCon Loss: 1.3769
Epoch [20/50] - SupCon Loss: 1.3709
Epoch [21/50] - SupCon Loss: 1.3654
Epoch [22/50] - SupCon Loss: 1.3581
Epoch [23/50] - SupCon Loss: 1.3564
Epoch [24/50] - SupCon Loss: 1.3461
Epoch [25/50] - SupCon Loss: 1.3369
Epoch [26/50] - SupCon Loss: 1.3280
Epoch [27/50] - SupCon Loss: 1.3314
Epoch [28/50] - SupCon Loss: 1.3223
Epoch [29/50] - SupCon Loss: 1.3267
Epoch [30/50] - SupCon Loss: 1.3137
Epoch [31/50] - SupCon Loss: 1.3060
Epoch [32/50] - SupCon Loss: 1.3120
Epoch [33/50] - SupCon Loss: 1.2959
Epoch [34/50] - SupCon Loss: 1.2912
Epoch [35/50] - SupCon Loss: 1.2958
Epoch [36/50] - SupCon Loss: 1.2784
Epoch [37/50] - SupCon Loss: 1.2737
Epoch [38/50] - SupCon Loss: 1.2753
Epoch [39/50] - SupCon Loss: 1.2632
Epoch [40/50] - SupCon Loss: 1.2603
Epoch [41/50] - SupCon Loss: 1.2628
Epoch [42/50] - SupCon Loss: 1.2558
Epoch [43/50] - SupCon Loss: 1.2451
Epoch [44/50] - SupCon Loss: 1.2393
Epoch [45/50] - SupCon Loss: 1.2398
Epoch [46/50] - SupCon Loss: 1.2355
Epoch [47/50] - SupCon Loss: 1.2306
Epoch [48/50] - SupCon Loss: 1.2221
Epoch [49/50] - SupCon Loss: 1.2296
Epoch [50/50] - SupCon Loss: 1.2252
Class counts: [1276, 1357, 2157, 975, 991, 1773, 1521, 1513, 2038, 1149, 1083, 1912, 1365, 1623, 1104, 1152, 1505, 1490, 1632, 1882, 609, 913, 2518, 1807, 2209, 2121, 1331, 1171, 1593, 1850, 673, 1600, 896, 1551, 2275, 1705, 1240]
Epoch 1/20, Loss: 0.5299
F1 Score: 0.7629
Epoch 2/20, Loss: 0.3546
F1 Score: 0.7699
Epoch 3/20, Loss: 0.3346
F1 Score: 0.7706
Epoch 4/20, Loss: 0.3213
F1 Score: 0.7689
Epoch 5/20, Loss: 0.3118
F1 Score: 0.7648
Epoch 6/20, Loss: 0.3021
F1 Score: 0.7645
Epoch 7/20, Loss: 0.2950
F1 Score: 0.7656
Epoch 8/20, Loss: 0.2899
F1 Score: 0.7641
Epoch 9/20, Loss: 0.2847
F1 Score: 0.7676
Epoch 10/20, Loss: 0.2791
F1 Score: 0.7645
Epoch 11/20, Loss: 0.2735
F1 Score: 0.7737
Epoch 12/20, Loss: 0.2696
F1 Score: 0.7728
Epoch 13/20, Loss: 0.2668
F1 Score: 0.7674
Epoch 14/20, Loss: 0.2647
F1 Score: 0.7648
Epoch 15/20, Loss: 0.2592
F1 Score: 0.7662
Epoch 16/20, Loss: 0.2578
F1 Score: 0.7644
Epoch 17/20, Loss: 0.2529
F1 Score: 0.7650
Epoch 18/20, Loss: 0.2523
F1 Score: 0.7666
Epoch 19/20, Loss: 0.2493
F1 Score: 0.7647
Epoch 20/20, Loss: 0.2487
F1 Score: 0.7657
Validation Performance:
F1 Score: 0.7657
Test Performance:
F1 Score: 0.7665
/sw/rl9g/pytorch-2.0/conda3env/env/lib/python3.8/site-packages/torch/distributed/launch.py:181: FutureWarning: The module torch.distributed.launch is deprecated
and will be removed in future. Use torchrun.
Note that --use-env is set by default in torchrun.
If your script expects `--local-rank` argument to be set, please
change it to read from `os.environ['LOCAL_RANK']` instead. See 
https://pytorch.org/docs/stable/distributed.html#launch-utility for 
further instructions

  warnings.warn(
