GNU 13.2.0 is now loaded
Loading module for CUDA 11.8
CUDA 11.8 is now loaded
Loading module for Machine Learning 2024.01
Machine Learning 2024.01 is now loaded

Loading machine_learning/2024.01
  Loading requirement: gcc/13.2.0 cuda/11.8
Loading module for pytorch 2.0
pytorch 2.0 is now loaded
Target: X41
Imposters: ['X11', 'X13', 'X14', 'X15', 'X17', 'X2', 'X20', 'X21', 'X23', 'X25', 'X26', 'X27', 'X30', 'X31', 'X33', 'X34', 'X35', 'X36', 'X38', 'X39', 'X4', 'X40', 'X42', 'X43', 'X44', 'X45', 'X46', 'X47', 'X48', 'X49', 'X5', 'X50', 'X51', 'X6', 'X7', 'X8']
Dataset mean: 0.1799, std: 0.7613
Epoch [1/30] - SupCon Loss: 4.1424
Epoch [2/30] - SupCon Loss: 4.1412
Epoch [3/30] - SupCon Loss: 4.1401
Epoch [4/30] - SupCon Loss: 4.1392
Epoch [5/30] - SupCon Loss: 4.1392
Epoch [6/30] - SupCon Loss: 4.1378
Epoch [7/30] - SupCon Loss: 4.1367
Epoch [8/30] - SupCon Loss: 4.1356
Epoch [9/30] - SupCon Loss: 4.1345
Epoch [10/30] - SupCon Loss: 4.1332
Epoch [11/30] - SupCon Loss: 4.1324
Epoch [12/30] - SupCon Loss: 4.1316
Epoch [13/30] - SupCon Loss: 4.1302
Epoch [14/30] - SupCon Loss: 4.1296
Epoch [15/30] - SupCon Loss: 4.1286
Epoch [16/30] - SupCon Loss: 4.1276
Epoch [17/30] - SupCon Loss: 4.1264
Epoch [18/30] - SupCon Loss: 4.1248
Epoch [19/30] - SupCon Loss: 4.1245
Epoch [20/30] - SupCon Loss: 4.1231
Epoch [21/30] - SupCon Loss: 4.1226
Epoch [22/30] - SupCon Loss: 4.1223
Epoch [23/30] - SupCon Loss: 4.1207
Epoch [24/30] - SupCon Loss: 4.1199
Epoch [25/30] - SupCon Loss: 4.1189
Epoch [26/30] - SupCon Loss: 4.1180
Epoch [27/30] - SupCon Loss: 4.1167
Epoch [28/30] - SupCon Loss: 4.1142
Epoch [29/30] - SupCon Loss: 4.1141
Epoch [30/30] - SupCon Loss: 4.1119
Class counts: [2518, 53042]
Epoch 1/15, Loss: 0.3287
F1 Score: 0.8836
Epoch 2/15, Loss: 0.2865
F1 Score: 0.9314
Epoch 3/15, Loss: 0.2889
F1 Score: 0.8878
Epoch 4/15, Loss: 0.2853
F1 Score: 0.9349
Epoch 5/15, Loss: 0.2746
F1 Score: 0.9198
Epoch 6/15, Loss: 0.2766
F1 Score: 0.9189
Epoch 7/15, Loss: 0.2800
F1 Score: 0.9287
Epoch 8/15, Loss: 0.2765
F1 Score: 0.9259
Epoch 9/15, Loss: 0.2697
F1 Score: 0.9280
Epoch 10/15, Loss: 0.2680
F1 Score: 0.9020
Epoch 11/15, Loss: 0.2675
F1 Score: 0.9346
Epoch 12/15, Loss: 0.2693
F1 Score: 0.9293
Epoch 13/15, Loss: 0.2761
F1 Score: 0.9187
Epoch 14/15, Loss: 0.2693
F1 Score: 0.9377
Epoch 15/15, Loss: 0.2663
F1 Score: 0.9202
Validation Performance:
F1 Score: 0.9202
Test Performance:
F1 Score: 0.9252
/sw/rl9g/pytorch-2.0/conda3env/env/lib/python3.8/site-packages/torch/distributed/launch.py:181: FutureWarning: The module torch.distributed.launch is deprecated
and will be removed in future. Use torchrun.
Note that --use-env is set by default in torchrun.
If your script expects `--local-rank` argument to be set, please
change it to read from `os.environ['LOCAL_RANK']` instead. See 
https://pytorch.org/docs/stable/distributed.html#launch-utility for 
further instructions

  warnings.warn(
