GNU 13.2.0 is now loaded
Loading module for CUDA 11.8
CUDA 11.8 is now loaded
Loading module for Machine Learning 2024.01
Machine Learning 2024.01 is now loaded

Loading machine_learning/2024.01
  Loading requirement: gcc/13.2.0 cuda/11.8
Loading module for pytorch 2.0
pytorch 2.0 is now loaded
Target: X41
Imposters: ['X11', 'X13', 'X14', 'X15', 'X17', 'X2', 'X20', 'X21', 'X23', 'X25', 'X26', 'X27', 'X30', 'X31', 'X33', 'X34', 'X35', 'X36', 'X38', 'X39', 'X4', 'X40', 'X42', 'X43', 'X44', 'X45', 'X46', 'X47', 'X48', 'X49', 'X5', 'X50', 'X51', 'X6', 'X7', 'X8']
Dataset mean: 0.1799, std: 0.7613
Epoch [1/30] - SupCon Loss: 4.1425
Epoch [2/30] - SupCon Loss: 4.1412
Epoch [3/30] - SupCon Loss: 4.1403
Epoch [4/30] - SupCon Loss: 4.1399
Epoch [5/30] - SupCon Loss: 4.1387
Epoch [6/30] - SupCon Loss: 4.1379
Epoch [7/30] - SupCon Loss: 4.1364
Epoch [8/30] - SupCon Loss: 4.1355
Epoch [9/30] - SupCon Loss: 4.1342
Epoch [10/30] - SupCon Loss: 4.1334
Epoch [11/30] - SupCon Loss: 4.1322
Epoch [12/30] - SupCon Loss: 4.1312
Epoch [13/30] - SupCon Loss: 4.1307
Epoch [14/30] - SupCon Loss: 4.1294
Epoch [15/30] - SupCon Loss: 4.1279
Epoch [16/30] - SupCon Loss: 4.1270
Epoch [17/30] - SupCon Loss: 4.1264
Epoch [18/30] - SupCon Loss: 4.1250
Epoch [19/30] - SupCon Loss: 4.1240
Epoch [20/30] - SupCon Loss: 4.1229
Epoch [21/30] - SupCon Loss: 4.1219
Epoch [22/30] - SupCon Loss: 4.1213
Epoch [23/30] - SupCon Loss: 4.1206
Epoch [24/30] - SupCon Loss: 4.1187
Epoch [25/30] - SupCon Loss: 4.1176
Epoch [26/30] - SupCon Loss: 4.1179
Epoch [27/30] - SupCon Loss: 4.1178
Epoch [28/30] - SupCon Loss: 4.1157
Epoch [29/30] - SupCon Loss: 4.1142
Epoch [30/30] - SupCon Loss: 4.1130
Class counts: [2518, 53042]
Epoch 1/15, Loss: 0.3369
F1 Score: 0.8984
Epoch 2/15, Loss: 0.2965
F1 Score: 0.9407
Epoch 3/15, Loss: 0.2915
F1 Score: 0.9203
Epoch 4/15, Loss: 0.2844
F1 Score: 0.9319
Epoch 5/15, Loss: 0.2851
F1 Score: 0.9073
Epoch 6/15, Loss: 0.2756
F1 Score: 0.9083
Epoch 7/15, Loss: 0.2798
F1 Score: 0.9413
Epoch 8/15, Loss: 0.2779
F1 Score: 0.9354
Epoch 9/15, Loss: 0.2766
F1 Score: 0.8892
Epoch 10/15, Loss: 0.2796
F1 Score: 0.9062
Epoch 11/15, Loss: 0.2683
F1 Score: 0.9344
Epoch 12/15, Loss: 0.2765
F1 Score: 0.8950
Epoch 13/15, Loss: 0.2689
F1 Score: 0.8706
Epoch 14/15, Loss: 0.2666
F1 Score: 0.9125
Epoch 15/15, Loss: 0.2735
F1 Score: 0.9391
Validation Performance:
F1 Score: 0.9391
Test Performance:
F1 Score: 0.9401
/sw/rl9g/pytorch-2.0/conda3env/env/lib/python3.8/site-packages/torch/distributed/launch.py:181: FutureWarning: The module torch.distributed.launch is deprecated
and will be removed in future. Use torchrun.
Note that --use-env is set by default in torchrun.
If your script expects `--local-rank` argument to be set, please
change it to read from `os.environ['LOCAL_RANK']` instead. See 
https://pytorch.org/docs/stable/distributed.html#launch-utility for 
further instructions

  warnings.warn(
