GNU 13.2.0 is now loaded
Loading module for CUDA 11.8
CUDA 11.8 is now loaded
Loading module for Machine Learning 2024.01
Machine Learning 2024.01 is now loaded

Loading machine_learning/2024.01
  Loading requirement: gcc/13.2.0 cuda/11.8
Loading module for pytorch 2.0
pytorch 2.0 is now loaded
Target: X41
Imposters: ['X11', 'X13', 'X14', 'X15', 'X17', 'X2', 'X20', 'X21', 'X23', 'X25', 'X26', 'X27', 'X30', 'X31', 'X33', 'X34', 'X35', 'X36', 'X38', 'X39', 'X4', 'X40', 'X42', 'X43', 'X44', 'X45', 'X46', 'X47', 'X48', 'X49', 'X5', 'X50', 'X51', 'X6', 'X7', 'X8']
Dataset mean: 0.1799, std: 0.7613
Epoch [1/30] - SupCon Loss: 4.1425
Epoch [2/30] - SupCon Loss: 4.1412
Epoch [3/30] - SupCon Loss: 4.1404
Epoch [4/30] - SupCon Loss: 4.1397
Epoch [5/30] - SupCon Loss: 4.1386
Epoch [6/30] - SupCon Loss: 4.1374
Epoch [7/30] - SupCon Loss: 4.1361
Epoch [8/30] - SupCon Loss: 4.1351
Epoch [9/30] - SupCon Loss: 4.1336
Epoch [10/30] - SupCon Loss: 4.1328
Epoch [11/30] - SupCon Loss: 4.1316
Epoch [12/30] - SupCon Loss: 4.1305
Epoch [13/30] - SupCon Loss: 4.1289
Epoch [14/30] - SupCon Loss: 4.1285
Epoch [15/30] - SupCon Loss: 4.1273
Epoch [16/30] - SupCon Loss: 4.1263
Epoch [17/30] - SupCon Loss: 4.1253
Epoch [18/30] - SupCon Loss: 4.1238
Epoch [19/30] - SupCon Loss: 4.1236
Epoch [20/30] - SupCon Loss: 4.1217
Epoch [21/30] - SupCon Loss: 4.1211
Epoch [22/30] - SupCon Loss: 4.1200
Epoch [23/30] - SupCon Loss: 4.1194
Epoch [24/30] - SupCon Loss: 4.1177
Epoch [25/30] - SupCon Loss: 4.1169
Epoch [26/30] - SupCon Loss: 4.1159
Epoch [27/30] - SupCon Loss: 4.1142
Epoch [28/30] - SupCon Loss: 4.1131
Epoch [29/30] - SupCon Loss: 4.1126
Epoch [30/30] - SupCon Loss: 4.1120
Class counts: [2518, 53042]
Epoch 1/15, Loss: 0.3285
F1 Score: 0.9101
Epoch 2/15, Loss: 0.2752
F1 Score: 0.9215
Epoch 3/15, Loss: 0.2732
F1 Score: 0.9365
Epoch 4/15, Loss: 0.2666
F1 Score: 0.9003
Epoch 5/15, Loss: 0.2595
F1 Score: 0.9236
Epoch 6/15, Loss: 0.2710
F1 Score: 0.9383
Epoch 7/15, Loss: 0.2496
F1 Score: 0.9126
Epoch 8/15, Loss: 0.2647
F1 Score: 0.9439
Epoch 9/15, Loss: 0.2639
F1 Score: 0.9408
Epoch 10/15, Loss: 0.2545
F1 Score: 0.9323
Epoch 11/15, Loss: 0.2570
F1 Score: 0.9020
Epoch 12/15, Loss: 0.2565
F1 Score: 0.9266
Epoch 13/15, Loss: 0.2538
F1 Score: 0.9398
Epoch 14/15, Loss: 0.2582
F1 Score: 0.9202
Epoch 15/15, Loss: 0.2494
F1 Score: 0.9171
Validation Performance:
F1 Score: 0.9171
Test Performance:
F1 Score: 0.9218
/sw/rl9g/pytorch-2.0/conda3env/env/lib/python3.8/site-packages/torch/distributed/launch.py:181: FutureWarning: The module torch.distributed.launch is deprecated
and will be removed in future. Use torchrun.
Note that --use-env is set by default in torchrun.
If your script expects `--local-rank` argument to be set, please
change it to read from `os.environ['LOCAL_RANK']` instead. See 
https://pytorch.org/docs/stable/distributed.html#launch-utility for 
further instructions

  warnings.warn(
