GNU 13.2.0 is now loaded
Loading module for CUDA 11.8
CUDA 11.8 is now loaded
Loading module for Machine Learning 2024.01
Machine Learning 2024.01 is now loaded

Loading machine_learning/2024.01
  Loading requirement: gcc/13.2.0 cuda/11.8
Loading module for pytorch 2.0
pytorch 2.0 is now loaded
Target: X41
Imposters: ['X11', 'X13', 'X14', 'X15', 'X17', 'X2', 'X20', 'X21', 'X23', 'X25', 'X26', 'X27', 'X30', 'X31', 'X33', 'X34', 'X35', 'X36', 'X38', 'X39', 'X4', 'X40', 'X42', 'X43', 'X44', 'X45', 'X46', 'X47', 'X48', 'X49', 'X5', 'X50', 'X51', 'X6', 'X7', 'X8']
Dataset mean: 0.1799, std: 0.7613
Epoch [1/30] - SupCon Loss: 4.1425
Epoch [2/30] - SupCon Loss: 4.1410
Epoch [3/30] - SupCon Loss: 4.1406
Epoch [4/30] - SupCon Loss: 4.1400
Epoch [5/30] - SupCon Loss: 4.1394
Epoch [6/30] - SupCon Loss: 4.1382
Epoch [7/30] - SupCon Loss: 4.1373
Epoch [8/30] - SupCon Loss: 4.1364
Epoch [9/30] - SupCon Loss: 4.1351
Epoch [10/30] - SupCon Loss: 4.1337
Epoch [11/30] - SupCon Loss: 4.1330
Epoch [12/30] - SupCon Loss: 4.1324
Epoch [13/30] - SupCon Loss: 4.1311
Epoch [14/30] - SupCon Loss: 4.1302
Epoch [15/30] - SupCon Loss: 4.1294
Epoch [16/30] - SupCon Loss: 4.1281
Epoch [17/30] - SupCon Loss: 4.1269
Epoch [18/30] - SupCon Loss: 4.1265
Epoch [19/30] - SupCon Loss: 4.1251
Epoch [20/30] - SupCon Loss: 4.1238
Epoch [21/30] - SupCon Loss: 4.1237
Epoch [22/30] - SupCon Loss: 4.1223
Epoch [23/30] - SupCon Loss: 4.1213
Epoch [24/30] - SupCon Loss: 4.1206
Epoch [25/30] - SupCon Loss: 4.1191
Epoch [26/30] - SupCon Loss: 4.1181
Epoch [27/30] - SupCon Loss: 4.1172
Epoch [28/30] - SupCon Loss: 4.1170
Epoch [29/30] - SupCon Loss: 4.1154
Epoch [30/30] - SupCon Loss: 4.1146
Class counts: [2518, 53042]
Epoch 1/15, Loss: 0.3146
F1 Score: 0.8781
Epoch 2/15, Loss: 0.2715
F1 Score: 0.9244
Epoch 3/15, Loss: 0.2659
F1 Score: 0.9116
Epoch 4/15, Loss: 0.2706
F1 Score: 0.9302
Epoch 5/15, Loss: 0.2665
F1 Score: 0.9182
Epoch 6/15, Loss: 0.2556
F1 Score: 0.9257
Epoch 7/15, Loss: 0.2581
F1 Score: 0.9006
Epoch 8/15, Loss: 0.2571
F1 Score: 0.9313
Epoch 9/15, Loss: 0.2525
F1 Score: 0.9057
Epoch 10/15, Loss: 0.2612
F1 Score: 0.9346
Epoch 11/15, Loss: 0.2610
F1 Score: 0.9412
Epoch 12/15, Loss: 0.2671
F1 Score: 0.9491
Epoch 13/15, Loss: 0.2566
F1 Score: 0.9200
Epoch 14/15, Loss: 0.2584
F1 Score: 0.9292
Epoch 15/15, Loss: 0.2581
F1 Score: 0.9095
Validation Performance:
F1 Score: 0.9095
Test Performance:
F1 Score: 0.9143
/sw/rl9g/pytorch-2.0/conda3env/env/lib/python3.8/site-packages/torch/distributed/launch.py:181: FutureWarning: The module torch.distributed.launch is deprecated
and will be removed in future. Use torchrun.
Note that --use-env is set by default in torchrun.
If your script expects `--local-rank` argument to be set, please
change it to read from `os.environ['LOCAL_RANK']` instead. See 
https://pytorch.org/docs/stable/distributed.html#launch-utility for 
further instructions

  warnings.warn(
