GNU 13.2.0 is now loaded
Loading module for CUDA 11.8
CUDA 11.8 is now loaded
Loading module for Machine Learning 2024.01
Machine Learning 2024.01 is now loaded

Loading machine_learning/2024.01
  Loading requirement: gcc/13.2.0 cuda/11.8
Loading module for pytorch 2.0
pytorch 2.0 is now loaded
Target: X41
Imposters: ['X11', 'X13', 'X14', 'X15', 'X17', 'X2', 'X20', 'X21', 'X23', 'X25', 'X26', 'X27', 'X30', 'X31', 'X33', 'X34', 'X35', 'X36', 'X38', 'X39', 'X4', 'X40', 'X42', 'X43', 'X44', 'X45', 'X46', 'X47', 'X48', 'X49', 'X5', 'X50', 'X51', 'X6', 'X7', 'X8']
Dataset mean: 0.1799, std: 0.7613
Epoch [1/30] - SupCon Loss: 4.1425
Epoch [2/30] - SupCon Loss: 4.1412
Epoch [3/30] - SupCon Loss: 4.1401
Epoch [4/30] - SupCon Loss: 4.1392
Epoch [5/30] - SupCon Loss: 4.1381
Epoch [6/30] - SupCon Loss: 4.1367
Epoch [7/30] - SupCon Loss: 4.1353
Epoch [8/30] - SupCon Loss: 4.1338
Epoch [9/30] - SupCon Loss: 4.1327
Epoch [10/30] - SupCon Loss: 4.1316
Epoch [11/30] - SupCon Loss: 4.1303
Epoch [12/30] - SupCon Loss: 4.1292
Epoch [13/30] - SupCon Loss: 4.1283
Epoch [14/30] - SupCon Loss: 4.1271
Epoch [15/30] - SupCon Loss: 4.1259
Epoch [16/30] - SupCon Loss: 4.1246
Epoch [17/30] - SupCon Loss: 4.1236
Epoch [18/30] - SupCon Loss: 4.1222
Epoch [19/30] - SupCon Loss: 4.1217
Epoch [20/30] - SupCon Loss: 4.1205
Epoch [21/30] - SupCon Loss: 4.1196
Epoch [22/30] - SupCon Loss: 4.1186
Epoch [23/30] - SupCon Loss: 4.1180
Epoch [24/30] - SupCon Loss: 4.1168
Epoch [25/30] - SupCon Loss: 4.1160
Epoch [26/30] - SupCon Loss: 4.1148
Epoch [27/30] - SupCon Loss: 4.1130
Epoch [28/30] - SupCon Loss: 4.1131
Epoch [29/30] - SupCon Loss: 4.1114
Epoch [30/30] - SupCon Loss: 4.1103
Class counts: [2518, 53042]
Epoch 1/15, Loss: 0.3206
F1 Score: 0.9186
Epoch 2/15, Loss: 0.2759
F1 Score: 0.9291
Epoch 3/15, Loss: 0.2714
F1 Score: 0.9106
Epoch 4/15, Loss: 0.2662
F1 Score: 0.9335
Epoch 5/15, Loss: 0.2626
F1 Score: 0.9290
Epoch 6/15, Loss: 0.2630
F1 Score: 0.9271
Epoch 7/15, Loss: 0.2613
F1 Score: 0.8945
Epoch 8/15, Loss: 0.2665
F1 Score: 0.9313
Epoch 9/15, Loss: 0.2609
F1 Score: 0.9396
Epoch 10/15, Loss: 0.2631
F1 Score: 0.9386
Epoch 11/15, Loss: 0.2518
F1 Score: 0.9206
Epoch 12/15, Loss: 0.2631
F1 Score: 0.9172
Epoch 13/15, Loss: 0.2573
F1 Score: 0.9257
Epoch 14/15, Loss: 0.2510
F1 Score: 0.9259
Epoch 15/15, Loss: 0.2559
F1 Score: 0.9012
Validation Performance:
F1 Score: 0.9012
Test Performance:
F1 Score: 0.9043
/sw/rl9g/pytorch-2.0/conda3env/env/lib/python3.8/site-packages/torch/distributed/launch.py:181: FutureWarning: The module torch.distributed.launch is deprecated
and will be removed in future. Use torchrun.
Note that --use-env is set by default in torchrun.
If your script expects `--local-rank` argument to be set, please
change it to read from `os.environ['LOCAL_RANK']` instead. See 
https://pytorch.org/docs/stable/distributed.html#launch-utility for 
further instructions

  warnings.warn(
