GNU 13.2.0 is now loaded
Loading module for CUDA 11.8
CUDA 11.8 is now loaded
Loading module for Machine Learning 2024.01
Machine Learning 2024.01 is now loaded

Loading machine_learning/2024.01
  Loading requirement: gcc/13.2.0 cuda/11.8
Loading module for pytorch 2.0
pytorch 2.0 is now loaded
Target: X41
Imposters: ['X11', 'X13', 'X14', 'X15', 'X17', 'X2', 'X20', 'X21', 'X23', 'X25', 'X26', 'X27', 'X30', 'X31', 'X33', 'X34', 'X35', 'X36', 'X38', 'X39', 'X4', 'X40', 'X42', 'X43', 'X44', 'X45', 'X46', 'X47', 'X48', 'X49', 'X5', 'X50', 'X51', 'X6', 'X7', 'X8']
Dataset mean: 0.1799, std: 0.7613
Epoch [1/30] - SupCon Loss: 4.1424
Epoch [2/30] - SupCon Loss: 4.1411
Epoch [3/30] - SupCon Loss: 4.1403
Epoch [4/30] - SupCon Loss: 4.1397
Epoch [5/30] - SupCon Loss: 4.1386
Epoch [6/30] - SupCon Loss: 4.1370
Epoch [7/30] - SupCon Loss: 4.1360
Epoch [8/30] - SupCon Loss: 4.1348
Epoch [9/30] - SupCon Loss: 4.1332
Epoch [10/30] - SupCon Loss: 4.1320
Epoch [11/30] - SupCon Loss: 4.1314
Epoch [12/30] - SupCon Loss: 4.1305
Epoch [13/30] - SupCon Loss: 4.1288
Epoch [14/30] - SupCon Loss: 4.1278
Epoch [15/30] - SupCon Loss: 4.1265
Epoch [16/30] - SupCon Loss: 4.1250
Epoch [17/30] - SupCon Loss: 4.1240
Epoch [18/30] - SupCon Loss: 4.1237
Epoch [19/30] - SupCon Loss: 4.1216
Epoch [20/30] - SupCon Loss: 4.1211
Epoch [21/30] - SupCon Loss: 4.1200
Epoch [22/30] - SupCon Loss: 4.1195
Epoch [23/30] - SupCon Loss: 4.1184
Epoch [24/30] - SupCon Loss: 4.1178
Epoch [25/30] - SupCon Loss: 4.1155
Epoch [26/30] - SupCon Loss: 4.1156
Epoch [27/30] - SupCon Loss: 4.1144
Epoch [28/30] - SupCon Loss: 4.1135
Epoch [29/30] - SupCon Loss: 4.1123
Epoch [30/30] - SupCon Loss: 4.1104
Class counts: [2518, 53042]
Epoch 1/15, Loss: 0.3221
F1 Score: 0.8585
Epoch 2/15, Loss: 0.2763
F1 Score: 0.9165
Epoch 3/15, Loss: 0.2618
F1 Score: 0.9197
Epoch 4/15, Loss: 0.2621
F1 Score: 0.9055
Epoch 5/15, Loss: 0.2687
F1 Score: 0.9286
Epoch 6/15, Loss: 0.2590
F1 Score: 0.8953
Epoch 7/15, Loss: 0.2611
F1 Score: 0.9291
Epoch 8/15, Loss: 0.2502
F1 Score: 0.9042
Epoch 9/15, Loss: 0.2627
F1 Score: 0.9269
Epoch 10/15, Loss: 0.2563
F1 Score: 0.9219
Epoch 11/15, Loss: 0.2585
F1 Score: 0.9312
Epoch 12/15, Loss: 0.2598
F1 Score: 0.9294
Epoch 13/15, Loss: 0.2546
F1 Score: 0.9259
Epoch 14/15, Loss: 0.2563
F1 Score: 0.9129
Epoch 15/15, Loss: 0.2582
F1 Score: 0.9367
Validation Performance:
F1 Score: 0.9367
Test Performance:
F1 Score: 0.9398
/sw/rl9g/pytorch-2.0/conda3env/env/lib/python3.8/site-packages/torch/distributed/launch.py:181: FutureWarning: The module torch.distributed.launch is deprecated
and will be removed in future. Use torchrun.
Note that --use-env is set by default in torchrun.
If your script expects `--local-rank` argument to be set, please
change it to read from `os.environ['LOCAL_RANK']` instead. See 
https://pytorch.org/docs/stable/distributed.html#launch-utility for 
further instructions

  warnings.warn(
