GNU 13.2.0 is now loaded
Loading module for CUDA 11.8
CUDA 11.8 is now loaded
Loading module for Machine Learning 2024.01
Machine Learning 2024.01 is now loaded

Loading machine_learning/2024.01
  Loading requirement: gcc/13.2.0 cuda/11.8
Loading module for pytorch 2.0
pytorch 2.0 is now loaded
Target: X41
Imposters: ['X11', 'X13', 'X14', 'X15', 'X17', 'X2', 'X20', 'X21', 'X23', 'X25', 'X26', 'X27', 'X30', 'X31', 'X33', 'X34', 'X35', 'X36', 'X38', 'X39', 'X4', 'X40', 'X42', 'X43', 'X44', 'X45', 'X46', 'X47', 'X48', 'X49', 'X5', 'X50', 'X51', 'X6', 'X7', 'X8']
Dataset mean: 0.1799, std: 0.7613
Epoch [1/30] - SupCon Loss: 4.1426
Epoch [2/30] - SupCon Loss: 4.1411
Epoch [3/30] - SupCon Loss: 4.1404
Epoch [4/30] - SupCon Loss: 4.1394
Epoch [5/30] - SupCon Loss: 4.1385
Epoch [6/30] - SupCon Loss: 4.1375
Epoch [7/30] - SupCon Loss: 4.1361
Epoch [8/30] - SupCon Loss: 4.1352
Epoch [9/30] - SupCon Loss: 4.1342
Epoch [10/30] - SupCon Loss: 4.1332
Epoch [11/30] - SupCon Loss: 4.1318
Epoch [12/30] - SupCon Loss: 4.1310
Epoch [13/30] - SupCon Loss: 4.1294
Epoch [14/30] - SupCon Loss: 4.1287
Epoch [15/30] - SupCon Loss: 4.1275
Epoch [16/30] - SupCon Loss: 4.1269
Epoch [17/30] - SupCon Loss: 4.1254
Epoch [18/30] - SupCon Loss: 4.1242
Epoch [19/30] - SupCon Loss: 4.1228
Epoch [20/30] - SupCon Loss: 4.1223
Epoch [21/30] - SupCon Loss: 4.1215
Epoch [22/30] - SupCon Loss: 4.1209
Epoch [23/30] - SupCon Loss: 4.1191
Epoch [24/30] - SupCon Loss: 4.1186
Epoch [25/30] - SupCon Loss: 4.1179
Epoch [26/30] - SupCon Loss: 4.1166
Epoch [27/30] - SupCon Loss: 4.1149
Epoch [28/30] - SupCon Loss: 4.1148
Epoch [29/30] - SupCon Loss: 4.1130
Epoch [30/30] - SupCon Loss: 4.1129
Class counts: [2518, 53042]
Epoch 1/15, Loss: 0.3213
F1 Score: 0.8889
Epoch 2/15, Loss: 0.2572
F1 Score: 0.9241
Epoch 3/15, Loss: 0.2555
F1 Score: 0.9135
Epoch 4/15, Loss: 0.2521
F1 Score: 0.9312
Epoch 5/15, Loss: 0.2473
F1 Score: 0.8919
Epoch 6/15, Loss: 0.2490
F1 Score: 0.9260
Epoch 7/15, Loss: 0.2493
F1 Score: 0.9281
Epoch 8/15, Loss: 0.2428
F1 Score: 0.9030
Epoch 9/15, Loss: 0.2560
F1 Score: 0.8903
Epoch 10/15, Loss: 0.2519
F1 Score: 0.9083
Epoch 11/15, Loss: 0.2403
F1 Score: 0.9463
Epoch 12/15, Loss: 0.2450
F1 Score: 0.8986
Epoch 13/15, Loss: 0.2405
F1 Score: 0.9225
Epoch 14/15, Loss: 0.2415
F1 Score: 0.9255
Epoch 15/15, Loss: 0.2503
F1 Score: 0.9201
Validation Performance:
F1 Score: 0.9201
Test Performance:
F1 Score: 0.9221
/sw/rl9g/pytorch-2.0/conda3env/env/lib/python3.8/site-packages/torch/distributed/launch.py:181: FutureWarning: The module torch.distributed.launch is deprecated
and will be removed in future. Use torchrun.
Note that --use-env is set by default in torchrun.
If your script expects `--local-rank` argument to be set, please
change it to read from `os.environ['LOCAL_RANK']` instead. See 
https://pytorch.org/docs/stable/distributed.html#launch-utility for 
further instructions

  warnings.warn(
