GNU 13.2.0 is now loaded
Loading module for CUDA 11.8
CUDA 11.8 is now loaded
Loading module for Machine Learning 2024.01
Machine Learning 2024.01 is now loaded

Loading machine_learning/2024.01
  Loading requirement: gcc/13.2.0 cuda/11.8
Loading module for pytorch 2.0
pytorch 2.0 is now loaded
Target: X41
Imposters: ['X11', 'X13', 'X14', 'X15', 'X17', 'X2', 'X20', 'X21', 'X23', 'X25', 'X26', 'X27', 'X30', 'X31', 'X33', 'X34', 'X35', 'X36', 'X38', 'X39', 'X4', 'X40', 'X42', 'X43', 'X44', 'X45', 'X46', 'X47', 'X48', 'X49', 'X5', 'X50', 'X51', 'X6', 'X7', 'X8']
Dataset mean: 0.1799, std: 0.7613
Epoch [1/30] - SupCon Loss: 4.1425
Epoch [2/30] - SupCon Loss: 4.1411
Epoch [3/30] - SupCon Loss: 4.1404
Epoch [4/30] - SupCon Loss: 4.1395
Epoch [5/30] - SupCon Loss: 4.1387
Epoch [6/30] - SupCon Loss: 4.1374
Epoch [7/30] - SupCon Loss: 4.1364
Epoch [8/30] - SupCon Loss: 4.1351
Epoch [9/30] - SupCon Loss: 4.1342
Epoch [10/30] - SupCon Loss: 4.1329
Epoch [11/30] - SupCon Loss: 4.1321
Epoch [12/30] - SupCon Loss: 4.1306
Epoch [13/30] - SupCon Loss: 4.1292
Epoch [14/30] - SupCon Loss: 4.1282
Epoch [15/30] - SupCon Loss: 4.1271
Epoch [16/30] - SupCon Loss: 4.1257
Epoch [17/30] - SupCon Loss: 4.1249
Epoch [18/30] - SupCon Loss: 4.1240
Epoch [19/30] - SupCon Loss: 4.1232
Epoch [20/30] - SupCon Loss: 4.1219
Epoch [21/30] - SupCon Loss: 4.1209
Epoch [22/30] - SupCon Loss: 4.1201
Epoch [23/30] - SupCon Loss: 4.1183
Epoch [24/30] - SupCon Loss: 4.1178
Epoch [25/30] - SupCon Loss: 4.1169
Epoch [26/30] - SupCon Loss: 4.1161
Epoch [27/30] - SupCon Loss: 4.1155
Epoch [28/30] - SupCon Loss: 4.1133
Epoch [29/30] - SupCon Loss: 4.1130
Epoch [30/30] - SupCon Loss: 4.1117
Class counts: [2518, 53042]
Epoch 1/15, Loss: 0.3210
F1 Score: 0.9005
Epoch 2/15, Loss: 0.2945
F1 Score: 0.8953
Epoch 3/15, Loss: 0.2708
F1 Score: 0.9045
Epoch 4/15, Loss: 0.2686
F1 Score: 0.9312
Epoch 5/15, Loss: 0.2695
F1 Score: 0.9365
Epoch 6/15, Loss: 0.2726
F1 Score: 0.9241
Epoch 7/15, Loss: 0.2658
F1 Score: 0.8668
Epoch 8/15, Loss: 0.2619
F1 Score: 0.9376
Epoch 9/15, Loss: 0.2653
F1 Score: 0.9141
Epoch 10/15, Loss: 0.2587
F1 Score: 0.9107
Epoch 11/15, Loss: 0.2653
F1 Score: 0.9314
Epoch 12/15, Loss: 0.2708
F1 Score: 0.9425
Epoch 13/15, Loss: 0.2581
F1 Score: 0.9122
Epoch 14/15, Loss: 0.2623
F1 Score: 0.9039
Epoch 15/15, Loss: 0.2515
F1 Score: 0.9091
Validation Performance:
F1 Score: 0.9091
Test Performance:
F1 Score: 0.9133
/sw/rl9g/pytorch-2.0/conda3env/env/lib/python3.8/site-packages/torch/distributed/launch.py:181: FutureWarning: The module torch.distributed.launch is deprecated
and will be removed in future. Use torchrun.
Note that --use-env is set by default in torchrun.
If your script expects `--local-rank` argument to be set, please
change it to read from `os.environ['LOCAL_RANK']` instead. See 
https://pytorch.org/docs/stable/distributed.html#launch-utility for 
further instructions

  warnings.warn(
