GNU 13.2.0 is now loaded
Loading module for CUDA 11.8
CUDA 11.8 is now loaded
Loading module for Machine Learning 2024.01
Machine Learning 2024.01 is now loaded

Loading machine_learning/2024.01
  Loading requirement: gcc/13.2.0 cuda/11.8
Loading module for pytorch 2.0
pytorch 2.0 is now loaded
Target: X41
Imposters: ['X11', 'X13', 'X14', 'X15', 'X17', 'X2', 'X20', 'X21', 'X23', 'X25', 'X26', 'X27', 'X30', 'X31', 'X33', 'X34', 'X35', 'X36', 'X38', 'X39', 'X4', 'X40', 'X42', 'X43', 'X44', 'X45', 'X46', 'X47', 'X48', 'X49', 'X5', 'X50', 'X51', 'X6', 'X7', 'X8']
Dataset mean: 0.1799, std: 0.7613
Epoch [1/30] - SupCon Loss: 4.1425
Epoch [2/30] - SupCon Loss: 4.1411
Epoch [3/30] - SupCon Loss: 4.1403
Epoch [4/30] - SupCon Loss: 4.1394
Epoch [5/30] - SupCon Loss: 4.1384
Epoch [6/30] - SupCon Loss: 4.1382
Epoch [7/30] - SupCon Loss: 4.1366
Epoch [8/30] - SupCon Loss: 4.1354
Epoch [9/30] - SupCon Loss: 4.1345
Epoch [10/30] - SupCon Loss: 4.1332
Epoch [11/30] - SupCon Loss: 4.1320
Epoch [12/30] - SupCon Loss: 4.1305
Epoch [13/30] - SupCon Loss: 4.1296
Epoch [14/30] - SupCon Loss: 4.1289
Epoch [15/30] - SupCon Loss: 4.1278
Epoch [16/30] - SupCon Loss: 4.1266
Epoch [17/30] - SupCon Loss: 4.1260
Epoch [18/30] - SupCon Loss: 4.1247
Epoch [19/30] - SupCon Loss: 4.1232
Epoch [20/30] - SupCon Loss: 4.1227
Epoch [21/30] - SupCon Loss: 4.1223
Epoch [22/30] - SupCon Loss: 4.1212
Epoch [23/30] - SupCon Loss: 4.1190
Epoch [24/30] - SupCon Loss: 4.1193
Epoch [25/30] - SupCon Loss: 4.1182
Epoch [26/30] - SupCon Loss: 4.1170
Epoch [27/30] - SupCon Loss: 4.1163
Epoch [28/30] - SupCon Loss: 4.1144
Epoch [29/30] - SupCon Loss: 4.1132
Epoch [30/30] - SupCon Loss: 4.1123
Class counts: [2518, 53042]
Epoch 1/15, Loss: 0.3132
F1 Score: 0.8991
Epoch 2/15, Loss: 0.2613
F1 Score: 0.9227
Epoch 3/15, Loss: 0.2713
F1 Score: 0.9028
Epoch 4/15, Loss: 0.2482
F1 Score: 0.8906
Epoch 5/15, Loss: 0.2506
F1 Score: 0.9312
Epoch 6/15, Loss: 0.2565
F1 Score: 0.9369
Epoch 7/15, Loss: 0.2514
F1 Score: 0.9299
Epoch 8/15, Loss: 0.2532
F1 Score: 0.9000
Epoch 9/15, Loss: 0.2531
F1 Score: 0.9162
Epoch 10/15, Loss: 0.2460
F1 Score: 0.9332
Epoch 11/15, Loss: 0.2494
F1 Score: 0.9204
Epoch 12/15, Loss: 0.2513
F1 Score: 0.9435
Epoch 13/15, Loss: 0.2464
F1 Score: 0.9401
Epoch 14/15, Loss: 0.2564
F1 Score: 0.9225
Epoch 15/15, Loss: 0.2458
F1 Score: 0.9395
Validation Performance:
F1 Score: 0.9395
Test Performance:
F1 Score: 0.9403
/sw/rl9g/pytorch-2.0/conda3env/env/lib/python3.8/site-packages/torch/distributed/launch.py:181: FutureWarning: The module torch.distributed.launch is deprecated
and will be removed in future. Use torchrun.
Note that --use-env is set by default in torchrun.
If your script expects `--local-rank` argument to be set, please
change it to read from `os.environ['LOCAL_RANK']` instead. See 
https://pytorch.org/docs/stable/distributed.html#launch-utility for 
further instructions

  warnings.warn(
