GNU 13.2.0 is now loaded
Loading module for CUDA 11.8
CUDA 11.8 is now loaded
Loading module for Machine Learning 2024.01
Machine Learning 2024.01 is now loaded

Loading machine_learning/2024.01
  Loading requirement: gcc/13.2.0 cuda/11.8
Loading module for pytorch 2.0
pytorch 2.0 is now loaded
Epoch 0/99, Loss: 1.5377, Acc: 0.4714
Validation Acc: 0.5176
Epoch 1/99, Loss: 1.0656, Acc: 0.6120
Validation Acc: 0.4729
Epoch 2/99, Loss: 0.9082, Acc: 0.6631
Validation Acc: 0.6589
Epoch 3/99, Loss: 0.8222, Acc: 0.6915
Validation Acc: 0.6081
Epoch 4/99, Loss: 0.7602, Acc: 0.7145
Validation Acc: 0.6796
Epoch 5/99, Loss: 0.7119, Acc: 0.7307
Validation Acc: 0.7003
Epoch 6/99, Loss: 0.6707, Acc: 0.7470
Validation Acc: 0.5163
Epoch 7/99, Loss: 0.6321, Acc: 0.7606
Validation Acc: 0.7110
Epoch 8/99, Loss: 0.5947, Acc: 0.7744
Validation Acc: 0.7396
Epoch 9/99, Loss: 0.5745, Acc: 0.7812
Validation Acc: 0.6224
Epoch 10/99, Loss: 0.5363, Acc: 0.7963
Validation Acc: 0.5225
Epoch 11/99, Loss: 0.5154, Acc: 0.8053
Validation Acc: 0.6754
Epoch 12/99, Loss: 0.4911, Acc: 0.8130
Validation Acc: 0.7436
Epoch 13/99, Loss: 0.4613, Acc: 0.8252
Validation Acc: 0.7498
Epoch 14/99, Loss: 0.4446, Acc: 0.8293
Validation Acc: 0.7120
Epoch 15/99, Loss: 0.4124, Acc: 0.8428
Validation Acc: 0.7072
Epoch 16/99, Loss: 0.3872, Acc: 0.8517
Validation Acc: 0.7386
Epoch 17/99, Loss: 0.3735, Acc: 0.8584
Validation Acc: 0.7168
Epoch 18/99, Loss: 0.3508, Acc: 0.8666
Validation Acc: 0.7361
Epoch 19/99, Loss: 0.3361, Acc: 0.8729
Validation Acc: 0.7375
Epoch 20/99, Loss: 0.3126, Acc: 0.8814
Validation Acc: 0.7451
Epoch 21/99, Loss: 0.2980, Acc: 0.8873
Validation Acc: 0.7350
Epoch 22/99, Loss: 0.2836, Acc: 0.8934
Validation Acc: 0.7079
Epoch 23/99, Loss: 0.2670, Acc: 0.8987
Validation Acc: 0.6457
Epoch 24/99, Loss: 0.2573, Acc: 0.9036
Validation Acc: 0.6542
Epoch 25/99, Loss: 0.2469, Acc: 0.9082
Validation Acc: 0.7415
Epoch 26/99, Loss: 0.2279, Acc: 0.9153
Validation Acc: 0.7288
Epoch 27/99, Loss: 0.2261, Acc: 0.9147
Validation Acc: 0.7548
Epoch 28/99, Loss: 0.2146, Acc: 0.9211
Validation Acc: 0.6832
Epoch 29/99, Loss: 0.2027, Acc: 0.9244
Validation Acc: 0.6495
Epoch 30/99, Loss: 0.1956, Acc: 0.9279
Validation Acc: 0.6986
Epoch 31/99, Loss: 0.1867, Acc: 0.9309
Validation Acc: 0.7042
Epoch 32/99, Loss: 0.1768, Acc: 0.9355
Validation Acc: 0.7221
Epoch 33/99, Loss: 0.1732, Acc: 0.9375
Validation Acc: 0.7147
Epoch 34/99, Loss: 0.1664, Acc: 0.9393
Validation Acc: 0.7285
Epoch 35/99, Loss: 0.1558, Acc: 0.9429
Validation Acc: 0.6020
Epoch 36/99, Loss: 0.1550, Acc: 0.9439
Validation Acc: 0.7208
Epoch 37/99, Loss: 0.1549, Acc: 0.9432
Validation Acc: 0.6504
Epoch 38/99, Loss: 0.1454, Acc: 0.9470
Validation Acc: 0.6362
Epoch 39/99, Loss: 0.1416, Acc: 0.9492
Validation Acc: 0.7381
Epoch 40/99, Loss: 0.1374, Acc: 0.9516
Validation Acc: 0.7386
Epoch 41/99, Loss: 0.1371, Acc: 0.9513
Validation Acc: 0.7111
Epoch 42/99, Loss: 0.1286, Acc: 0.9540
Validation Acc: 0.7147
Epoch 43/99, Loss: 0.1265, Acc: 0.9550
Validation Acc: 0.6967
Epoch 44/99, Loss: 0.1240, Acc: 0.9553
Validation Acc: 0.7353
Epoch 45/99, Loss: 0.1222, Acc: 0.9563
Validation Acc: 0.7124
Epoch 46/99, Loss: 0.1174, Acc: 0.9575
Validation Acc: 0.5899
Epoch 47/99, Loss: 0.1158, Acc: 0.9596
Validation Acc: 0.6718
Epoch 48/99, Loss: 0.1185, Acc: 0.9577
Validation Acc: 0.7301
Epoch 49/99, Loss: 0.1102, Acc: 0.9605
Validation Acc: 0.7216
Epoch 50/99, Loss: 0.1114, Acc: 0.9604
Validation Acc: 0.7239
Epoch 51/99, Loss: 0.1108, Acc: 0.9609
Validation Acc: 0.7100
Epoch 52/99, Loss: 0.1024, Acc: 0.9648
Validation Acc: 0.7067
Epoch 53/99, Loss: 0.1012, Acc: 0.9648
Validation Acc: 0.7266
Epoch 54/99, Loss: 0.1025, Acc: 0.9644
Validation Acc: 0.7232
Epoch 55/99, Loss: 0.1023, Acc: 0.9645
Validation Acc: 0.6757
Epoch 56/99, Loss: 0.0947, Acc: 0.9661
Validation Acc: 0.6616
Epoch 57/99, Loss: 0.0945, Acc: 0.9673
Validation Acc: 0.7328
Epoch 58/99, Loss: 0.0927, Acc: 0.9678
Validation Acc: 0.6977
Epoch 59/99, Loss: 0.0943, Acc: 0.9672
Validation Acc: 0.7251
Epoch 60/99, Loss: 0.0905, Acc: 0.9681
Validation Acc: 0.7306
Epoch 61/99, Loss: 0.0853, Acc: 0.9701
Validation Acc: 0.6948
Epoch 62/99, Loss: 0.0893, Acc: 0.9688
Validation Acc: 0.7266
Epoch 63/99, Loss: 0.0860, Acc: 0.9708
Validation Acc: 0.7101
Epoch 64/99, Loss: 0.0833, Acc: 0.9697
Validation Acc: 0.7281
Epoch 65/99, Loss: 0.0869, Acc: 0.9694
Validation Acc: 0.7050
Epoch 66/99, Loss: 0.0818, Acc: 0.9709
Validation Acc: 0.7151
Epoch 67/99, Loss: 0.0789, Acc: 0.9726
Validation Acc: 0.7138
Epoch 68/99, Loss: 0.0788, Acc: 0.9724
Validation Acc: 0.7315
Epoch 69/99, Loss: 0.0822, Acc: 0.9711
Validation Acc: 0.7001
Epoch 70/99, Loss: 0.0807, Acc: 0.9715
Validation Acc: 0.6972
Epoch 71/99, Loss: 0.0806, Acc: 0.9723
Validation Acc: 0.7250
Epoch 72/99, Loss: 0.0714, Acc: 0.9745
Validation Acc: 0.6989
Epoch 73/99, Loss: 0.0757, Acc: 0.9733
Validation Acc: 0.7227
Epoch 74/99, Loss: 0.0745, Acc: 0.9742
Validation Acc: 0.7041
Epoch 75/99, Loss: 0.0739, Acc: 0.9739
Validation Acc: 0.7383
Epoch 76/99, Loss: 0.0739, Acc: 0.9741
Validation Acc: 0.7350
Epoch 77/99, Loss: 0.0692, Acc: 0.9765
Validation Acc: 0.7218
Epoch 78/99, Loss: 0.0675, Acc: 0.9768
Validation Acc: 0.7278
Epoch 79/99, Loss: 0.0689, Acc: 0.9757
Validation Acc: 0.6499
Epoch 80/99, Loss: 0.0656, Acc: 0.9767
Validation Acc: 0.6737
Epoch 81/99, Loss: 0.0645, Acc: 0.9772
Validation Acc: 0.7163
Epoch 82/99, Loss: 0.0706, Acc: 0.9753
Validation Acc: 0.7124
Epoch 83/99, Loss: 0.0685, Acc: 0.9762
Validation Acc: 0.6927
Epoch 84/99, Loss: 0.0630, Acc: 0.9776
Validation Acc: 0.6999
Epoch 85/99, Loss: 0.0623, Acc: 0.9783
Validation Acc: 0.7254
Epoch 86/99, Loss: 0.0674, Acc: 0.9771
Validation Acc: 0.7258
Epoch 87/99, Loss: 0.0641, Acc: 0.9778
Validation Acc: 0.7142
Epoch 88/99, Loss: 0.0629, Acc: 0.9785
Validation Acc: 0.7286
Epoch 89/99, Loss: 0.0620, Acc: 0.9785
Validation Acc: 0.6958
Epoch 90/99, Loss: 0.0613, Acc: 0.9789
Validation Acc: 0.7260
Epoch 91/99, Loss: 0.0634, Acc: 0.9780
Validation Acc: 0.7257
Epoch 92/99, Loss: 0.0580, Acc: 0.9799
Validation Acc: 0.7075
Epoch 93/99, Loss: 0.0581, Acc: 0.9795
Validation Acc: 0.6605
Epoch 94/99, Loss: 0.0598, Acc: 0.9795
Validation Acc: 0.7274
Epoch 95/99, Loss: 0.0591, Acc: 0.9795
Validation Acc: 0.7098
Epoch 96/99, Loss: 0.0618, Acc: 0.9790
Validation Acc: 0.7338
Epoch 97/99, Loss: 0.0544, Acc: 0.9817
Validation Acc: 0.7088
Epoch 98/99, Loss: 0.0591, Acc: 0.9795
Validation Acc: 0.7217
Epoch 99/99, Loss: 0.0556, Acc: 0.9807
Validation Acc: 0.7304
Best Validation Accuracy: 0.7548
Accuracy: 0.7428
Precision: 0.7409
Recall: 0.7428
F1-Score: 0.7396
Confusion Matrix:
[[333   0   0 ...   0   0   0]
 [  0 341   0 ...   1   0   2]
 [  2   0 671 ...   0   0   0]
 ...
 [  0   1   0 ... 537   0  19]
 [  0   0   0 ...   0 488   1]
 [  0   1   0 ...  30   0 222]]
/sw/rl9g/pytorch-2.0/conda3env/env/lib/python3.8/site-packages/torch/distributed/launch.py:181: FutureWarning: The module torch.distributed.launch is deprecated
and will be removed in future. Use torchrun.
Note that --use-env is set by default in torchrun.
If your script expects `--local-rank` argument to be set, please
change it to read from `os.environ['LOCAL_RANK']` instead. See 
https://pytorch.org/docs/stable/distributed.html#launch-utility for 
further instructions

  warnings.warn(
