GNU 13.2.0 is now loaded
Loading module for CUDA 11.8
CUDA 11.8 is now loaded
Loading module for Machine Learning 2024.01
Machine Learning 2024.01 is now loaded

Loading machine_learning/2024.01
  Loading requirement: gcc/13.2.0 cuda/11.8
Loading module for pytorch 2.0
pytorch 2.0 is now loaded
Epoch 0/99, Loss: 1.5279, Acc: 0.4750
Validation Acc: 0.4635
Epoch 1/99, Loss: 1.0407, Acc: 0.6198
Validation Acc: 0.5628
Epoch 2/99, Loss: 0.8960, Acc: 0.6675
Validation Acc: 0.6636
Epoch 3/99, Loss: 0.8196, Acc: 0.6939
Validation Acc: 0.5526
Epoch 4/99, Loss: 0.7568, Acc: 0.7140
Validation Acc: 0.6638
Epoch 5/99, Loss: 0.7055, Acc: 0.7322
Validation Acc: 0.6946
Epoch 6/99, Loss: 0.6675, Acc: 0.7460
Validation Acc: 0.7161
Epoch 7/99, Loss: 0.6328, Acc: 0.7604
Validation Acc: 0.7067
Epoch 8/99, Loss: 0.6031, Acc: 0.7723
Validation Acc: 0.6278
Epoch 9/99, Loss: 0.5697, Acc: 0.7825
Validation Acc: 0.5837
Epoch 10/99, Loss: 0.5476, Acc: 0.7904
Validation Acc: 0.7134
Epoch 11/99, Loss: 0.5142, Acc: 0.8028
Validation Acc: 0.7536
Epoch 12/99, Loss: 0.4927, Acc: 0.8117
Validation Acc: 0.7289
Epoch 13/99, Loss: 0.4653, Acc: 0.8206
Validation Acc: 0.7005
Epoch 14/99, Loss: 0.4482, Acc: 0.8266
Validation Acc: 0.7081
Epoch 15/99, Loss: 0.4170, Acc: 0.8410
Validation Acc: 0.7181
Epoch 16/99, Loss: 0.4023, Acc: 0.8452
Validation Acc: 0.6986
Epoch 17/99, Loss: 0.3770, Acc: 0.8557
Validation Acc: 0.6546
Epoch 18/99, Loss: 0.3560, Acc: 0.8638
Validation Acc: 0.7154
Epoch 19/99, Loss: 0.3413, Acc: 0.8698
Validation Acc: 0.6579
Epoch 20/99, Loss: 0.3238, Acc: 0.8771
Validation Acc: 0.6915
Epoch 21/99, Loss: 0.3108, Acc: 0.8831
Validation Acc: 0.6852
Epoch 22/99, Loss: 0.2927, Acc: 0.8905
Validation Acc: 0.6844
Epoch 23/99, Loss: 0.2788, Acc: 0.8945
Validation Acc: 0.7268
Epoch 24/99, Loss: 0.2684, Acc: 0.8992
Validation Acc: 0.7256
Epoch 25/99, Loss: 0.2481, Acc: 0.9075
Validation Acc: 0.7017
Epoch 26/99, Loss: 0.2354, Acc: 0.9120
Validation Acc: 0.7060
Epoch 27/99, Loss: 0.2204, Acc: 0.9179
Validation Acc: 0.7485
Epoch 28/99, Loss: 0.2211, Acc: 0.9188
Validation Acc: 0.7049
Epoch 29/99, Loss: 0.2080, Acc: 0.9233
Validation Acc: 0.7325
Epoch 30/99, Loss: 0.2040, Acc: 0.9242
Validation Acc: 0.7216
Epoch 31/99, Loss: 0.1929, Acc: 0.9293
Validation Acc: 0.6247
Epoch 32/99, Loss: 0.1885, Acc: 0.9303
Validation Acc: 0.7221
Epoch 33/99, Loss: 0.1810, Acc: 0.9337
Validation Acc: 0.7286
Epoch 34/99, Loss: 0.1738, Acc: 0.9373
Validation Acc: 0.7203
Epoch 35/99, Loss: 0.1689, Acc: 0.9389
Validation Acc: 0.7120
Epoch 36/99, Loss: 0.1630, Acc: 0.9402
Validation Acc: 0.7287
Epoch 37/99, Loss: 0.1590, Acc: 0.9432
Validation Acc: 0.6452
Epoch 38/99, Loss: 0.1591, Acc: 0.9427
Validation Acc: 0.7286
Epoch 39/99, Loss: 0.1449, Acc: 0.9474
Validation Acc: 0.7259
Epoch 40/99, Loss: 0.1404, Acc: 0.9500
Validation Acc: 0.7116
Epoch 41/99, Loss: 0.1410, Acc: 0.9491
Validation Acc: 0.6889
Epoch 42/99, Loss: 0.1368, Acc: 0.9516
Validation Acc: 0.6855
Epoch 43/99, Loss: 0.1358, Acc: 0.9517
Validation Acc: 0.7424
Epoch 44/99, Loss: 0.1313, Acc: 0.9527
Validation Acc: 0.7067
Epoch 45/99, Loss: 0.1238, Acc: 0.9561
Validation Acc: 0.7336
Epoch 46/99, Loss: 0.1195, Acc: 0.9576
Validation Acc: 0.7202
Epoch 47/99, Loss: 0.1252, Acc: 0.9552
Validation Acc: 0.7358
Epoch 48/99, Loss: 0.1184, Acc: 0.9577
Validation Acc: 0.6692
Epoch 49/99, Loss: 0.1173, Acc: 0.9586
Validation Acc: 0.7204
Epoch 50/99, Loss: 0.1092, Acc: 0.9607
Validation Acc: 0.7282
Epoch 51/99, Loss: 0.1069, Acc: 0.9623
Validation Acc: 0.7101
Epoch 52/99, Loss: 0.1077, Acc: 0.9618
Validation Acc: 0.7260
Epoch 53/99, Loss: 0.1037, Acc: 0.9636
Validation Acc: 0.6755
Epoch 54/99, Loss: 0.1007, Acc: 0.9632
Validation Acc: 0.6113
Epoch 55/99, Loss: 0.1097, Acc: 0.9603
Validation Acc: 0.6778
Epoch 56/99, Loss: 0.0969, Acc: 0.9659
Validation Acc: 0.7279
Epoch 57/99, Loss: 0.0955, Acc: 0.9671
Validation Acc: 0.7263
Epoch 58/99, Loss: 0.0988, Acc: 0.9654
Validation Acc: 0.7321
Epoch 59/99, Loss: 0.0925, Acc: 0.9672
Validation Acc: 0.6066
Epoch 60/99, Loss: 0.0961, Acc: 0.9665
Validation Acc: 0.7176
Epoch 61/99, Loss: 0.0947, Acc: 0.9659
Validation Acc: 0.6995
Epoch 62/99, Loss: 0.0909, Acc: 0.9673
Validation Acc: 0.7278
Epoch 63/99, Loss: 0.0929, Acc: 0.9675
Validation Acc: 0.7016
Epoch 64/99, Loss: 0.0887, Acc: 0.9688
Validation Acc: 0.7322
Epoch 65/99, Loss: 0.0839, Acc: 0.9700
Validation Acc: 0.7178
Epoch 66/99, Loss: 0.0855, Acc: 0.9709
Validation Acc: 0.7301
Epoch 67/99, Loss: 0.0856, Acc: 0.9706
Validation Acc: 0.7309
Epoch 68/99, Loss: 0.0787, Acc: 0.9726
Validation Acc: 0.7140
Epoch 69/99, Loss: 0.0846, Acc: 0.9707
Validation Acc: 0.7229
Epoch 70/99, Loss: 0.0813, Acc: 0.9714
Validation Acc: 0.7119
Epoch 71/99, Loss: 0.0791, Acc: 0.9721
Validation Acc: 0.7254
Epoch 72/99, Loss: 0.0783, Acc: 0.9724
Validation Acc: 0.7081
Epoch 73/99, Loss: 0.0764, Acc: 0.9735
Validation Acc: 0.6686
Epoch 74/99, Loss: 0.0784, Acc: 0.9724
Validation Acc: 0.7269
Epoch 75/99, Loss: 0.0765, Acc: 0.9734
Validation Acc: 0.7129
Epoch 76/99, Loss: 0.0741, Acc: 0.9738
Validation Acc: 0.7196
Epoch 77/99, Loss: 0.0748, Acc: 0.9741
Validation Acc: 0.7221
Epoch 78/99, Loss: 0.0688, Acc: 0.9756
Validation Acc: 0.7093
Epoch 79/99, Loss: 0.0702, Acc: 0.9752
Validation Acc: 0.7023
Epoch 80/99, Loss: 0.0677, Acc: 0.9763
Validation Acc: 0.7010
Epoch 81/99, Loss: 0.0728, Acc: 0.9751
Validation Acc: 0.7244
Epoch 82/99, Loss: 0.0686, Acc: 0.9763
Validation Acc: 0.7239
Epoch 83/99, Loss: 0.0706, Acc: 0.9753
Validation Acc: 0.7160
Epoch 84/99, Loss: 0.0639, Acc: 0.9778
Validation Acc: 0.7153
Epoch 85/99, Loss: 0.0685, Acc: 0.9758
Validation Acc: 0.7030
Epoch 86/99, Loss: 0.0683, Acc: 0.9761
Validation Acc: 0.7150
Epoch 87/99, Loss: 0.0663, Acc: 0.9767
Validation Acc: 0.7337
Epoch 88/99, Loss: 0.0683, Acc: 0.9760
Validation Acc: 0.7336
Epoch 89/99, Loss: 0.0592, Acc: 0.9794
Validation Acc: 0.7069
Epoch 90/99, Loss: 0.0666, Acc: 0.9769
Validation Acc: 0.7248
Epoch 91/99, Loss: 0.0620, Acc: 0.9790
Validation Acc: 0.7067
Epoch 92/99, Loss: 0.0621, Acc: 0.9786
Validation Acc: 0.7189
Epoch 93/99, Loss: 0.0641, Acc: 0.9785
Validation Acc: 0.7343
Epoch 94/99, Loss: 0.0557, Acc: 0.9810
Validation Acc: 0.6898
Epoch 95/99, Loss: 0.0644, Acc: 0.9781
Validation Acc: 0.7165
Epoch 96/99, Loss: 0.0597, Acc: 0.9796
Validation Acc: 0.7356
Epoch 97/99, Loss: 0.0588, Acc: 0.9798
Validation Acc: 0.7245
Epoch 98/99, Loss: 0.0556, Acc: 0.9808
Validation Acc: 0.6859
Epoch 99/99, Loss: 0.0615, Acc: 0.9783
Validation Acc: 0.7167
Best Validation Accuracy: 0.7536
Accuracy: 0.7397
Precision: 0.7406
Recall: 0.7397
F1-Score: 0.7362
Confusion Matrix:
[[319   0   0 ...   0   0   0]
 [  0 382   0 ...   0   0   0]
 [  3   0 617 ...   1   0   0]
 ...
 [  1   1   1 ... 584   0   6]
 [  0   0   0 ...   0 521   0]
 [  0   2   0 ...  25   0 202]]
/sw/rl9g/pytorch-2.0/conda3env/env/lib/python3.8/site-packages/torch/distributed/launch.py:181: FutureWarning: The module torch.distributed.launch is deprecated
and will be removed in future. Use torchrun.
Note that --use-env is set by default in torchrun.
If your script expects `--local-rank` argument to be set, please
change it to read from `os.environ['LOCAL_RANK']` instead. See 
https://pytorch.org/docs/stable/distributed.html#launch-utility for 
further instructions

  warnings.warn(
