GNU 13.2.0 is now loaded
Loading module for CUDA 11.8
CUDA 11.8 is now loaded
Loading module for Machine Learning 2024.01
Machine Learning 2024.01 is now loaded

Loading machine_learning/2024.01
  Loading requirement: gcc/13.2.0 cuda/11.8
Loading module for pytorch 2.0
pytorch 2.0 is now loaded
Epoch 0/99, Loss: 1.5554, Acc: 0.4676
Validation Acc: 0.5954
Epoch 1/99, Loss: 1.0714, Acc: 0.6092
Validation Acc: 0.5468
Epoch 2/99, Loss: 0.9230, Acc: 0.6575
Validation Acc: 0.5798
Epoch 3/99, Loss: 0.8313, Acc: 0.6884
Validation Acc: 0.5052
Epoch 4/99, Loss: 0.7646, Acc: 0.7126
Validation Acc: 0.6368
Epoch 5/99, Loss: 0.7224, Acc: 0.7268
Validation Acc: 0.6217
Epoch 6/99, Loss: 0.6745, Acc: 0.7449
Validation Acc: 0.6157
Epoch 7/99, Loss: 0.6414, Acc: 0.7551
Validation Acc: 0.6800
Epoch 8/99, Loss: 0.6081, Acc: 0.7686
Validation Acc: 0.6713
Epoch 9/99, Loss: 0.5764, Acc: 0.7796
Validation Acc: 0.6190
Epoch 10/99, Loss: 0.5481, Acc: 0.7916
Validation Acc: 0.7213
Epoch 11/99, Loss: 0.5220, Acc: 0.8006
Validation Acc: 0.4920
Epoch 12/99, Loss: 0.4888, Acc: 0.8134
Validation Acc: 0.6243
Epoch 13/99, Loss: 0.4669, Acc: 0.8208
Validation Acc: 0.6310
Epoch 14/99, Loss: 0.4436, Acc: 0.8305
Validation Acc: 0.7456
Epoch 15/99, Loss: 0.4152, Acc: 0.8417
Validation Acc: 0.6707
Epoch 16/99, Loss: 0.3949, Acc: 0.8473
Validation Acc: 0.6078
Epoch 17/99, Loss: 0.3740, Acc: 0.8568
Validation Acc: 0.7381
Epoch 18/99, Loss: 0.3585, Acc: 0.8639
Validation Acc: 0.7138
Epoch 19/99, Loss: 0.3365, Acc: 0.8724
Validation Acc: 0.7360
Epoch 20/99, Loss: 0.3224, Acc: 0.8790
Validation Acc: 0.6267
Epoch 21/99, Loss: 0.3017, Acc: 0.8857
Validation Acc: 0.6730
Epoch 22/99, Loss: 0.2863, Acc: 0.8918
Validation Acc: 0.6710
Epoch 23/99, Loss: 0.2768, Acc: 0.8959
Validation Acc: 0.7256
Epoch 24/99, Loss: 0.2617, Acc: 0.9030
Validation Acc: 0.7207
Epoch 25/99, Loss: 0.2471, Acc: 0.9066
Validation Acc: 0.7417
Epoch 26/99, Loss: 0.2364, Acc: 0.9116
Validation Acc: 0.7223
Epoch 27/99, Loss: 0.2224, Acc: 0.9174
Validation Acc: 0.7438
Epoch 28/99, Loss: 0.2173, Acc: 0.9195
Validation Acc: 0.7326
Epoch 29/99, Loss: 0.2098, Acc: 0.9226
Validation Acc: 0.7309
Epoch 30/99, Loss: 0.1972, Acc: 0.9279
Validation Acc: 0.7384
Epoch 31/99, Loss: 0.1917, Acc: 0.9298
Validation Acc: 0.6965
Epoch 32/99, Loss: 0.1870, Acc: 0.9317
Validation Acc: 0.6442
Epoch 33/99, Loss: 0.1770, Acc: 0.9351
Validation Acc: 0.7142
Epoch 34/99, Loss: 0.1730, Acc: 0.9364
Validation Acc: 0.6748
Epoch 35/99, Loss: 0.1589, Acc: 0.9415
Validation Acc: 0.7309
Epoch 36/99, Loss: 0.1606, Acc: 0.9415
Validation Acc: 0.7217
Epoch 37/99, Loss: 0.1562, Acc: 0.9429
Validation Acc: 0.6980
Epoch 38/99, Loss: 0.1521, Acc: 0.9449
Validation Acc: 0.6654
Epoch 39/99, Loss: 0.1443, Acc: 0.9472
Validation Acc: 0.7164
Epoch 40/99, Loss: 0.1394, Acc: 0.9494
Validation Acc: 0.7369
Epoch 41/99, Loss: 0.1326, Acc: 0.9525
Validation Acc: 0.6997
Epoch 42/99, Loss: 0.1392, Acc: 0.9500
Validation Acc: 0.7070
Epoch 43/99, Loss: 0.1315, Acc: 0.9523
Validation Acc: 0.6657
Epoch 44/99, Loss: 0.1258, Acc: 0.9549
Validation Acc: 0.6616
Epoch 45/99, Loss: 0.1244, Acc: 0.9552
Validation Acc: 0.7338
Epoch 46/99, Loss: 0.1199, Acc: 0.9573
Validation Acc: 0.7047
Epoch 47/99, Loss: 0.1184, Acc: 0.9578
Validation Acc: 0.6875
Epoch 48/99, Loss: 0.1183, Acc: 0.9574
Validation Acc: 0.7251
Epoch 49/99, Loss: 0.1123, Acc: 0.9601
Validation Acc: 0.7144
Epoch 50/99, Loss: 0.1094, Acc: 0.9607
Validation Acc: 0.7013
Epoch 51/99, Loss: 0.1083, Acc: 0.9612
Validation Acc: 0.7327
Epoch 52/99, Loss: 0.1064, Acc: 0.9629
Validation Acc: 0.6699
Epoch 53/99, Loss: 0.1050, Acc: 0.9623
Validation Acc: 0.7292
Epoch 54/99, Loss: 0.1038, Acc: 0.9634
Validation Acc: 0.6898
Epoch 55/99, Loss: 0.1026, Acc: 0.9639
Validation Acc: 0.6226
Epoch 56/99, Loss: 0.0979, Acc: 0.9657
Validation Acc: 0.7191
Epoch 57/99, Loss: 0.0967, Acc: 0.9656
Validation Acc: 0.6722
Epoch 58/99, Loss: 0.0939, Acc: 0.9667
Validation Acc: 0.7165
Epoch 59/99, Loss: 0.0989, Acc: 0.9654
Validation Acc: 0.7284
Epoch 60/99, Loss: 0.0894, Acc: 0.9681
Validation Acc: 0.7140
Epoch 61/99, Loss: 0.0944, Acc: 0.9672
Validation Acc: 0.7102
Epoch 62/99, Loss: 0.0883, Acc: 0.9685
Validation Acc: 0.7215
Epoch 63/99, Loss: 0.0886, Acc: 0.9688
Validation Acc: 0.7175
Epoch 64/99, Loss: 0.0888, Acc: 0.9687
Validation Acc: 0.6993
Epoch 65/99, Loss: 0.0858, Acc: 0.9701
Validation Acc: 0.7185
Epoch 66/99, Loss: 0.0819, Acc: 0.9722
Validation Acc: 0.7111
Epoch 67/99, Loss: 0.0790, Acc: 0.9724
Validation Acc: 0.7115
Epoch 68/99, Loss: 0.0831, Acc: 0.9705
Validation Acc: 0.7340
Epoch 69/99, Loss: 0.0842, Acc: 0.9701
Validation Acc: 0.7324
Epoch 70/99, Loss: 0.0769, Acc: 0.9734
Validation Acc: 0.7312
Epoch 71/99, Loss: 0.0821, Acc: 0.9711
Validation Acc: 0.6787
Epoch 72/99, Loss: 0.0781, Acc: 0.9728
Validation Acc: 0.7137
Epoch 73/99, Loss: 0.0738, Acc: 0.9734
Validation Acc: 0.6737
Epoch 74/99, Loss: 0.0806, Acc: 0.9727
Validation Acc: 0.6798
Epoch 75/99, Loss: 0.0724, Acc: 0.9755
Validation Acc: 0.6824
Epoch 76/99, Loss: 0.0711, Acc: 0.9752
Validation Acc: 0.7118
Epoch 77/99, Loss: 0.0784, Acc: 0.9728
Validation Acc: 0.6691
Epoch 78/99, Loss: 0.0656, Acc: 0.9774
Validation Acc: 0.6956
Epoch 79/99, Loss: 0.0706, Acc: 0.9751
Validation Acc: 0.7154
Epoch 80/99, Loss: 0.0713, Acc: 0.9754
Validation Acc: 0.7303
Epoch 81/99, Loss: 0.0683, Acc: 0.9764
Validation Acc: 0.6285
Epoch 82/99, Loss: 0.0695, Acc: 0.9748
Validation Acc: 0.7238
Epoch 83/99, Loss: 0.0635, Acc: 0.9781
Validation Acc: 0.7303
Epoch 84/99, Loss: 0.0708, Acc: 0.9754
Validation Acc: 0.7397
Epoch 85/99, Loss: 0.0641, Acc: 0.9772
Validation Acc: 0.7163
Epoch 86/99, Loss: 0.0626, Acc: 0.9777
Validation Acc: 0.7214
Epoch 87/99, Loss: 0.0662, Acc: 0.9778
Validation Acc: 0.7366
Epoch 88/99, Loss: 0.0676, Acc: 0.9768
Validation Acc: 0.7241
Epoch 89/99, Loss: 0.0635, Acc: 0.9786
Validation Acc: 0.7359
Epoch 90/99, Loss: 0.0604, Acc: 0.9791
Validation Acc: 0.7165
Epoch 91/99, Loss: 0.0648, Acc: 0.9780
Validation Acc: 0.6663
Epoch 92/99, Loss: 0.0596, Acc: 0.9798
Validation Acc: 0.7212
Epoch 93/99, Loss: 0.0630, Acc: 0.9782
Validation Acc: 0.7197
Epoch 94/99, Loss: 0.0566, Acc: 0.9802
Validation Acc: 0.7269
Epoch 95/99, Loss: 0.0598, Acc: 0.9789
Validation Acc: 0.7330
Epoch 96/99, Loss: 0.0601, Acc: 0.9793
Validation Acc: 0.7298
Epoch 97/99, Loss: 0.0590, Acc: 0.9791
Validation Acc: 0.7135
Epoch 98/99, Loss: 0.0566, Acc: 0.9805
Validation Acc: 0.7262
Epoch 99/99, Loss: 0.0573, Acc: 0.9798
Validation Acc: 0.7321
Best Validation Accuracy: 0.7456
Accuracy: 0.7428
Precision: 0.7409
Recall: 0.7428
F1-Score: 0.7396
Confusion Matrix:
[[333   0   0 ...   0   0   0]
 [  0 341   0 ...   1   0   2]
 [  2   0 671 ...   0   0   0]
 ...
 [  0   1   0 ... 537   0  19]
 [  0   0   0 ...   0 488   1]
 [  0   1   0 ...  30   0 222]]
/sw/rl9g/pytorch-2.0/conda3env/env/lib/python3.8/site-packages/torch/distributed/launch.py:181: FutureWarning: The module torch.distributed.launch is deprecated
and will be removed in future. Use torchrun.
Note that --use-env is set by default in torchrun.
If your script expects `--local-rank` argument to be set, please
change it to read from `os.environ['LOCAL_RANK']` instead. See 
https://pytorch.org/docs/stable/distributed.html#launch-utility for 
further instructions

  warnings.warn(
