GNU 13.2.0 is now loaded
Loading module for CUDA 11.8
CUDA 11.8 is now loaded
Loading module for Machine Learning 2024.01
Machine Learning 2024.01 is now loaded

Loading machine_learning/2024.01
  Loading requirement: gcc/13.2.0 cuda/11.8
Loading module for pytorch 2.0
pytorch 2.0 is now loaded
Epoch 0/99, Loss: 1.5393, Acc: 0.4713
Validation Acc: 0.4792
Epoch 1/99, Loss: 1.0690, Acc: 0.6115
Validation Acc: 0.4472
Epoch 2/99, Loss: 0.9185, Acc: 0.6598
Validation Acc: 0.5932
Epoch 3/99, Loss: 0.8299, Acc: 0.6916
Validation Acc: 0.6718
Epoch 4/99, Loss: 0.7697, Acc: 0.7116
Validation Acc: 0.4234
Epoch 5/99, Loss: 0.7180, Acc: 0.7280
Validation Acc: 0.6408
Epoch 6/99, Loss: 0.6826, Acc: 0.7422
Validation Acc: 0.6552
Epoch 7/99, Loss: 0.6454, Acc: 0.7549
Validation Acc: 0.6234
Epoch 8/99, Loss: 0.6150, Acc: 0.7651
Validation Acc: 0.7140
Epoch 9/99, Loss: 0.5854, Acc: 0.7771
Validation Acc: 0.6658
Epoch 10/99, Loss: 0.5504, Acc: 0.7915
Validation Acc: 0.6674
Epoch 11/99, Loss: 0.5290, Acc: 0.7979
Validation Acc: 0.6983
Epoch 12/99, Loss: 0.5047, Acc: 0.8068
Validation Acc: 0.7377
Epoch 13/99, Loss: 0.4748, Acc: 0.8185
Validation Acc: 0.7148
Epoch 14/99, Loss: 0.4549, Acc: 0.8285
Validation Acc: 0.7067
Epoch 15/99, Loss: 0.4321, Acc: 0.8330
Validation Acc: 0.5230
Epoch 16/99, Loss: 0.4047, Acc: 0.8454
Validation Acc: 0.6961
Epoch 17/99, Loss: 0.3840, Acc: 0.8552
Validation Acc: 0.6685
Epoch 18/99, Loss: 0.3747, Acc: 0.8580
Validation Acc: 0.7495
Epoch 19/99, Loss: 0.3468, Acc: 0.8668
Validation Acc: 0.7397
Epoch 20/99, Loss: 0.3327, Acc: 0.8741
Validation Acc: 0.6962
Epoch 21/99, Loss: 0.3098, Acc: 0.8826
Validation Acc: 0.7222
Epoch 22/99, Loss: 0.3046, Acc: 0.8857
Validation Acc: 0.7033
Epoch 23/99, Loss: 0.2829, Acc: 0.8929
Validation Acc: 0.7124
Epoch 24/99, Loss: 0.2709, Acc: 0.8980
Validation Acc: 0.6687
Epoch 25/99, Loss: 0.2516, Acc: 0.9059
Validation Acc: 0.6615
Epoch 26/99, Loss: 0.2388, Acc: 0.9108
Validation Acc: 0.6952
Epoch 27/99, Loss: 0.2335, Acc: 0.9127
Validation Acc: 0.7449
Epoch 28/99, Loss: 0.2184, Acc: 0.9178
Validation Acc: 0.7160
Epoch 29/99, Loss: 0.2088, Acc: 0.9236
Validation Acc: 0.7009
Epoch 30/99, Loss: 0.2031, Acc: 0.9257
Validation Acc: 0.6950
Epoch 31/99, Loss: 0.1926, Acc: 0.9301
Validation Acc: 0.7319
Epoch 32/99, Loss: 0.1878, Acc: 0.9311
Validation Acc: 0.7134
Epoch 33/99, Loss: 0.1829, Acc: 0.9331
Validation Acc: 0.6965
Epoch 34/99, Loss: 0.1797, Acc: 0.9341
Validation Acc: 0.7267
Epoch 35/99, Loss: 0.1633, Acc: 0.9409
Validation Acc: 0.6686
Epoch 36/99, Loss: 0.1643, Acc: 0.9398
Validation Acc: 0.7140
Epoch 37/99, Loss: 0.1543, Acc: 0.9435
Validation Acc: 0.7286
Epoch 38/99, Loss: 0.1536, Acc: 0.9440
Validation Acc: 0.7230
Epoch 39/99, Loss: 0.1483, Acc: 0.9465
Validation Acc: 0.6486
Epoch 40/99, Loss: 0.1465, Acc: 0.9475
Validation Acc: 0.6856
Epoch 41/99, Loss: 0.1424, Acc: 0.9486
Validation Acc: 0.6256
Epoch 42/99, Loss: 0.1369, Acc: 0.9513
Validation Acc: 0.7066
Epoch 43/99, Loss: 0.1297, Acc: 0.9536
Validation Acc: 0.6836
Epoch 44/99, Loss: 0.1285, Acc: 0.9550
Validation Acc: 0.7416
Epoch 45/99, Loss: 0.1230, Acc: 0.9549
Validation Acc: 0.7285
Epoch 46/99, Loss: 0.1241, Acc: 0.9565
Validation Acc: 0.6965
Epoch 47/99, Loss: 0.1223, Acc: 0.9559
Validation Acc: 0.7332
Epoch 48/99, Loss: 0.1193, Acc: 0.9564
Validation Acc: 0.7237
Epoch 49/99, Loss: 0.1139, Acc: 0.9596
Validation Acc: 0.6860
Epoch 50/99, Loss: 0.1129, Acc: 0.9594
Validation Acc: 0.7259
Epoch 51/99, Loss: 0.1091, Acc: 0.9608
Validation Acc: 0.7091
Epoch 52/99, Loss: 0.1136, Acc: 0.9600
Validation Acc: 0.6899
Epoch 53/99, Loss: 0.1094, Acc: 0.9611
Validation Acc: 0.7105
Epoch 54/99, Loss: 0.1059, Acc: 0.9633
Validation Acc: 0.7254
Epoch 55/99, Loss: 0.1054, Acc: 0.9637
Validation Acc: 0.6983
Epoch 56/99, Loss: 0.1011, Acc: 0.9647
Validation Acc: 0.7368
Epoch 57/99, Loss: 0.0999, Acc: 0.9644
Validation Acc: 0.7247
Epoch 58/99, Loss: 0.1040, Acc: 0.9633
Validation Acc: 0.6889
Epoch 59/99, Loss: 0.0927, Acc: 0.9673
Validation Acc: 0.7065
Epoch 60/99, Loss: 0.0900, Acc: 0.9684
Validation Acc: 0.7196
Epoch 61/99, Loss: 0.0937, Acc: 0.9665
Validation Acc: 0.7215
Epoch 62/99, Loss: 0.0962, Acc: 0.9665
Validation Acc: 0.7261
Epoch 63/99, Loss: 0.0857, Acc: 0.9697
Validation Acc: 0.7268
Epoch 64/99, Loss: 0.0936, Acc: 0.9672
Validation Acc: 0.7021
Epoch 65/99, Loss: 0.0879, Acc: 0.9690
Validation Acc: 0.7144
Epoch 66/99, Loss: 0.0883, Acc: 0.9694
Validation Acc: 0.7188
Epoch 67/99, Loss: 0.0842, Acc: 0.9702
Validation Acc: 0.7176
Epoch 68/99, Loss: 0.0822, Acc: 0.9707
Validation Acc: 0.7154
Epoch 69/99, Loss: 0.0817, Acc: 0.9710
Validation Acc: 0.7366
Epoch 70/99, Loss: 0.0770, Acc: 0.9733
Validation Acc: 0.6893
Epoch 71/99, Loss: 0.0776, Acc: 0.9723
Validation Acc: 0.7342
Epoch 72/99, Loss: 0.0813, Acc: 0.9720
Validation Acc: 0.6880
Epoch 73/99, Loss: 0.0763, Acc: 0.9736
Validation Acc: 0.7383
Epoch 74/99, Loss: 0.0742, Acc: 0.9744
Validation Acc: 0.7216
Epoch 75/99, Loss: 0.0731, Acc: 0.9752
Validation Acc: 0.7355
Epoch 76/99, Loss: 0.0752, Acc: 0.9738
Validation Acc: 0.7292
Epoch 77/99, Loss: 0.0692, Acc: 0.9752
Validation Acc: 0.7341
Epoch 78/99, Loss: 0.0730, Acc: 0.9740
Validation Acc: 0.7232
Epoch 79/99, Loss: 0.0733, Acc: 0.9752
Validation Acc: 0.7379
Epoch 80/99, Loss: 0.0722, Acc: 0.9751
Validation Acc: 0.7210
Epoch 81/99, Loss: 0.0718, Acc: 0.9738
Validation Acc: 0.7411
Epoch 82/99, Loss: 0.0683, Acc: 0.9763
Validation Acc: 0.7074
Epoch 83/99, Loss: 0.0678, Acc: 0.9761
Validation Acc: 0.7258
Epoch 84/99, Loss: 0.0682, Acc: 0.9766
Validation Acc: 0.7436
Epoch 85/99, Loss: 0.0709, Acc: 0.9753
Validation Acc: 0.7353
Epoch 86/99, Loss: 0.0671, Acc: 0.9767
Validation Acc: 0.7086
Epoch 87/99, Loss: 0.0679, Acc: 0.9768
Validation Acc: 0.7175
Epoch 88/99, Loss: 0.0634, Acc: 0.9780
Validation Acc: 0.6575
Epoch 89/99, Loss: 0.0636, Acc: 0.9782
Validation Acc: 0.7272
Epoch 90/99, Loss: 0.0618, Acc: 0.9786
Validation Acc: 0.7379
Epoch 91/99, Loss: 0.0603, Acc: 0.9783
Validation Acc: 0.7274
Epoch 92/99, Loss: 0.0604, Acc: 0.9787
Validation Acc: 0.7314
Epoch 93/99, Loss: 0.0604, Acc: 0.9794
Validation Acc: 0.7271
Epoch 94/99, Loss: 0.0588, Acc: 0.9790
Validation Acc: 0.7242
Epoch 95/99, Loss: 0.0660, Acc: 0.9773
Validation Acc: 0.6972
Epoch 96/99, Loss: 0.0536, Acc: 0.9811
Validation Acc: 0.7182
Epoch 97/99, Loss: 0.0634, Acc: 0.9782
Validation Acc: 0.7304
Epoch 98/99, Loss: 0.0520, Acc: 0.9820
Validation Acc: 0.7301
Epoch 99/99, Loss: 0.0619, Acc: 0.9789
Validation Acc: 0.7354
Best Validation Accuracy: 0.7495
Accuracy: 0.7428
Precision: 0.7409
Recall: 0.7428
F1-Score: 0.7396
Confusion Matrix:
[[333   0   0 ...   0   0   0]
 [  0 341   0 ...   1   0   2]
 [  2   0 671 ...   0   0   0]
 ...
 [  0   1   0 ... 537   0  19]
 [  0   0   0 ...   0 488   1]
 [  0   1   0 ...  30   0 222]]
/sw/rl9g/pytorch-2.0/conda3env/env/lib/python3.8/site-packages/torch/distributed/launch.py:181: FutureWarning: The module torch.distributed.launch is deprecated
and will be removed in future. Use torchrun.
Note that --use-env is set by default in torchrun.
If your script expects `--local-rank` argument to be set, please
change it to read from `os.environ['LOCAL_RANK']` instead. See 
https://pytorch.org/docs/stable/distributed.html#launch-utility for 
further instructions

  warnings.warn(
