GNU 13.2.0 is now loaded
Loading module for CUDA 11.8
CUDA 11.8 is now loaded
Loading module for Machine Learning 2024.01
Machine Learning 2024.01 is now loaded

Loading machine_learning/2024.01
  Loading requirement: gcc/13.2.0 cuda/11.8
Loading module for pytorch 2.0
pytorch 2.0 is now loaded
Target: X20
Imposters: ['X11', 'X13', 'X14', 'X15', 'X17', 'X2', 'X21', 'X23', 'X25', 'X26', 'X27', 'X30', 'X31', 'X33', 'X34', 'X35', 'X36', 'X38', 'X39', 'X4', 'X40', 'X41', 'X42', 'X43', 'X44', 'X45', 'X46', 'X47', 'X48', 'X49', 'X5', 'X50', 'X51', 'X6', 'X7', 'X8']
Dataset mean: 0.1799, std: 0.7614
Epoch [1/30] - SupCon Loss: 4.0507
Epoch [2/30] - SupCon Loss: 4.0277
Epoch [3/30] - SupCon Loss: 4.0266
Epoch [4/30] - SupCon Loss: 4.0259
Epoch [5/30] - SupCon Loss: 4.0304
Epoch [6/30] - SupCon Loss: 4.0251
Epoch [7/30] - SupCon Loss: 4.0257
Epoch [8/30] - SupCon Loss: 4.0255
Epoch [9/30] - SupCon Loss: 4.0256
Epoch [10/30] - SupCon Loss: 4.0241
Epoch [11/30] - SupCon Loss: 4.0238
Epoch [12/30] - SupCon Loss: 4.0231
Epoch [13/30] - SupCon Loss: 4.0247
Epoch [14/30] - SupCon Loss: 4.0243
Epoch [15/30] - SupCon Loss: 4.0232
Epoch [16/30] - SupCon Loss: 4.0239
Epoch [17/30] - SupCon Loss: 4.0242
Epoch [18/30] - SupCon Loss: 4.0246
Epoch [19/30] - SupCon Loss: 4.0239
Epoch [20/30] - SupCon Loss: 4.0234
Epoch [21/30] - SupCon Loss: 4.0238
Epoch [22/30] - SupCon Loss: 4.0238
Epoch [23/30] - SupCon Loss: 4.0240
Epoch [24/30] - SupCon Loss: 4.0238
Epoch [25/30] - SupCon Loss: 4.0240
Epoch [26/30] - SupCon Loss: 4.0235
Epoch [27/30] - SupCon Loss: 4.0235
Epoch [28/30] - SupCon Loss: 4.0237
Epoch [29/30] - SupCon Loss: 4.0240
Epoch [30/30] - SupCon Loss: 4.0238
Class counts: [1521, 54039]
Epoch 1/15, Loss: 0.0057
F1 Score: 1.0000
Epoch 2/15, Loss: 0.0045
F1 Score: 1.0000
Epoch 3/15, Loss: 0.0062
F1 Score: 1.0000
Epoch 4/15, Loss: 0.0037
F1 Score: 1.0000
Epoch 5/15, Loss: 0.0051
F1 Score: 1.0000
Epoch 6/15, Loss: 0.0056
F1 Score: 1.0000
Epoch 7/15, Loss: 0.0051
F1 Score: 0.9360
Epoch 8/15, Loss: 0.0038
F1 Score: 1.0000
Epoch 9/15, Loss: 0.0055
F1 Score: 1.0000
Epoch 10/15, Loss: 0.0040
F1 Score: 1.0000
Epoch 11/15, Loss: 0.0021
F1 Score: 1.0000
Epoch 12/15, Loss: 0.0033
F1 Score: 1.0000
Epoch 13/15, Loss: 0.0047
F1 Score: 1.0000
Epoch 14/15, Loss: 0.0054
F1 Score: 1.0000
Epoch 15/15, Loss: 0.0030
F1 Score: 1.0000
Validation Performance:
F1 Score: 1.0000
Test Performance:
F1 Score: 0.9998
/sw/rl9g/pytorch-2.0/conda3env/env/lib/python3.8/site-packages/torch/distributed/launch.py:181: FutureWarning: The module torch.distributed.launch is deprecated
and will be removed in future. Use torchrun.
Note that --use-env is set by default in torchrun.
If your script expects `--local-rank` argument to be set, please
change it to read from `os.environ['LOCAL_RANK']` instead. See 
https://pytorch.org/docs/stable/distributed.html#launch-utility for 
further instructions

  warnings.warn(
