GNU 13.2.0 is now loaded
Loading module for CUDA 11.8
CUDA 11.8 is now loaded
Loading module for Machine Learning 2024.01
Machine Learning 2024.01 is now loaded

Loading machine_learning/2024.01
  Loading requirement: gcc/13.2.0 cuda/11.8
Loading module for pytorch 2.0
pytorch 2.0 is now loaded
Target: X20
Imposters: ['X11', 'X13', 'X14', 'X15', 'X17', 'X2', 'X21', 'X23', 'X25', 'X26', 'X27', 'X30', 'X31', 'X33', 'X34', 'X35', 'X36', 'X38', 'X39', 'X4', 'X40', 'X41', 'X42', 'X43', 'X44', 'X45', 'X46', 'X47', 'X48', 'X49', 'X5', 'X50', 'X51', 'X6', 'X7', 'X8']
Dataset mean: 0.1799, std: 0.7614
Epoch [1/30] - SupCon Loss: 4.0460
Epoch [2/30] - SupCon Loss: 4.0307
Epoch [3/30] - SupCon Loss: 4.0275
Epoch [4/30] - SupCon Loss: 4.0247
Epoch [5/30] - SupCon Loss: 4.0249
Epoch [6/30] - SupCon Loss: 4.0261
Epoch [7/30] - SupCon Loss: 4.0254
Epoch [8/30] - SupCon Loss: 4.0251
Epoch [9/30] - SupCon Loss: 4.0241
Epoch [10/30] - SupCon Loss: 4.0245
Epoch [11/30] - SupCon Loss: 4.0285
Epoch [12/30] - SupCon Loss: 4.0231
Epoch [13/30] - SupCon Loss: 4.0241
Epoch [14/30] - SupCon Loss: 4.0242
Epoch [15/30] - SupCon Loss: 4.0252
Epoch [16/30] - SupCon Loss: 4.0235
Epoch [17/30] - SupCon Loss: 4.0246
Epoch [18/30] - SupCon Loss: 4.0242
Epoch [19/30] - SupCon Loss: 4.0223
Epoch [20/30] - SupCon Loss: 4.0248
Epoch [21/30] - SupCon Loss: 4.0253
Epoch [22/30] - SupCon Loss: 4.0234
Epoch [23/30] - SupCon Loss: 4.0244
Epoch [24/30] - SupCon Loss: 4.0243
Epoch [25/30] - SupCon Loss: 4.0229
Epoch [26/30] - SupCon Loss: 4.0251
Epoch [27/30] - SupCon Loss: 4.0230
Epoch [28/30] - SupCon Loss: 4.0226
Epoch [29/30] - SupCon Loss: 4.0237
Epoch [30/30] - SupCon Loss: 4.0240
Class counts: [1521, 54039]
Epoch 1/15, Loss: 0.0049
F1 Score: 1.0000
Epoch 2/15, Loss: 0.0025
F1 Score: 1.0000
Epoch 3/15, Loss: 0.0020
F1 Score: 1.0000
Epoch 4/15, Loss: 0.0022
F1 Score: 1.0000
Epoch 5/15, Loss: 0.0043
F1 Score: 1.0000
Epoch 6/15, Loss: 0.0029
F1 Score: 1.0000
Epoch 7/15, Loss: 0.0041
F1 Score: 1.0000
Epoch 8/15, Loss: 0.0027
F1 Score: 1.0000
Epoch 9/15, Loss: 0.0020
F1 Score: 1.0000
Epoch 10/15, Loss: 0.0039
F1 Score: 1.0000
Epoch 11/15, Loss: 0.0044
F1 Score: 1.0000
Epoch 12/15, Loss: 0.0026
F1 Score: 1.0000
Epoch 13/15, Loss: 0.0037
F1 Score: 1.0000
Epoch 14/15, Loss: 0.0016
F1 Score: 1.0000
Epoch 15/15, Loss: 0.0019
F1 Score: 1.0000
Validation Performance:
F1 Score: 1.0000
Test Performance:
F1 Score: 1.0000
/sw/rl9g/pytorch-2.0/conda3env/env/lib/python3.8/site-packages/torch/distributed/launch.py:181: FutureWarning: The module torch.distributed.launch is deprecated
and will be removed in future. Use torchrun.
Note that --use-env is set by default in torchrun.
If your script expects `--local-rank` argument to be set, please
change it to read from `os.environ['LOCAL_RANK']` instead. See 
https://pytorch.org/docs/stable/distributed.html#launch-utility for 
further instructions

  warnings.warn(
